{"C:\\Users\\balca\\OneDrive\\Documentos\\GitHub\\CobriXS-v_2\\src\\App.tsx": {"path":"C:\\Users\\balca\\OneDrive\\Documentos\\GitHub\\CobriXS-v_2\\src\\App.tsx","statementMap":{"0":{"start":{"line":3,"column":2},"end":{"line":10,"column":4}},"1":{"start":{"line":13,"column":0},"end":{"line":13,"column":null}}},"fnMap":{"0":{"name":"App","decl":{"start":{"line":2,"column":9},"end":{"line":2,"column":12}},"loc":{"start":{"line":2,"column":12},"end":{"line":11,"column":1}}}},"branchMap":{},"s":{"0":0,"1":0},"f":{"0":0},"b":{}}
,"C:\\Users\\balca\\OneDrive\\Documentos\\GitHub\\CobriXS-v_2\\src\\router.tsx": {"path":"C:\\Users\\balca\\OneDrive\\Documentos\\GitHub\\CobriXS-v_2\\src\\router.tsx","statementMap":{"0":{"start":{"line":1,"column":0},"end":{"line":1,"column":55}},"1":{"start":{"line":3,"column":0},"end":{"line":3,"column":42}},"2":{"start":{"line":4,"column":0},"end":{"line":4,"column":55}},"3":{"start":{"line":5,"column":0},"end":{"line":5,"column":34}},"4":{"start":{"line":6,"column":0},"end":{"line":6,"column":40}},"5":{"start":{"line":7,"column":0},"end":{"line":7,"column":42}},"6":{"start":{"line":8,"column":0},"end":{"line":8,"column":38}},"7":{"start":{"line":9,"column":0},"end":{"line":9,"column":56}},"8":{"start":{"line":10,"column":0},"end":{"line":10,"column":38}},"9":{"start":{"line":11,"column":0},"end":{"line":11,"column":34}},"10":{"start":{"line":12,"column":0},"end":{"line":12,"column":40}},"11":{"start":{"line":13,"column":0},"end":{"line":13,"column":40}},"12":{"start":{"line":15,"column":0},"end":{"line":15,"column":57}},"13":{"start":{"line":17,"column":13},"end":{"line":86,"column":3}}},"fnMap":{},"branchMap":{},"s":{"0":0,"1":0,"2":0,"3":0,"4":0,"5":0,"6":0,"7":0,"8":0,"9":0,"10":0,"11":0,"12":0,"13":0},"f":{},"b":{}}
,"C:\\Users\\balca\\OneDrive\\Documentos\\GitHub\\CobriXS-v_2\\src\\components\\PageHeader.tsx": {"path":"C:\\Users\\balca\\OneDrive\\Documentos\\GitHub\\CobriXS-v_2\\src\\components\\PageHeader.tsx","statementMap":{"0":{"start":{"line":9,"column":0},"end":{"line":9,"column":24}},"1":{"start":{"line":1,"column":0},"end":{"line":1,"column":40}},"2":{"start":{"line":10,"column":2},"end":{"line":30,"column":4}},"3":{"start":{"line":16,"column":14},"end":{"line":17,"column":null}}},"fnMap":{"0":{"name":"PageHeader","decl":{"start":{"line":9,"column":24},"end":{"line":9,"column":34}},"loc":{"start":{"line":9,"column":83},"end":{"line":31,"column":1}}},"1":{"name":"(anonymous_1)","decl":{"start":{"line":15,"column":28},"end":{"line":15,"column":29}},"loc":{"start":{"line":16,"column":14},"end":{"line":17,"column":null}}}},"branchMap":{"0":{"loc":{"start":{"line":12,"column":7},"end":{"line":25,"column":null}},"type":"binary-expr","locations":[{"start":{"line":12,"column":7},"end":{"line":12,"column":17}},{"start":{"line":12,"column":21},"end":{"line":12,"column":42}},{"start":{"line":13,"column":8},"end":{"line":24,"column":null}}]},"1":{"loc":{"start":{"line":18,"column":46},"end":{"line":18,"column":89}},"type":"cond-expr","locations":[{"start":{"line":18,"column":76},"end":{"line":18,"column":84}},{"start":{"line":18,"column":87},"end":{"line":18,"column":89}}]},"2":{"loc":{"start":{"line":19,"column":30},"end":{"line":19,"column":78}},"type":"cond-expr","locations":[{"start":{"line":19,"column":60},"end":{"line":19,"column":66}},{"start":{"line":19,"column":69},"end":{"line":19,"column":78}}]},"3":{"loc":{"start":{"line":21,"column":17},"end":{"line":21,"column":78}},"type":"cond-expr","locations":[{"start":{"line":21,"column":27},"end":{"line":21,"column":65}},{"start":{"line":21,"column":68},"end":{"line":21,"column":78}}]},"4":{"loc":{"start":{"line":28,"column":7},"end":{"line":28,"column":62}},"type":"binary-expr","locations":[{"start":{"line":28,"column":7},"end":{"line":28,"column":15}},{"start":{"line":28,"column":19},"end":{"line":28,"column":62}}]}},"s":{"0":0,"1":0,"2":0,"3":0},"f":{"0":0,"1":0},"b":{"0":[0,0,0],"1":[0,0],"2":[0,0],"3":[0,0],"4":[0,0]}}
,"C:\\Users\\balca\\OneDrive\\Documentos\\GitHub\\CobriXS-v_2\\src\\components\\ProtectedRoute.tsx": {"path":"C:\\Users\\balca\\OneDrive\\Documentos\\GitHub\\CobriXS-v_2\\src\\components\\ProtectedRoute.tsx","statementMap":{"0":{"start":{"line":10,"column":0},"end":{"line":10,"column":24}},"1":{"start":{"line":1,"column":0},"end":{"line":1,"column":44}},"2":{"start":{"line":2,"column":0},"end":{"line":2,"column":44}},"3":{"start":{"line":3,"column":0},"end":{"line":3,"column":43}},"4":{"start":{"line":12,"column":32},"end":{"line":12,"column":46}},"5":{"start":{"line":13,"column":38},"end":{"line":13,"column":53}},"6":{"start":{"line":15,"column":2},"end":{"line":76,"column":13}},"7":{"start":{"line":17,"column":22},"end":{"line":72,"column":5}},"8":{"start":{"line":19,"column":6},"end":{"line":70,"column":7}},"9":{"start":{"line":22,"column":38},"end":{"line":22,"column":70}},"10":{"start":{"line":24,"column":24},"end":{"line":24,"column":43}},"11":{"start":{"line":27,"column":8},"end":{"line":31,"column":9}},"12":{"start":{"line":28,"column":10},"end":{"line":28,"column":31}},"13":{"start":{"line":29,"column":10},"end":{"line":29,"column":28}},"14":{"start":{"line":30,"column":10},"end":{"line":30,"column":17}},"15":{"start":{"line":33,"column":21},"end":{"line":33,"column":33}},"16":{"start":{"line":36,"column":8},"end":{"line":40,"column":9}},"17":{"start":{"line":37,"column":10},"end":{"line":37,"column":30}},"18":{"start":{"line":38,"column":10},"end":{"line":38,"column":28}},"19":{"start":{"line":39,"column":10},"end":{"line":39,"column":17}},"20":{"start":{"line":43,"column":41},"end":{"line":47,"column":19}},"21":{"start":{"line":49,"column":8},"end":{"line":53,"column":9}},"22":{"start":{"line":50,"column":10},"end":{"line":50,"column":31}},"23":{"start":{"line":51,"column":10},"end":{"line":51,"column":28}},"24":{"start":{"line":52,"column":10},"end":{"line":52,"column":17}},"25":{"start":{"line":56,"column":8},"end":{"line":60,"column":9}},"26":{"start":{"line":57,"column":10},"end":{"line":57,"column":30}},"27":{"start":{"line":59,"column":10},"end":{"line":59,"column":31}},"28":{"start":{"line":62,"column":8},"end":{"line":62,"column":26}},"29":{"start":{"line":66,"column":8},"end":{"line":66,"column":56}},"30":{"start":{"line":67,"column":8},"end":{"line":67,"column":29}},"31":{"start":{"line":68,"column":8},"end":{"line":68,"column":26}},"32":{"start":{"line":74,"column":4},"end":{"line":74,"column":16}},"33":{"start":{"line":79,"column":2},"end":{"line":85,"column":3}},"34":{"start":{"line":80,"column":4},"end":{"line":84,"column":6}},"35":{"start":{"line":88,"column":2},"end":{"line":90,"column":3}},"36":{"start":{"line":89,"column":4},"end":{"line":89,"column":44}},"37":{"start":{"line":93,"column":2},"end":{"line":93,"column":25}}},"fnMap":{"0":{"name":"ProtectedRoute","decl":{"start":{"line":10,"column":24},"end":{"line":10,"column":38}},"loc":{"start":{"line":10,"column":64},"end":{"line":94,"column":1}}},"1":{"name":"(anonymous_1)","decl":{"start":{"line":15,"column":12},"end":{"line":15,"column":15}},"loc":{"start":{"line":15,"column":17},"end":{"line":76,"column":3}}},"2":{"name":"(anonymous_2)","decl":{"start":{"line":17,"column":22},"end":{"line":17,"column":27}},"loc":{"start":{"line":17,"column":33},"end":{"line":72,"column":5}}}},"branchMap":{"0":{"loc":{"start":{"line":27,"column":8},"end":{"line":31,"column":9}},"type":"if","locations":[{"start":{"line":27,"column":8},"end":{"line":31,"column":9}},{"start":{},"end":{}}]},"1":{"loc":{"start":{"line":36,"column":8},"end":{"line":40,"column":9}},"type":"if","locations":[{"start":{"line":36,"column":8},"end":{"line":40,"column":9}},{"start":{},"end":{}}]},"2":{"loc":{"start":{"line":49,"column":8},"end":{"line":53,"column":9}},"type":"if","locations":[{"start":{"line":49,"column":8},"end":{"line":53,"column":9}},{"start":{},"end":{}}]},"3":{"loc":{"start":{"line":49,"column":12},"end":{"line":49,"column":29}},"type":"binary-expr","locations":[{"start":{"line":49,"column":12},"end":{"line":49,"column":17}},{"start":{"line":49,"column":21},"end":{"line":49,"column":29}}]},"4":{"loc":{"start":{"line":56,"column":8},"end":{"line":60,"column":9}},"type":"if","locations":[{"start":{"line":56,"column":8},"end":{"line":60,"column":9}},{"start":{"line":58,"column":15},"end":{"line":60,"column":9}}]},"5":{"loc":{"start":{"line":79,"column":2},"end":{"line":85,"column":3}},"type":"if","locations":[{"start":{"line":79,"column":2},"end":{"line":85,"column":3}},{"start":{},"end":{}}]},"6":{"loc":{"start":{"line":88,"column":2},"end":{"line":90,"column":3}},"type":"if","locations":[{"start":{"line":88,"column":2},"end":{"line":90,"column":3}},{"start":{},"end":{}}]}},"s":{"0":0,"1":0,"2":0,"3":0,"4":0,"5":0,"6":0,"7":0,"8":0,"9":0,"10":0,"11":0,"12":0,"13":0,"14":0,"15":0,"16":0,"17":0,"18":0,"19":0,"20":0,"21":0,"22":0,"23":0,"24":0,"25":0,"26":0,"27":0,"28":0,"29":0,"30":0,"31":0,"32":0,"33":0,"34":0,"35":0,"36":0,"37":0},"f":{"0":0,"1":0,"2":0},"b":{"0":[0,0],"1":[0,0],"2":[0,0],"3":[0,0],"4":[0,0],"5":[0,0],"6":[0,0]}}
,"C:\\Users\\balca\\OneDrive\\Documentos\\GitHub\\CobriXS-v_2\\src\\context\\SettingsContext.tsx": {"path":"C:\\Users\\balca\\OneDrive\\Documentos\\GitHub\\CobriXS-v_2\\src\\context\\SettingsContext.tsx","statementMap":{"0":{"start":{"line":23,"column":0},"end":{"line":23,"column":16}},"1":{"start":{"line":61,"column":0},"end":{"line":61,"column":16}},"2":{"start":{"line":2,"column":0},"end":{"line":2,"column":71}},"3":{"start":{"line":4,"column":0},"end":{"line":4,"column":32}},"4":{"start":{"line":5,"column":0},"end":{"line":5,"column":32}},"5":{"start":{"line":19,"column":24},"end":{"line":19,"column":71}},"6":{"start":{"line":21,"column":53},"end":{"line":21,"column":63}},"7":{"start":{"line":24,"column":39},"end":{"line":25,"column":null}},"8":{"start":{"line":25,"column":11},"end":{"line":25,"column":64}},"9":{"start":{"line":27,"column":39},"end":{"line":28,"column":null}},"10":{"start":{"line":28,"column":11},"end":{"line":28,"column":64}},"11":{"start":{"line":31,"column":2},"end":{"line":34,"column":17}},"12":{"start":{"line":32,"column":4},"end":{"line":32,"column":83}},"13":{"start":{"line":33,"column":4},"end":{"line":33,"column":57}},"14":{"start":{"line":36,"column":22},"end":{"line":39,"column":3}},"15":{"start":{"line":37,"column":4},"end":{"line":37,"column":27}},"16":{"start":{"line":38,"column":4},"end":{"line":38,"column":43}},"17":{"start":{"line":41,"column":22},"end":{"line":44,"column":3}},"18":{"start":{"line":42,"column":4},"end":{"line":42,"column":27}},"19":{"start":{"line":43,"column":4},"end":{"line":43,"column":43}},"20":{"start":{"line":46,"column":2},"end":{"line":58,"column":4}},"21":{"start":{"line":62,"column":14},"end":{"line":62,"column":41}},"22":{"start":{"line":63,"column":2},"end":{"line":63,"column":80}},"23":{"start":{"line":63,"column":12},"end":{"line":63,"column":80}},"24":{"start":{"line":64,"column":2},"end":{"line":64,"column":13}}},"fnMap":{"0":{"name":"SettingsProvider","decl":{"start":{"line":23,"column":16},"end":{"line":23,"column":32}},"loc":{"start":{"line":23,"column":70},"end":{"line":59,"column":1}}},"1":{"name":"(anonymous_1)","decl":{"start":{"line":25,"column":4},"end":{"line":25,"column":7}},"loc":{"start":{"line":25,"column":11},"end":{"line":25,"column":64}}},"2":{"name":"(anonymous_2)","decl":{"start":{"line":28,"column":4},"end":{"line":28,"column":7}},"loc":{"start":{"line":28,"column":11},"end":{"line":28,"column":64}}},"3":{"name":"(anonymous_3)","decl":{"start":{"line":31,"column":12},"end":{"line":31,"column":15}},"loc":{"start":{"line":31,"column":17},"end":{"line":34,"column":3}}},"4":{"name":"(anonymous_4)","decl":{"start":{"line":36,"column":22},"end":{"line":36,"column":23}},"loc":{"start":{"line":36,"column":41},"end":{"line":39,"column":3}}},"5":{"name":"(anonymous_5)","decl":{"start":{"line":41,"column":22},"end":{"line":41,"column":23}},"loc":{"start":{"line":41,"column":41},"end":{"line":44,"column":3}}},"6":{"name":"useSettings","decl":{"start":{"line":61,"column":16},"end":{"line":61,"column":27}},"loc":{"start":{"line":61,"column":27},"end":{"line":65,"column":1}}}},"branchMap":{"0":{"loc":{"start":{"line":25,"column":11},"end":{"line":25,"column":64}},"type":"binary-expr","locations":[{"start":{"line":25,"column":11},"end":{"line":25,"column":56}},{"start":{"line":25,"column":60},"end":{"line":25,"column":64}}]},"1":{"loc":{"start":{"line":28,"column":11},"end":{"line":28,"column":64}},"type":"binary-expr","locations":[{"start":{"line":28,"column":11},"end":{"line":28,"column":56}},{"start":{"line":28,"column":60},"end":{"line":28,"column":64}}]},"2":{"loc":{"start":{"line":63,"column":2},"end":{"line":63,"column":80}},"type":"if","locations":[{"start":{"line":63,"column":2},"end":{"line":63,"column":80}},{"start":{},"end":{}}]}},"s":{"0":0,"1":0,"2":0,"3":0,"4":0,"5":0,"6":0,"7":0,"8":0,"9":0,"10":0,"11":0,"12":0,"13":0,"14":0,"15":0,"16":0,"17":0,"18":0,"19":0,"20":0,"21":0,"22":0,"23":0,"24":0},"f":{"0":0,"1":0,"2":0,"3":0,"4":0,"5":0,"6":0},"b":{"0":[0,0],"1":[0,0],"2":[0,0]}}
,"C:\\Users\\balca\\OneDrive\\Documentos\\GitHub\\CobriXS-v_2\\src\\context\\StoreContext.tsx": {"path":"C:\\Users\\balca\\OneDrive\\Documentos\\GitHub\\CobriXS-v_2\\src\\context\\StoreContext.tsx","statementMap":{"0":{"start":{"line":21,"column":0},"end":{"line":21,"column":16}},"1":{"start":{"line":38,"column":0},"end":{"line":38,"column":16}},"2":{"start":{"line":2,"column":0},"end":{"line":2,"column":null}},"3":{"start":{"line":19,"column":21},"end":{"line":19,"column":65}},"4":{"start":{"line":22,"column":34},"end":{"line":29,"column":4}},"5":{"start":{"line":31,"column":2},"end":{"line":35,"column":4}},"6":{"start":{"line":39,"column":14},"end":{"line":39,"column":38}},"7":{"start":{"line":40,"column":2},"end":{"line":40,"column":74}},"8":{"start":{"line":40,"column":12},"end":{"line":40,"column":74}},"9":{"start":{"line":41,"column":2},"end":{"line":41,"column":13}}},"fnMap":{"0":{"name":"StoreProvider","decl":{"start":{"line":21,"column":16},"end":{"line":21,"column":29}},"loc":{"start":{"line":21,"column":67},"end":{"line":36,"column":1}}},"1":{"name":"(anonymous_1)","decl":{"start":{"line":27,"column":23},"end":{"line":27,"column":26}},"loc":{"start":{"line":27,"column":28},"end":{"line":27,"column":31}}},"2":{"name":"(anonymous_2)","decl":{"start":{"line":28,"column":31},"end":{"line":28,"column":36}},"loc":{"start":{"line":28,"column":42},"end":{"line":28,"column":45}}},"3":{"name":"useStore","decl":{"start":{"line":38,"column":16},"end":{"line":38,"column":24}},"loc":{"start":{"line":38,"column":24},"end":{"line":42,"column":1}}}},"branchMap":{"0":{"loc":{"start":{"line":40,"column":2},"end":{"line":40,"column":74}},"type":"if","locations":[{"start":{"line":40,"column":2},"end":{"line":40,"column":74}},{"start":{},"end":{}}]}},"s":{"0":0,"1":0,"2":0,"3":0,"4":0,"5":0,"6":0,"7":0,"8":0,"9":0},"f":{"0":0,"1":0,"2":0,"3":0},"b":{"0":[0,0]}}
,"C:\\Users\\balca\\OneDrive\\Documentos\\GitHub\\CobriXS-v_2\\src\\context\\ToastContext.tsx": {"path":"C:\\Users\\balca\\OneDrive\\Documentos\\GitHub\\CobriXS-v_2\\src\\context\\ToastContext.tsx","statementMap":{"0":{"start":{"line":26,"column":0},"end":{"line":26,"column":16}},"1":{"start":{"line":109,"column":0},"end":{"line":109,"column":16}},"2":{"start":{"line":2,"column":0},"end":{"line":2,"column":89}},"3":{"start":{"line":22,"column":21},"end":{"line":22,"column":65}},"4":{"start":{"line":24,"column":23},"end":{"line":24,"column":27}},"5":{"start":{"line":27,"column":30},"end":{"line":27,"column":51}},"6":{"start":{"line":29,"column":17},"end":{"line":31,"column":8}},"7":{"start":{"line":30,"column":4},"end":{"line":30,"column":57}},"8":{"start":{"line":30,"column":24},"end":{"line":30,"column":55}},"9":{"start":{"line":30,"column":43},"end":{"line":30,"column":54}},"10":{"start":{"line":33,"column":14},"end":{"line":41,"column":null}},"11":{"start":{"line":35,"column":17},"end":{"line":35,"column":80}},"12":{"start":{"line":36,"column":6},"end":{"line":36,"column":70}},"13":{"start":{"line":36,"column":26},"end":{"line":36,"column":68}},"14":{"start":{"line":37,"column":6},"end":{"line":39,"column":7}},"15":{"start":{"line":38,"column":8},"end":{"line":38,"column":47}},"16":{"start":{"line":38,"column":25},"end":{"line":38,"column":35}},"17":{"start":{"line":44,"column":16},"end":{"line":48,"column":null}},"18":{"start":{"line":46,"column":6},"end":{"line":46,"column":63}},"19":{"start":{"line":51,"column":18},"end":{"line":53,"column":null}},"20":{"start":{"line":52,"column":44},"end":{"line":52,"column":95}},"21":{"start":{"line":56,"column":16},"end":{"line":58,"column":null}},"22":{"start":{"line":57,"column":44},"end":{"line":57,"column":83}},"23":{"start":{"line":61,"column":18},"end":{"line":63,"column":null}},"24":{"start":{"line":62,"column":44},"end":{"line":62,"column":95}},"25":{"start":{"line":66,"column":2},"end":{"line":71,"column":4}},"26":{"start":{"line":75,"column":2},"end":{"line":75,"column":39}},"27":{"start":{"line":75,"column":27},"end":{"line":75,"column":39}},"28":{"start":{"line":76,"column":2},"end":{"line":106,"column":4}},"29":{"start":{"line":84,"column":8},"end":{"line":85,"column":null}},"30":{"start":{"line":99,"column":29},"end":{"line":99,"column":41}},"31":{"start":{"line":110,"column":14},"end":{"line":110,"column":38}},"32":{"start":{"line":111,"column":2},"end":{"line":111,"column":74}},"33":{"start":{"line":111,"column":12},"end":{"line":111,"column":74}},"34":{"start":{"line":112,"column":2},"end":{"line":112,"column":13}}},"fnMap":{"0":{"name":"ToastProvider","decl":{"start":{"line":26,"column":16},"end":{"line":26,"column":29}},"loc":{"start":{"line":26,"column":67},"end":{"line":72,"column":1}}},"1":{"name":"(anonymous_1)","decl":{"start":{"line":29,"column":29},"end":{"line":29,"column":30}},"loc":{"start":{"line":29,"column":44},"end":{"line":31,"column":3}}},"2":{"name":"(anonymous_2)","decl":{"start":{"line":30,"column":14},"end":{"line":30,"column":15}},"loc":{"start":{"line":30,"column":24},"end":{"line":30,"column":55}}},"3":{"name":"(anonymous_3)","decl":{"start":{"line":30,"column":36},"end":{"line":30,"column":37}},"loc":{"start":{"line":30,"column":43},"end":{"line":30,"column":54}}},"4":{"name":"(anonymous_4)","decl":{"start":{"line":34,"column":4},"end":{"line":34,"column":5}},"loc":{"start":{"line":34,"column":77},"end":{"line":40,"column":5}}},"5":{"name":"(anonymous_5)","decl":{"start":{"line":36,"column":16},"end":{"line":36,"column":17}},"loc":{"start":{"line":36,"column":26},"end":{"line":36,"column":68}}},"6":{"name":"(anonymous_6)","decl":{"start":{"line":38,"column":19},"end":{"line":38,"column":22}},"loc":{"start":{"line":38,"column":25},"end":{"line":38,"column":35}}},"7":{"name":"(anonymous_7)","decl":{"start":{"line":45,"column":4},"end":{"line":45,"column":5}},"loc":{"start":{"line":45,"column":61},"end":{"line":47,"column":5}}},"8":{"name":"(anonymous_8)","decl":{"start":{"line":52,"column":4},"end":{"line":52,"column":5}},"loc":{"start":{"line":52,"column":44},"end":{"line":52,"column":95}}},"9":{"name":"(anonymous_9)","decl":{"start":{"line":57,"column":4},"end":{"line":57,"column":5}},"loc":{"start":{"line":57,"column":44},"end":{"line":57,"column":83}}},"10":{"name":"(anonymous_10)","decl":{"start":{"line":62,"column":4},"end":{"line":62,"column":5}},"loc":{"start":{"line":62,"column":44},"end":{"line":62,"column":95}}},"11":{"name":"ToastContainer","decl":{"start":{"line":74,"column":9},"end":{"line":74,"column":23}},"loc":{"start":{"line":74,"column":93},"end":{"line":107,"column":1}}},"12":{"name":"(anonymous_12)","decl":{"start":{"line":83,"column":18},"end":{"line":83,"column":19}},"loc":{"start":{"line":84,"column":8},"end":{"line":85,"column":null}}},"13":{"name":"(anonymous_13)","decl":{"start":{"line":99,"column":23},"end":{"line":99,"column":26}},"loc":{"start":{"line":99,"column":29},"end":{"line":99,"column":41}}},"14":{"name":"useToast","decl":{"start":{"line":109,"column":16},"end":{"line":109,"column":24}},"loc":{"start":{"line":109,"column":24},"end":{"line":113,"column":1}}}},"branchMap":{"0":{"loc":{"start":{"line":34,"column":22},"end":{"line":34,"column":46}},"type":"default-arg","locations":[{"start":{"line":34,"column":40},"end":{"line":34,"column":46}}]},"1":{"loc":{"start":{"line":34,"column":48},"end":{"line":34,"column":73}},"type":"default-arg","locations":[{"start":{"line":34,"column":59},"end":{"line":34,"column":73}}]},"2":{"loc":{"start":{"line":37,"column":6},"end":{"line":39,"column":7}},"type":"if","locations":[{"start":{"line":37,"column":6},"end":{"line":39,"column":7}},{"start":{},"end":{}}]},"3":{"loc":{"start":{"line":46,"column":19},"end":{"line":46,"column":33}},"type":"binary-expr","locations":[{"start":{"line":46,"column":19},"end":{"line":46,"column":23}},{"start":{"line":46,"column":27},"end":{"line":46,"column":33}}]},"4":{"loc":{"start":{"line":46,"column":35},"end":{"line":46,"column":61}},"type":"binary-expr","locations":[{"start":{"line":46,"column":35},"end":{"line":46,"column":43}},{"start":{"line":46,"column":47},"end":{"line":46,"column":61}}]},"5":{"loc":{"start":{"line":52,"column":68},"end":{"line":52,"column":94}},"type":"binary-expr","locations":[{"start":{"line":52,"column":68},"end":{"line":52,"column":76}},{"start":{"line":52,"column":80},"end":{"line":52,"column":94}}]},"6":{"loc":{"start":{"line":57,"column":66},"end":{"line":57,"column":82}},"type":"binary-expr","locations":[{"start":{"line":57,"column":66},"end":{"line":57,"column":74}},{"start":{"line":57,"column":78},"end":{"line":57,"column":82}}]},"7":{"loc":{"start":{"line":62,"column":68},"end":{"line":62,"column":94}},"type":"binary-expr","locations":[{"start":{"line":62,"column":68},"end":{"line":62,"column":76}},{"start":{"line":62,"column":80},"end":{"line":62,"column":94}}]},"8":{"loc":{"start":{"line":75,"column":2},"end":{"line":75,"column":39}},"type":"if","locations":[{"start":{"line":75,"column":2},"end":{"line":75,"column":39}},{"start":{},"end":{}}]},"9":{"loc":{"start":{"line":87,"column":62},"end":{"line":87,"column":173}},"type":"cond-expr","locations":[{"start":{"line":87,"column":83},"end":{"line":87,"column":91}},{"start":{"line":87,"column":94},"end":{"line":87,"column":173}}]},"10":{"loc":{"start":{"line":87,"column":94},"end":{"line":87,"column":173}},"type":"cond-expr","locations":[{"start":{"line":87,"column":117},"end":{"line":87,"column":126}},{"start":{"line":87,"column":129},"end":{"line":87,"column":173}}]},"11":{"loc":{"start":{"line":87,"column":129},"end":{"line":87,"column":173}},"type":"cond-expr","locations":[{"start":{"line":87,"column":152},"end":{"line":87,"column":161}},{"start":{"line":87,"column":164},"end":{"line":87,"column":173}}]},"12":{"loc":{"start":{"line":92,"column":31},"end":{"line":92,"column":188}},"type":"cond-expr","locations":[{"start":{"line":92,"column":54},"end":{"line":92,"column":71}},{"start":{"line":92,"column":74},"end":{"line":92,"column":188}}]},"13":{"loc":{"start":{"line":92,"column":74},"end":{"line":92,"column":188}},"type":"cond-expr","locations":[{"start":{"line":92,"column":95},"end":{"line":92,"column":118}},{"start":{"line":92,"column":121},"end":{"line":92,"column":188}}]},"14":{"loc":{"start":{"line":92,"column":121},"end":{"line":92,"column":188}},"type":"cond-expr","locations":[{"start":{"line":92,"column":144},"end":{"line":92,"column":169}},{"start":{"line":92,"column":172},"end":{"line":92,"column":188}}]},"15":{"loc":{"start":{"line":111,"column":2},"end":{"line":111,"column":74}},"type":"if","locations":[{"start":{"line":111,"column":2},"end":{"line":111,"column":74}},{"start":{},"end":{}}]}},"s":{"0":0,"1":0,"2":0,"3":0,"4":0,"5":0,"6":0,"7":0,"8":0,"9":0,"10":0,"11":0,"12":0,"13":0,"14":0,"15":0,"16":0,"17":0,"18":0,"19":0,"20":0,"21":0,"22":0,"23":0,"24":0,"25":0,"26":0,"27":0,"28":0,"29":0,"30":0,"31":0,"32":0,"33":0,"34":0},"f":{"0":0,"1":0,"2":0,"3":0,"4":0,"5":0,"6":0,"7":0,"8":0,"9":0,"10":0,"11":0,"12":0,"13":0,"14":0},"b":{"0":[0],"1":[0],"2":[0,0],"3":[0,0],"4":[0,0],"5":[0,0],"6":[0,0],"7":[0,0],"8":[0,0],"9":[0,0],"10":[0,0],"11":[0,0],"12":[0,0],"13":[0,0],"14":[0,0],"15":[0,0]}}
,"C:\\Users\\balca\\OneDrive\\Documentos\\GitHub\\CobriXS-v_2\\src\\hooks\\useAuth.ts": {"path":"C:\\Users\\balca\\OneDrive\\Documentos\\GitHub\\CobriXS-v_2\\src\\hooks\\useAuth.ts","statementMap":{"0":{"start":{"line":6,"column":0},"end":{"line":6,"column":16}},"1":{"start":{"line":1,"column":0},"end":{"line":1,"column":57}},"2":{"start":{"line":2,"column":0},"end":{"line":2,"column":43}},"3":{"start":{"line":7,"column":32},"end":{"line":7,"column":62}},"4":{"start":{"line":8,"column":32},"end":{"line":8,"column":66}},"5":{"start":{"line":9,"column":32},"end":{"line":9,"column":46}},"6":{"start":{"line":11,"column":22},"end":{"line":25,"column":8}},"7":{"start":{"line":12,"column":28},"end":{"line":16,"column":20}},"8":{"start":{"line":18,"column":4},"end":{"line":22,"column":5}},"9":{"start":{"line":19,"column":6},"end":{"line":19,"column":53}},"10":{"start":{"line":20,"column":6},"end":{"line":20,"column":23}},"11":{"start":{"line":21,"column":6},"end":{"line":21,"column":13}},"12":{"start":{"line":24,"column":4},"end":{"line":24,"column":21}},"13":{"start":{"line":27,"column":2},"end":{"line":62,"column":20}},"14":{"start":{"line":28,"column":27},"end":{"line":43,"column":5}},"15":{"start":{"line":29,"column":6},"end":{"line":29,"column":23}},"16":{"start":{"line":31,"column":23},"end":{"line":31,"column":55}},"17":{"start":{"line":32,"column":29},"end":{"line":32,"column":41}},"18":{"start":{"line":34,"column":6},"end":{"line":34,"column":33}},"19":{"start":{"line":36,"column":6},"end":{"line":40,"column":7}},"20":{"start":{"line":37,"column":8},"end":{"line":37,"column":50}},"21":{"start":{"line":39,"column":8},"end":{"line":39,"column":25}},"22":{"start":{"line":42,"column":6},"end":{"line":42,"column":24}},"23":{"start":{"line":45,"column":4},"end":{"line":45,"column":26}},"24":{"start":{"line":47,"column":31},"end":{"line":56,"column":null}},"25":{"start":{"line":49,"column":8},"end":{"line":49,"column":31}},"26":{"start":{"line":51,"column":8},"end":{"line":55,"column":9}},"27":{"start":{"line":52,"column":10},"end":{"line":52,"column":48}},"28":{"start":{"line":54,"column":10},"end":{"line":54,"column":27}},"29":{"start":{"line":59,"column":4},"end":{"line":61,"column":6}},"30":{"start":{"line":60,"column":6},"end":{"line":60,"column":42}},"31":{"start":{"line":64,"column":18},"end":{"line":64,"column":43}},"32":{"start":{"line":66,"column":2},"end":{"line":71,"column":4}}},"fnMap":{"0":{"name":"useAuth","decl":{"start":{"line":6,"column":16},"end":{"line":6,"column":23}},"loc":{"start":{"line":6,"column":23},"end":{"line":72,"column":1}}},"1":{"name":"(anonymous_1)","decl":{"start":{"line":11,"column":34},"end":{"line":11,"column":39}},"loc":{"start":{"line":11,"column":59},"end":{"line":25,"column":3}}},"2":{"name":"(anonymous_2)","decl":{"start":{"line":27,"column":12},"end":{"line":27,"column":15}},"loc":{"start":{"line":27,"column":17},"end":{"line":62,"column":3}}},"3":{"name":"(anonymous_3)","decl":{"start":{"line":28,"column":27},"end":{"line":28,"column":32}},"loc":{"start":{"line":28,"column":38},"end":{"line":43,"column":5}}},"4":{"name":"(anonymous_4)","decl":{"start":{"line":48,"column":6},"end":{"line":48,"column":11}},"loc":{"start":{"line":48,"column":35},"end":{"line":56,"column":7}}},"5":{"name":"(anonymous_5)","decl":{"start":{"line":59,"column":11},"end":{"line":59,"column":14}},"loc":{"start":{"line":59,"column":16},"end":{"line":61,"column":5}}}},"branchMap":{"0":{"loc":{"start":{"line":18,"column":4},"end":{"line":22,"column":5}},"type":"if","locations":[{"start":{"line":18,"column":4},"end":{"line":22,"column":5}},{"start":{},"end":{}}]},"1":{"loc":{"start":{"line":36,"column":6},"end":{"line":40,"column":7}},"type":"if","locations":[{"start":{"line":36,"column":6},"end":{"line":40,"column":7}},{"start":{"line":38,"column":13},"end":{"line":40,"column":7}}]},"2":{"loc":{"start":{"line":51,"column":8},"end":{"line":55,"column":9}},"type":"if","locations":[{"start":{"line":51,"column":8},"end":{"line":55,"column":9}},{"start":{"line":53,"column":15},"end":{"line":55,"column":9}}]}},"s":{"0":0,"1":0,"2":0,"3":0,"4":0,"5":0,"6":0,"7":0,"8":0,"9":0,"10":0,"11":0,"12":0,"13":0,"14":0,"15":0,"16":0,"17":0,"18":0,"19":0,"20":0,"21":0,"22":0,"23":0,"24":0,"25":0,"26":0,"27":0,"28":0,"29":0,"30":0,"31":0,"32":0},"f":{"0":0,"1":0,"2":0,"3":0,"4":0,"5":0},"b":{"0":[0,0],"1":[0,0],"2":[0,0]}}
,"C:\\Users\\balca\\OneDrive\\Documentos\\GitHub\\CobriXS-v_2\\src\\hooks\\useCashier.ts": {"path":"C:\\Users\\balca\\OneDrive\\Documentos\\GitHub\\CobriXS-v_2\\src\\hooks\\useCashier.ts","statementMap":{"0":{"start":{"line":46,"column":0},"end":{"line":46,"column":16}},"1":{"start":{"line":1,"column":0},"end":{"line":1,"column":69}},"2":{"start":{"line":3,"column":0},"end":{"line":3,"column":89}},"3":{"start":{"line":4,"column":0},"end":{"line":4,"column":55}},"4":{"start":{"line":5,"column":0},"end":{"line":5,"column":113}},"5":{"start":{"line":19,"column":2},"end":{"line":43,"column":3}},"6":{"start":{"line":21,"column":23},"end":{"line":21,"column":76}},"7":{"start":{"line":21,"column":41},"end":{"line":21,"column":75}},"8":{"start":{"line":22,"column":6},"end":{"line":28,"column":7}},"9":{"start":{"line":23,"column":8},"end":{"line":27,"column":10}},"10":{"start":{"line":24,"column":10},"end":{"line":26,"column":15}},"11":{"start":{"line":29,"column":6},"end":{"line":29,"column":66}},"12":{"start":{"line":32,"column":6},"end":{"line":32,"column":68}},"13":{"start":{"line":32,"column":33},"end":{"line":32,"column":66}},"14":{"start":{"line":34,"column":6},"end":{"line":38,"column":8}},"15":{"start":{"line":35,"column":8},"end":{"line":37,"column":13}},"16":{"start":{"line":40,"column":6},"end":{"line":40,"column":16}},"17":{"start":{"line":42,"column":6},"end":{"line":42,"column":19}},"18":{"start":{"line":47,"column":27},"end":{"line":47,"column":54}},"19":{"start":{"line":48,"column":32},"end":{"line":48,"column":66}},"20":{"start":{"line":49,"column":44},"end":{"line":49,"column":67}},"21":{"start":{"line":50,"column":40},"end":{"line":50,"column":52}},"22":{"start":{"line":51,"column":38},"end":{"line":51,"column":53}},"23":{"start":{"line":52,"column":28},"end":{"line":52,"column":57}},"24":{"start":{"line":53,"column":40},"end":{"line":53,"column":63}},"25":{"start":{"line":54,"column":48},"end":{"line":54,"column":63}},"26":{"start":{"line":56,"column":2},"end":{"line":58,"column":9}},"27":{"start":{"line":57,"column":4},"end":{"line":57,"column":58}},"28":{"start":{"line":57,"column":52},"end":{"line":57,"column":56}},"29":{"start":{"line":60,"column":23},"end":{"line":72,"column":8}},"30":{"start":{"line":61,"column":4},"end":{"line":61,"column":26}},"31":{"start":{"line":62,"column":4},"end":{"line":65,"column":5}},"32":{"start":{"line":63,"column":6},"end":{"line":63,"column":27}},"33":{"start":{"line":64,"column":6},"end":{"line":64,"column":13}},"34":{"start":{"line":66,"column":4},"end":{"line":71,"column":5}},"35":{"start":{"line":67,"column":22},"end":{"line":67,"column":49}},"36":{"start":{"line":68,"column":6},"end":{"line":68,"column":32}},"37":{"start":{"line":70,"column":6},"end":{"line":70,"column":27}},"38":{"start":{"line":74,"column":28},"end":{"line":98,"column":8}},"39":{"start":{"line":75,"column":4},"end":{"line":75,"column":29}},"40":{"start":{"line":75,"column":22},"end":{"line":75,"column":29}},"41":{"start":{"line":76,"column":4},"end":{"line":76,"column":19}},"42":{"start":{"line":77,"column":4},"end":{"line":97,"column":5}},"43":{"start":{"line":79,"column":22},"end":{"line":79,"column":53}},"44":{"start":{"line":80,"column":6},"end":{"line":85,"column":7}},"45":{"start":{"line":81,"column":8},"end":{"line":81,"column":43}},"46":{"start":{"line":82,"column":8},"end":{"line":82,"column":27}},"47":{"start":{"line":83,"column":8},"end":{"line":83,"column":29}},"48":{"start":{"line":84,"column":8},"end":{"line":84,"column":15}},"49":{"start":{"line":87,"column":22},"end":{"line":87,"column":55}},"50":{"start":{"line":88,"column":6},"end":{"line":94,"column":7}},"51":{"start":{"line":89,"column":8},"end":{"line":89,"column":55}},"52":{"start":{"line":90,"column":8},"end":{"line":90,"column":27}},"53":{"start":{"line":91,"column":8},"end":{"line":91,"column":29}},"54":{"start":{"line":93,"column":8},"end":{"line":93,"column":73}},"55":{"start":{"line":96,"column":6},"end":{"line":96,"column":76}},"56":{"start":{"line":100,"column":20},"end":{"line":104,"column":8}},"57":{"start":{"line":101,"column":4},"end":{"line":101,"column":39}},"58":{"start":{"line":102,"column":4},"end":{"line":102,"column":23}},"59":{"start":{"line":103,"column":4},"end":{"line":103,"column":25}},"60":{"start":{"line":106,"column":25},"end":{"line":108,"column":8}},"61":{"start":{"line":107,"column":4},"end":{"line":107,"column":44}},"62":{"start":{"line":110,"column":17},"end":{"line":112,"column":8}},"63":{"start":{"line":111,"column":4},"end":{"line":111,"column":55}},"64":{"start":{"line":114,"column":16},"end":{"line":116,"column":null}},"65":{"start":{"line":115,"column":19},"end":{"line":115,"column":71}},"66":{"start":{"line":119,"column":28},"end":{"line":122,"column":8}},"67":{"start":{"line":120,"column":14},"end":{"line":120,"column":46}},"68":{"start":{"line":121,"column":4},"end":{"line":121,"column":18}},"69":{"start":{"line":124,"column":29},"end":{"line":128,"column":15}},"70":{"start":{"line":125,"column":4},"end":{"line":125,"column":25}},"71":{"start":{"line":125,"column":18},"end":{"line":125,"column":25}},"72":{"start":{"line":126,"column":4},"end":{"line":126,"column":50}},"73":{"start":{"line":127,"column":4},"end":{"line":127,"column":21}},"74":{"start":{"line":130,"column":28},"end":{"line":159,"column":null}},"75":{"start":{"line":135,"column":6},"end":{"line":135,"column":70}},"76":{"start":{"line":135,"column":29},"end":{"line":135,"column":70}},"77":{"start":{"line":136,"column":6},"end":{"line":136,"column":26}},"78":{"start":{"line":137,"column":6},"end":{"line":137,"column":21}},"79":{"start":{"line":138,"column":6},"end":{"line":157,"column":7}},"80":{"start":{"line":139,"column":21},"end":{"line":148,"column":10}},"81":{"start":{"line":143,"column":34},"end":{"line":147,"column":12}},"82":{"start":{"line":149,"column":8},"end":{"line":149,"column":36}},"83":{"start":{"line":150,"column":8},"end":{"line":150,"column":23}},"84":{"start":{"line":152,"column":20},"end":{"line":152,"column":78}},"85":{"start":{"line":153,"column":8},"end":{"line":153,"column":22}},"86":{"start":{"line":154,"column":8},"end":{"line":154,"column":16}},"87":{"start":{"line":156,"column":8},"end":{"line":156,"column":29}},"88":{"start":{"line":162,"column":29},"end":{"line":172,"column":8}},"89":{"start":{"line":163,"column":4},"end":{"line":163,"column":29}},"90":{"start":{"line":164,"column":4},"end":{"line":171,"column":5}},"91":{"start":{"line":165,"column":19},"end":{"line":165,"column":38}},"92":{"start":{"line":166,"column":6},"end":{"line":166,"column":27}},"93":{"start":{"line":168,"column":6},"end":{"line":168,"column":25}},"94":{"start":{"line":170,"column":6},"end":{"line":170,"column":32}},"95":{"start":{"line":174,"column":32},"end":{"line":177,"column":15}},"96":{"start":{"line":175,"column":4},"end":{"line":175,"column":30}},"97":{"start":{"line":175,"column":18},"end":{"line":175,"column":30}},"98":{"start":{"line":176,"column":4},"end":{"line":176,"column":41}},"99":{"start":{"line":179,"column":2},"end":{"line":200,"column":4}}},"fnMap":{"0":{"name":"cartReducer","decl":{"start":{"line":18,"column":9},"end":{"line":18,"column":20}},"loc":{"start":{"line":18,"column":58},"end":{"line":44,"column":1}}},"1":{"name":"(anonymous_1)","decl":{"start":{"line":21,"column":34},"end":{"line":21,"column":35}},"loc":{"start":{"line":21,"column":41},"end":{"line":21,"column":75}}},"2":{"name":"(anonymous_2)","decl":{"start":{"line":23,"column":25},"end":{"line":23,"column":26}},"loc":{"start":{"line":24,"column":10},"end":{"line":26,"column":15}}},"3":{"name":"(anonymous_3)","decl":{"start":{"line":32,"column":26},"end":{"line":32,"column":27}},"loc":{"start":{"line":32,"column":33},"end":{"line":32,"column":66}}},"4":{"name":"(anonymous_4)","decl":{"start":{"line":34,"column":23},"end":{"line":34,"column":24}},"loc":{"start":{"line":35,"column":8},"end":{"line":37,"column":13}}},"5":{"name":"useCashier","decl":{"start":{"line":46,"column":16},"end":{"line":46,"column":26}},"loc":{"start":{"line":46,"column":26},"end":{"line":201,"column":1}}},"6":{"name":"(anonymous_6)","decl":{"start":{"line":56,"column":12},"end":{"line":56,"column":15}},"loc":{"start":{"line":56,"column":17},"end":{"line":58,"column":3}}},"7":{"name":"(anonymous_7)","decl":{"start":{"line":57,"column":46},"end":{"line":57,"column":49}},"loc":{"start":{"line":57,"column":52},"end":{"line":57,"column":56}}},"8":{"name":"(anonymous_8)","decl":{"start":{"line":60,"column":35},"end":{"line":60,"column":40}},"loc":{"start":{"line":60,"column":59},"end":{"line":72,"column":3}}},"9":{"name":"(anonymous_9)","decl":{"start":{"line":74,"column":40},"end":{"line":74,"column":45}},"loc":{"start":{"line":74,"column":63},"end":{"line":98,"column":3}}},"10":{"name":"(anonymous_10)","decl":{"start":{"line":100,"column":32},"end":{"line":100,"column":33}},"loc":{"start":{"line":100,"column":53},"end":{"line":104,"column":3}}},"11":{"name":"(anonymous_11)","decl":{"start":{"line":106,"column":37},"end":{"line":106,"column":38}},"loc":{"start":{"line":106,"column":59},"end":{"line":108,"column":3}}},"12":{"name":"(anonymous_12)","decl":{"start":{"line":110,"column":29},"end":{"line":110,"column":30}},"loc":{"start":{"line":110,"column":69},"end":{"line":112,"column":3}}},"13":{"name":"(anonymous_13)","decl":{"start":{"line":115,"column":4},"end":{"line":115,"column":5}},"loc":{"start":{"line":115,"column":19},"end":{"line":115,"column":71}}},"14":{"name":"(anonymous_14)","decl":{"start":{"line":119,"column":40},"end":{"line":119,"column":45}},"loc":{"start":{"line":119,"column":72},"end":{"line":122,"column":3}}},"15":{"name":"(anonymous_15)","decl":{"start":{"line":124,"column":41},"end":{"line":124,"column":46}},"loc":{"start":{"line":124,"column":73},"end":{"line":128,"column":3}}},"16":{"name":"(anonymous_16)","decl":{"start":{"line":131,"column":4},"end":{"line":131,"column":9}},"loc":{"start":{"line":134,"column":25},"end":{"line":158,"column":5}}},"17":{"name":"(anonymous_17)","decl":{"start":{"line":143,"column":26},"end":{"line":143,"column":27}},"loc":{"start":{"line":143,"column":34},"end":{"line":147,"column":12}}},"18":{"name":"(anonymous_18)","decl":{"start":{"line":162,"column":41},"end":{"line":162,"column":46}},"loc":{"start":{"line":162,"column":52},"end":{"line":172,"column":3}}},"19":{"name":"(anonymous_19)","decl":{"start":{"line":174,"column":44},"end":{"line":174,"column":49}},"loc":{"start":{"line":174,"column":55},"end":{"line":177,"column":3}}}},"branchMap":{"0":{"loc":{"start":{"line":19,"column":2},"end":{"line":43,"column":3}},"type":"switch","locations":[{"start":{"line":20,"column":4},"end":{"line":30,"column":5}},{"start":{"line":31,"column":4},"end":{"line":32,"column":68}},{"start":{"line":33,"column":4},"end":{"line":38,"column":8}},{"start":{"line":39,"column":4},"end":{"line":40,"column":16}},{"start":{"line":41,"column":4},"end":{"line":42,"column":19}}]},"1":{"loc":{"start":{"line":22,"column":6},"end":{"line":28,"column":7}},"type":"if","locations":[{"start":{"line":22,"column":6},"end":{"line":28,"column":7}},{"start":{},"end":{}}]},"2":{"loc":{"start":{"line":24,"column":10},"end":{"line":26,"column":15}},"type":"cond-expr","locations":[{"start":{"line":25,"column":14},"end":{"line":25,"column":48}},{"start":{"line":26,"column":14},"end":{"line":26,"column":15}}]},"3":{"loc":{"start":{"line":35,"column":8},"end":{"line":37,"column":13}},"type":"cond-expr","locations":[{"start":{"line":36,"column":12},"end":{"line":36,"column":60}},{"start":{"line":37,"column":12},"end":{"line":37,"column":13}}]},"4":{"loc":{"start":{"line":62,"column":4},"end":{"line":65,"column":5}},"type":"if","locations":[{"start":{"line":62,"column":4},"end":{"line":65,"column":5}},{"start":{},"end":{}}]},"5":{"loc":{"start":{"line":75,"column":4},"end":{"line":75,"column":29}},"type":"if","locations":[{"start":{"line":75,"column":4},"end":{"line":75,"column":29}},{"start":{},"end":{}}]},"6":{"loc":{"start":{"line":80,"column":6},"end":{"line":85,"column":7}},"type":"if","locations":[{"start":{"line":80,"column":6},"end":{"line":85,"column":7}},{"start":{},"end":{}}]},"7":{"loc":{"start":{"line":88,"column":6},"end":{"line":94,"column":7}},"type":"if","locations":[{"start":{"line":88,"column":6},"end":{"line":94,"column":7}},{"start":{"line":92,"column":13},"end":{"line":94,"column":7}}]},"8":{"loc":{"start":{"line":96,"column":15},"end":{"line":96,"column":74}},"type":"cond-expr","locations":[{"start":{"line":96,"column":36},"end":{"line":96,"column":45}},{"start":{"line":96,"column":48},"end":{"line":96,"column":74}}]},"9":{"loc":{"start":{"line":115,"column":42},"end":{"line":115,"column":70}},"type":"binary-expr","locations":[{"start":{"line":115,"column":42},"end":{"line":115,"column":65}},{"start":{"line":115,"column":69},"end":{"line":115,"column":70}}]},"10":{"loc":{"start":{"line":125,"column":4},"end":{"line":125,"column":25}},"type":"if","locations":[{"start":{"line":125,"column":4},"end":{"line":125,"column":25}},{"start":{},"end":{}}]},"11":{"loc":{"start":{"line":135,"column":6},"end":{"line":135,"column":70}},"type":"if","locations":[{"start":{"line":135,"column":6},"end":{"line":135,"column":70}},{"start":{},"end":{}}]},"12":{"loc":{"start":{"line":140,"column":27},"end":{"line":140,"column":46}},"type":"binary-expr","locations":[{"start":{"line":140,"column":27},"end":{"line":140,"column":38}},{"start":{"line":140,"column":42},"end":{"line":140,"column":46}}]},"13":{"loc":{"start":{"line":146,"column":19},"end":{"line":146,"column":44}},"type":"binary-expr","locations":[{"start":{"line":146,"column":19},"end":{"line":146,"column":39}},{"start":{"line":146,"column":43},"end":{"line":146,"column":44}}]},"14":{"loc":{"start":{"line":152,"column":20},"end":{"line":152,"column":78}},"type":"cond-expr","locations":[{"start":{"line":152,"column":41},"end":{"line":152,"column":50}},{"start":{"line":152,"column":53},"end":{"line":152,"column":78}}]},"15":{"loc":{"start":{"line":175,"column":4},"end":{"line":175,"column":30}},"type":"if","locations":[{"start":{"line":175,"column":4},"end":{"line":175,"column":30}},{"start":{},"end":{}}]}},"s":{"0":0,"1":0,"2":0,"3":0,"4":0,"5":0,"6":0,"7":0,"8":0,"9":0,"10":0,"11":0,"12":0,"13":0,"14":0,"15":0,"16":0,"17":0,"18":0,"19":0,"20":0,"21":0,"22":0,"23":0,"24":0,"25":0,"26":0,"27":0,"28":0,"29":0,"30":0,"31":0,"32":0,"33":0,"34":0,"35":0,"36":0,"37":0,"38":0,"39":0,"40":0,"41":0,"42":0,"43":0,"44":0,"45":0,"46":0,"47":0,"48":0,"49":0,"50":0,"51":0,"52":0,"53":0,"54":0,"55":0,"56":0,"57":0,"58":0,"59":0,"60":0,"61":0,"62":0,"63":0,"64":0,"65":0,"66":0,"67":0,"68":0,"69":0,"70":0,"71":0,"72":0,"73":0,"74":0,"75":0,"76":0,"77":0,"78":0,"79":0,"80":0,"81":0,"82":0,"83":0,"84":0,"85":0,"86":0,"87":0,"88":0,"89":0,"90":0,"91":0,"92":0,"93":0,"94":0,"95":0,"96":0,"97":0,"98":0,"99":0},"f":{"0":0,"1":0,"2":0,"3":0,"4":0,"5":0,"6":0,"7":0,"8":0,"9":0,"10":0,"11":0,"12":0,"13":0,"14":0,"15":0,"16":0,"17":0,"18":0,"19":0},"b":{"0":[0,0,0,0,0],"1":[0,0],"2":[0,0],"3":[0,0],"4":[0,0],"5":[0,0],"6":[0,0],"7":[0,0],"8":[0,0],"9":[0,0],"10":[0,0],"11":[0,0],"12":[0,0],"13":[0,0],"14":[0,0],"15":[0,0]}}
,"C:\\Users\\balca\\OneDrive\\Documentos\\GitHub\\CobriXS-v_2\\src\\hooks\\useInventory.ts": {"path":"C:\\Users\\balca\\OneDrive\\Documentos\\GitHub\\CobriXS-v_2\\src\\hooks\\useInventory.ts","statementMap":{"0":{"start":{"line":12,"column":0},"end":{"line":12,"column":16}},"1":{"start":{"line":1,"column":0},"end":{"line":1,"column":57}},"2":{"start":{"line":2,"column":0},"end":{"line":2,"column":43}},"3":{"start":{"line":4,"column":0},"end":{"line":4,"column":null}},"4":{"start":{"line":9,"column":0},"end":{"line":9,"column":59}},"5":{"start":{"line":10,"column":0},"end":{"line":10,"column":51}},"6":{"start":{"line":13,"column":29},"end":{"line":13,"column":39}},"7":{"start":{"line":14,"column":34},"end":{"line":14,"column":57}},"8":{"start":{"line":15,"column":36},"end":{"line":15,"column":69}},"9":{"start":{"line":16,"column":32},"end":{"line":16,"column":46}},"10":{"start":{"line":17,"column":28},"end":{"line":17,"column":57}},"11":{"start":{"line":19,"column":19},"end":{"line":33,"column":22}},"12":{"start":{"line":20,"column":4},"end":{"line":32,"column":5}},"13":{"start":{"line":21,"column":6},"end":{"line":21,"column":23}},"14":{"start":{"line":22,"column":28},"end":{"line":25,"column":8}},"15":{"start":{"line":26,"column":6},"end":{"line":26,"column":25}},"16":{"start":{"line":27,"column":6},"end":{"line":27,"column":25}},"17":{"start":{"line":29,"column":6},"end":{"line":29,"column":78}},"18":{"start":{"line":31,"column":6},"end":{"line":31,"column":24}},"19":{"start":{"line":35,"column":2},"end":{"line":45,"column":33}},"20":{"start":{"line":36,"column":4},"end":{"line":36,"column":15}},"21":{"start":{"line":38,"column":20},"end":{"line":40,"column":6}},"22":{"start":{"line":39,"column":6},"end":{"line":39,"column":73}},"23":{"start":{"line":42,"column":4},"end":{"line":44,"column":6}},"24":{"start":{"line":43,"column":6},"end":{"line":43,"column":38}},"25":{"start":{"line":47,"column":22},"end":{"line":71,"column":null}},"26":{"start":{"line":56,"column":10},"end":{"line":56,"column":39}},"27":{"start":{"line":57,"column":6},"end":{"line":59,"column":7}},"28":{"start":{"line":58,"column":8},"end":{"line":58,"column":50}},"29":{"start":{"line":60,"column":22},"end":{"line":60,"column":62}},"30":{"start":{"line":60,"column":43},"end":{"line":60,"column":61}},"31":{"start":{"line":61,"column":6},"end":{"line":68,"column":9}},"32":{"start":{"line":69,"column":6},"end":{"line":69,"column":23}},"33":{"start":{"line":74,"column":16},"end":{"line":82,"column":4}},"34":{"start":{"line":76,"column":37},"end":{"line":76,"column":49}},"35":{"start":{"line":78,"column":18},"end":{"line":78,"column":57}},"36":{"start":{"line":84,"column":2},"end":{"line":84,"column":88}}},"fnMap":{"0":{"name":"useInventory","decl":{"start":{"line":12,"column":16},"end":{"line":12,"column":28}},"loc":{"start":{"line":12,"column":28},"end":{"line":85,"column":1}}},"1":{"name":"(anonymous_1)","decl":{"start":{"line":19,"column":31},"end":{"line":19,"column":36}},"loc":{"start":{"line":19,"column":42},"end":{"line":33,"column":3}}},"2":{"name":"(anonymous_2)","decl":{"start":{"line":35,"column":12},"end":{"line":35,"column":15}},"loc":{"start":{"line":35,"column":17},"end":{"line":45,"column":3}}},"3":{"name":"(anonymous_3)","decl":{"start":{"line":38,"column":40},"end":{"line":38,"column":43}},"loc":{"start":{"line":38,"column":45},"end":{"line":40,"column":5}}},"4":{"name":"(anonymous_4)","decl":{"start":{"line":42,"column":11},"end":{"line":42,"column":14}},"loc":{"start":{"line":42,"column":16},"end":{"line":44,"column":5}}},"5":{"name":"(anonymous_5)","decl":{"start":{"line":48,"column":4},"end":{"line":48,"column":9}},"loc":{"start":{"line":53,"column":8},"end":{"line":70,"column":5}}},"6":{"name":"(anonymous_6)","decl":{"start":{"line":60,"column":36},"end":{"line":60,"column":37}},"loc":{"start":{"line":60,"column":43},"end":{"line":60,"column":61}}},"7":{"name":"(anonymous_7)","decl":{"start":{"line":76,"column":30},"end":{"line":76,"column":31}},"loc":{"start":{"line":76,"column":37},"end":{"line":76,"column":49}}},"8":{"name":"(anonymous_8)","decl":{"start":{"line":78,"column":6},"end":{"line":78,"column":7}},"loc":{"start":{"line":78,"column":18},"end":{"line":78,"column":57}}}},"branchMap":{"0":{"loc":{"start":{"line":29,"column":15},"end":{"line":29,"column":76}},"type":"cond-expr","locations":[{"start":{"line":29,"column":36},"end":{"line":29,"column":45}},{"start":{"line":29,"column":48},"end":{"line":29,"column":76}}]},"1":{"loc":{"start":{"line":57,"column":6},"end":{"line":59,"column":7}},"type":"if","locations":[{"start":{"line":57,"column":6},"end":{"line":59,"column":7}},{"start":{},"end":{}}]},"2":{"loc":{"start":{"line":63,"column":18},"end":{"line":63,"column":61}},"type":"binary-expr","locations":[{"start":{"line":63,"column":18},"end":{"line":63,"column":35}},{"start":{"line":63,"column":39},"end":{"line":63,"column":53}},{"start":{"line":63,"column":57},"end":{"line":63,"column":61}}]},"3":{"loc":{"start":{"line":78,"column":35},"end":{"line":78,"column":56}},"type":"binary-expr","locations":[{"start":{"line":78,"column":35},"end":{"line":78,"column":51}},{"start":{"line":78,"column":55},"end":{"line":78,"column":56}}]}},"s":{"0":0,"1":0,"2":0,"3":0,"4":0,"5":0,"6":0,"7":0,"8":0,"9":0,"10":0,"11":0,"12":0,"13":0,"14":0,"15":0,"16":0,"17":0,"18":0,"19":0,"20":0,"21":0,"22":0,"23":0,"24":0,"25":0,"26":0,"27":0,"28":0,"29":0,"30":0,"31":0,"32":0,"33":0,"34":0,"35":0,"36":0},"f":{"0":0,"1":0,"2":0,"3":0,"4":0,"5":0,"6":0,"7":0,"8":0},"b":{"0":[0,0],"1":[0,0],"2":[0,0,0],"3":[0,0]}}
,"C:\\Users\\balca\\OneDrive\\Documentos\\GitHub\\CobriXS-v_2\\src\\hooks\\useProducts.ts": {"path":"C:\\Users\\balca\\OneDrive\\Documentos\\GitHub\\CobriXS-v_2\\src\\hooks\\useProducts.ts","statementMap":{"0":{"start":{"line":6,"column":0},"end":{"line":6,"column":16}},"1":{"start":{"line":1,"column":0},"end":{"line":1,"column":57}},"2":{"start":{"line":3,"column":0},"end":{"line":3,"column":59}},"3":{"start":{"line":4,"column":0},"end":{"line":4,"column":51}},"4":{"start":{"line":7,"column":29},"end":{"line":7,"column":39}},"5":{"start":{"line":8,"column":34},"end":{"line":8,"column":57}},"6":{"start":{"line":9,"column":32},"end":{"line":9,"column":46}},"7":{"start":{"line":10,"column":28},"end":{"line":10,"column":57}},"8":{"start":{"line":12,"column":18},"end":{"line":24,"column":22}},"9":{"start":{"line":13,"column":4},"end":{"line":23,"column":5}},"10":{"start":{"line":14,"column":6},"end":{"line":14,"column":23}},"11":{"start":{"line":15,"column":6},"end":{"line":15,"column":21}},"12":{"start":{"line":16,"column":19},"end":{"line":16,"column":52}},"13":{"start":{"line":17,"column":6},"end":{"line":17,"column":24}},"14":{"start":{"line":19,"column":6},"end":{"line":19,"column":25}},"15":{"start":{"line":20,"column":6},"end":{"line":20,"column":44}},"16":{"start":{"line":22,"column":6},"end":{"line":22,"column":24}},"17":{"start":{"line":26,"column":2},"end":{"line":28,"column":16}},"18":{"start":{"line":27,"column":4},"end":{"line":27,"column":14}},"19":{"start":{"line":30,"column":2},"end":{"line":35,"column":4}}},"fnMap":{"0":{"name":"useProducts","decl":{"start":{"line":6,"column":16},"end":{"line":6,"column":27}},"loc":{"start":{"line":6,"column":27},"end":{"line":36,"column":1}}},"1":{"name":"(anonymous_1)","decl":{"start":{"line":12,"column":30},"end":{"line":12,"column":35}},"loc":{"start":{"line":12,"column":41},"end":{"line":24,"column":3}}},"2":{"name":"(anonymous_2)","decl":{"start":{"line":26,"column":12},"end":{"line":26,"column":15}},"loc":{"start":{"line":26,"column":17},"end":{"line":28,"column":3}}}},"branchMap":{},"s":{"0":0,"1":0,"2":0,"3":0,"4":0,"5":0,"6":0,"7":0,"8":0,"9":0,"10":0,"11":0,"12":0,"13":0,"14":0,"15":0,"16":0,"17":0,"18":0,"19":0},"f":{"0":0,"1":0,"2":0},"b":{}}
,"C:\\Users\\balca\\OneDrive\\Documentos\\GitHub\\CobriXS-v_2\\src\\hooks\\useUsers.ts": {"path":"C:\\Users\\balca\\OneDrive\\Documentos\\GitHub\\CobriXS-v_2\\src\\hooks\\useUsers.ts","statementMap":{"0":{"start":{"line":5,"column":0},"end":{"line":5,"column":16}},"1":{"start":{"line":1,"column":0},"end":{"line":1,"column":57}},"2":{"start":{"line":2,"column":0},"end":{"line":2,"column":53}},"3":{"start":{"line":7,"column":28},"end":{"line":7,"column":55}},"4":{"start":{"line":8,"column":32},"end":{"line":8,"column":46}},"5":{"start":{"line":10,"column":20},"end":{"line":18,"column":8}},"6":{"start":{"line":11,"column":4},"end":{"line":17,"column":5}},"7":{"start":{"line":12,"column":6},"end":{"line":12,"column":23}},"8":{"start":{"line":13,"column":19},"end":{"line":13,"column":35}},"9":{"start":{"line":14,"column":6},"end":{"line":14,"column":21}},"10":{"start":{"line":16,"column":6},"end":{"line":16,"column":24}},"11":{"start":{"line":20,"column":2},"end":{"line":22,"column":18}},"12":{"start":{"line":21,"column":4},"end":{"line":21,"column":16}},"13":{"start":{"line":24,"column":2},"end":{"line":28,"column":4}}},"fnMap":{"0":{"name":"useUsers","decl":{"start":{"line":5,"column":16},"end":{"line":5,"column":24}},"loc":{"start":{"line":5,"column":24},"end":{"line":29,"column":1}}},"1":{"name":"(anonymous_1)","decl":{"start":{"line":10,"column":32},"end":{"line":10,"column":37}},"loc":{"start":{"line":10,"column":43},"end":{"line":18,"column":3}}},"2":{"name":"(anonymous_2)","decl":{"start":{"line":20,"column":12},"end":{"line":20,"column":15}},"loc":{"start":{"line":20,"column":17},"end":{"line":22,"column":3}}}},"branchMap":{},"s":{"0":0,"1":0,"2":0,"3":0,"4":0,"5":0,"6":0,"7":0,"8":0,"9":0,"10":0,"11":0,"12":0,"13":0},"f":{"0":0,"1":0,"2":0},"b":{}}
,"C:\\Users\\balca\\OneDrive\\Documentos\\GitHub\\CobriXS-v_2\\src\\i18n\\en.ts": {"path":"C:\\Users\\balca\\OneDrive\\Documentos\\GitHub\\CobriXS-v_2\\src\\i18n\\en.ts","statementMap":{"0":{"start":{"line":3,"column":13},"end":{"line":30,"column":2}}},"fnMap":{},"branchMap":{},"s":{"0":0},"f":{},"b":{}}
,"C:\\Users\\balca\\OneDrive\\Documentos\\GitHub\\CobriXS-v_2\\src\\i18n\\es.ts": {"path":"C:\\Users\\balca\\OneDrive\\Documentos\\GitHub\\CobriXS-v_2\\src\\i18n\\es.ts","statementMap":{"0":{"start":{"line":1,"column":13},"end":{"line":28,"column":2}}},"fnMap":{},"branchMap":{},"s":{"0":0},"f":{},"b":{}}
,"C:\\Users\\balca\\OneDrive\\Documentos\\GitHub\\CobriXS-v_2\\src\\layout\\DashboardLayout.tsx": {"path":"C:\\Users\\balca\\OneDrive\\Documentos\\GitHub\\CobriXS-v_2\\src\\layout\\DashboardLayout.tsx","statementMap":{"0":{"start":{"line":6,"column":0},"end":{"line":6,"column":24}},"1":{"start":{"line":1,"column":0},"end":{"line":1,"column":42}},"2":{"start":{"line":2,"column":0},"end":{"line":2,"column":56}},"3":{"start":{"line":3,"column":0},"end":{"line":3,"column":32}},"4":{"start":{"line":4,"column":0},"end":{"line":4,"column":30}},"5":{"start":{"line":7,"column":2},"end":{"line":19,"column":4}}},"fnMap":{"0":{"name":"DashboardLayout","decl":{"start":{"line":6,"column":24},"end":{"line":6,"column":39}},"loc":{"start":{"line":6,"column":39},"end":{"line":20,"column":1}}}},"branchMap":{},"s":{"0":0,"1":0,"2":0,"3":0,"4":0,"5":0},"f":{"0":0},"b":{}}
,"C:\\Users\\balca\\OneDrive\\Documentos\\GitHub\\CobriXS-v_2\\src\\layout\\Sidebar.tsx": {"path":"C:\\Users\\balca\\OneDrive\\Documentos\\GitHub\\CobriXS-v_2\\src\\layout\\Sidebar.tsx","statementMap":{"0":{"start":{"line":6,"column":0},"end":{"line":6,"column":24}},"1":{"start":{"line":1,"column":0},"end":{"line":1,"column":56}},"2":{"start":{"line":2,"column":0},"end":{"line":2,"column":43}},"3":{"start":{"line":3,"column":0},"end":{"line":3,"column":43}},"4":{"start":{"line":4,"column":0},"end":{"line":4,"column":57}},"5":{"start":{"line":8,"column":22},"end":{"line":8,"column":31}},"6":{"start":{"line":9,"column":16},"end":{"line":9,"column":29}},"7":{"start":{"line":10,"column":19},"end":{"line":10,"column":32}},"8":{"start":{"line":12,"column":18},"end":{"line":12,"column":43}},"9":{"start":{"line":14,"column":20},"end":{"line":15,"column":74}},"10":{"start":{"line":15,"column":4},"end":{"line":15,"column":74}},"11":{"start":{"line":17,"column":23},"end":{"line":30,"column":3}},"12":{"start":{"line":18,"column":4},"end":{"line":29,"column":5}},"13":{"start":{"line":19,"column":24},"end":{"line":19,"column":53}},"14":{"start":{"line":21,"column":6},"end":{"line":24,"column":7}},"15":{"start":{"line":22,"column":8},"end":{"line":22,"column":64}},"16":{"start":{"line":23,"column":8},"end":{"line":23,"column":15}},"17":{"start":{"line":26,"column":6},"end":{"line":26,"column":25}},"18":{"start":{"line":28,"column":6},"end":{"line":28,"column":46}},"19":{"start":{"line":32,"column":2},"end":{"line":120,"column":4}}},"fnMap":{"0":{"name":"Sidebar","decl":{"start":{"line":6,"column":24},"end":{"line":6,"column":31}},"loc":{"start":{"line":6,"column":31},"end":{"line":121,"column":1}}},"1":{"name":"(anonymous_1)","decl":{"start":{"line":14,"column":20},"end":{"line":14,"column":21}},"loc":{"start":{"line":15,"column":4},"end":{"line":15,"column":74}}},"2":{"name":"(anonymous_2)","decl":{"start":{"line":17,"column":23},"end":{"line":17,"column":28}},"loc":{"start":{"line":17,"column":34},"end":{"line":30,"column":3}}}},"branchMap":{"0":{"loc":{"start":{"line":15,"column":48},"end":{"line":15,"column":72}},"type":"cond-expr","locations":[{"start":{"line":15,"column":59},"end":{"line":15,"column":67}},{"start":{"line":15,"column":70},"end":{"line":15,"column":72}}]},"1":{"loc":{"start":{"line":21,"column":6},"end":{"line":24,"column":7}},"type":"if","locations":[{"start":{"line":21,"column":6},"end":{"line":24,"column":7}},{"start":{},"end":{}}]},"2":{"loc":{"start":{"line":54,"column":9},"end":{"line":59,"column":null}},"type":"binary-expr","locations":[{"start":{"line":54,"column":9},"end":{"line":54,"column":16}},{"start":{"line":55,"column":10},"end":{"line":58,"column":null}}]},"3":{"loc":{"start":{"line":86,"column":9},"end":{"line":91,"column":null}},"type":"binary-expr","locations":[{"start":{"line":86,"column":9},"end":{"line":86,"column":16}},{"start":{"line":87,"column":10},"end":{"line":90,"column":null}}]},"4":{"loc":{"start":{"line":104,"column":11},"end":{"line":104,"column":37}},"type":"binary-expr","locations":[{"start":{"line":104,"column":11},"end":{"line":104,"column":24}},{"start":{"line":104,"column":28},"end":{"line":104,"column":37}}]},"5":{"loc":{"start":{"line":107,"column":11},"end":{"line":107,"column":67}},"type":"cond-expr","locations":[{"start":{"line":107,"column":39},"end":{"line":107,"column":54}},{"start":{"line":107,"column":57},"end":{"line":107,"column":67}}]}},"s":{"0":0,"1":0,"2":0,"3":0,"4":0,"5":0,"6":0,"7":0,"8":0,"9":0,"10":0,"11":0,"12":0,"13":0,"14":0,"15":0,"16":0,"17":0,"18":0,"19":0},"f":{"0":0,"1":0,"2":0},"b":{"0":[0,0],"1":[0,0],"2":[0,0],"3":[0,0],"4":[0,0],"5":[0,0]}}
,"C:\\Users\\balca\\OneDrive\\Documentos\\GitHub\\CobriXS-v_2\\src\\layout\\Topbar.tsx": {"path":"C:\\Users\\balca\\OneDrive\\Documentos\\GitHub\\CobriXS-v_2\\src\\layout\\Topbar.tsx","statementMap":{"0":{"start":{"line":17,"column":0},"end":{"line":17,"column":24}},"1":{"start":{"line":1,"column":0},"end":{"line":1,"column":44}},"2":{"start":{"line":2,"column":0},"end":{"line":2,"column":47}},"3":{"start":{"line":3,"column":0},"end":{"line":3,"column":67}},"4":{"start":{"line":5,"column":43},"end":{"line":15,"column":2}},"5":{"start":{"line":18,"column":19},"end":{"line":18,"column":32}},"6":{"start":{"line":19,"column":40},"end":{"line":19,"column":55}},"7":{"start":{"line":21,"column":19},"end":{"line":21,"column":61}},"8":{"start":{"line":23,"column":2},"end":{"line":34,"column":26}},"9":{"start":{"line":24,"column":25},"end":{"line":31,"column":5}},"10":{"start":{"line":25,"column":6},"end":{"line":30,"column":7}},"11":{"start":{"line":26,"column":24},"end":{"line":26,"column":48}},"12":{"start":{"line":27,"column":8},"end":{"line":27,"column":34}},"13":{"start":{"line":29,"column":8},"end":{"line":29,"column":30}},"14":{"start":{"line":33,"column":4},"end":{"line":33,"column":19}},"15":{"start":{"line":36,"column":2},"end":{"line":56,"column":4}}},"fnMap":{"0":{"name":"Topbar","decl":{"start":{"line":17,"column":24},"end":{"line":17,"column":30}},"loc":{"start":{"line":17,"column":30},"end":{"line":57,"column":1}}},"1":{"name":"(anonymous_1)","decl":{"start":{"line":23,"column":12},"end":{"line":23,"column":15}},"loc":{"start":{"line":23,"column":17},"end":{"line":34,"column":3}}},"2":{"name":"(anonymous_2)","decl":{"start":{"line":24,"column":25},"end":{"line":24,"column":30}},"loc":{"start":{"line":24,"column":36},"end":{"line":31,"column":5}}}},"branchMap":{"0":{"loc":{"start":{"line":21,"column":19},"end":{"line":21,"column":61}},"type":"binary-expr","locations":[{"start":{"line":21,"column":19},"end":{"line":21,"column":48}},{"start":{"line":21,"column":52},"end":{"line":21,"column":61}}]},"1":{"loc":{"start":{"line":44,"column":9},"end":{"line":48,"column":null}},"type":"binary-expr","locations":[{"start":{"line":44,"column":9},"end":{"line":44,"column":20}},{"start":{"line":45,"column":10},"end":{"line":46,"column":null}}]}},"s":{"0":0,"1":0,"2":0,"3":0,"4":0,"5":0,"6":0,"7":0,"8":0,"9":0,"10":0,"11":0,"12":0,"13":0,"14":0,"15":0},"f":{"0":0,"1":0,"2":0},"b":{"0":[0,0],"1":[0,0]}}
,"C:\\Users\\balca\\OneDrive\\Documentos\\GitHub\\CobriXS-v_2\\src\\pages\\Cashier.tsx": {"path":"C:\\Users\\balca\\OneDrive\\Documentos\\GitHub\\CobriXS-v_2\\src\\pages\\Cashier.tsx","statementMap":{"0":{"start":{"line":15,"column":0},"end":{"line":15,"column":24}},"1":{"start":{"line":1,"column":0},"end":{"line":1,"column":57}},"2":{"start":{"line":2,"column":0},"end":{"line":2,"column":49}},"3":{"start":{"line":3,"column":0},"end":{"line":3,"column":51}},"4":{"start":{"line":4,"column":0},"end":{"line":4,"column":67}},"5":{"start":{"line":5,"column":0},"end":{"line":5,"column":51}},"6":{"start":{"line":7,"column":0},"end":{"line":7,"column":50}},"7":{"start":{"line":9,"column":67},"end":{"line":13,"column":2}},"8":{"start":{"line":35,"column":6},"end":{"line":35,"column":18}},"9":{"start":{"line":37,"column":55},"end":{"line":37,"column":65}},"10":{"start":{"line":39,"column":42},"end":{"line":39,"column":54}},"11":{"start":{"line":40,"column":58},"end":{"line":40,"column":73}},"12":{"start":{"line":41,"column":60},"end":{"line":41,"column":75}},"13":{"start":{"line":42,"column":38},"end":{"line":42,"column":50}},"14":{"start":{"line":43,"column":40},"end":{"line":43,"column":52}},"15":{"start":{"line":44,"column":46},"end":{"line":44,"column":61}},"16":{"start":{"line":45,"column":46},"end":{"line":45,"column":61}},"17":{"start":{"line":46,"column":50},"end":{"line":46,"column":65}},"18":{"start":{"line":47,"column":48},"end":{"line":47,"column":83}},"19":{"start":{"line":48,"column":40},"end":{"line":48,"column":78}},"20":{"start":{"line":49,"column":42},"end":{"line":49,"column":97}},"21":{"start":{"line":50,"column":46},"end":{"line":50,"column":57}},"22":{"start":{"line":51,"column":54},"end":{"line":51,"column":69}},"23":{"start":{"line":52,"column":44},"end":{"line":52,"column":56}},"24":{"start":{"line":54,"column":2},"end":{"line":58,"column":36}},"25":{"start":{"line":55,"column":4},"end":{"line":57,"column":23}},"26":{"start":{"line":56,"column":18},"end":{"line":56,"column":49}},"27":{"start":{"line":56,"column":43},"end":{"line":56,"column":48}},"28":{"start":{"line":60,"column":2},"end":{"line":67,"column":35}},"29":{"start":{"line":61,"column":4},"end":{"line":64,"column":5}},"30":{"start":{"line":62,"column":6},"end":{"line":62,"column":23}},"31":{"start":{"line":63,"column":6},"end":{"line":63,"column":13}},"32":{"start":{"line":65,"column":14},"end":{"line":65,"column":63}},"33":{"start":{"line":65,"column":31},"end":{"line":65,"column":57}},"34":{"start":{"line":66,"column":4},"end":{"line":66,"column":33}},"35":{"start":{"line":66,"column":17},"end":{"line":66,"column":32}},"36":{"start":{"line":69,"column":29},"end":{"line":74,"column":39}},"37":{"start":{"line":70,"column":17},"end":{"line":70,"column":36}},"38":{"start":{"line":71,"column":4},"end":{"line":71,"column":22}},"39":{"start":{"line":71,"column":15},"end":{"line":71,"column":22}},"40":{"start":{"line":72,"column":4},"end":{"line":72,"column":28}},"41":{"start":{"line":73,"column":4},"end":{"line":73,"column":24}},"42":{"start":{"line":76,"column":25},"end":{"line":94,"column":61}},"43":{"start":{"line":77,"column":19},"end":{"line":77,"column":42}},"44":{"start":{"line":78,"column":4},"end":{"line":81,"column":5}},"45":{"start":{"line":79,"column":6},"end":{"line":79,"column":54}},"46":{"start":{"line":80,"column":6},"end":{"line":80,"column":13}},"47":{"start":{"line":82,"column":4},"end":{"line":82,"column":28}},"48":{"start":{"line":83,"column":4},"end":{"line":83,"column":19}},"49":{"start":{"line":84,"column":4},"end":{"line":93,"column":5}},"50":{"start":{"line":85,"column":6},"end":{"line":85,"column":38}},"51":{"start":{"line":86,"column":6},"end":{"line":86,"column":37}},"52":{"start":{"line":87,"column":6},"end":{"line":87,"column":24}},"53":{"start":{"line":88,"column":6},"end":{"line":88,"column":49}},"54":{"start":{"line":90,"column":6},"end":{"line":90,"column":71}},"55":{"start":{"line":92,"column":6},"end":{"line":92,"column":31}},"56":{"start":{"line":96,"column":26},"end":{"line":114,"column":63}},"57":{"start":{"line":97,"column":19},"end":{"line":97,"column":43}},"58":{"start":{"line":98,"column":4},"end":{"line":101,"column":5}},"59":{"start":{"line":99,"column":6},"end":{"line":99,"column":54}},"60":{"start":{"line":100,"column":6},"end":{"line":100,"column":13}},"61":{"start":{"line":102,"column":4},"end":{"line":102,"column":28}},"62":{"start":{"line":103,"column":4},"end":{"line":103,"column":19}},"63":{"start":{"line":104,"column":4},"end":{"line":113,"column":5}},"64":{"start":{"line":105,"column":6},"end":{"line":105,"column":39}},"65":{"start":{"line":106,"column":6},"end":{"line":106,"column":38}},"66":{"start":{"line":107,"column":6},"end":{"line":107,"column":25}},"67":{"start":{"line":108,"column":6},"end":{"line":108,"column":49}},"68":{"start":{"line":110,"column":6},"end":{"line":110,"column":72}},"69":{"start":{"line":112,"column":6},"end":{"line":112,"column":31}},"70":{"start":{"line":116,"column":31},"end":{"line":126,"column":38}},"71":{"start":{"line":117,"column":4},"end":{"line":120,"column":5}},"72":{"start":{"line":118,"column":6},"end":{"line":118,"column":50}},"73":{"start":{"line":119,"column":6},"end":{"line":119,"column":13}},"74":{"start":{"line":121,"column":4},"end":{"line":124,"column":5}},"75":{"start":{"line":122,"column":6},"end":{"line":122,"column":46}},"76":{"start":{"line":123,"column":6},"end":{"line":123,"column":13}},"77":{"start":{"line":125,"column":4},"end":{"line":125,"column":30}},"78":{"start":{"line":128,"column":19},"end":{"line":128,"column":24}},"79":{"start":{"line":130,"column":25},"end":{"line":179,"column":4}},"80":{"start":{"line":131,"column":4},"end":{"line":131,"column":19}},"81":{"start":{"line":132,"column":23},"end":{"line":132,"column":28}},"82":{"start":{"line":133,"column":25},"end":{"line":133,"column":34}},"83":{"start":{"line":134,"column":49},"end":{"line":134,"column":64}},"84":{"start":{"line":137,"column":4},"end":{"line":148,"column":5}},"85":{"start":{"line":138,"column":18},"end":{"line":138,"column":91}},"86":{"start":{"line":139,"column":6},"end":{"line":142,"column":7}},"87":{"start":{"line":140,"column":8},"end":{"line":140,"column":96}},"88":{"start":{"line":141,"column":8},"end":{"line":141,"column":15}},"89":{"start":{"line":143,"column":6},"end":{"line":143,"column":30}},"90":{"start":{"line":144,"column":6},"end":{"line":144,"column":28}},"91":{"start":{"line":145,"column":6},"end":{"line":145,"column":87}},"92":{"start":{"line":145,"column":37},"end":{"line":145,"column":87}},"93":{"start":{"line":146,"column":6},"end":{"line":146,"column":84}},"94":{"start":{"line":146,"column":36},"end":{"line":146,"column":84}},"95":{"start":{"line":147,"column":6},"end":{"line":147,"column":102}},"96":{"start":{"line":147,"column":42},"end":{"line":147,"column":102}},"97":{"start":{"line":150,"column":4},"end":{"line":167,"column":5}},"98":{"start":{"line":151,"column":21},"end":{"line":151,"column":94}},"99":{"start":{"line":152,"column":6},"end":{"line":152,"column":33}},"100":{"start":{"line":153,"column":6},"end":{"line":153,"column":31}},"101":{"start":{"line":154,"column":6},"end":{"line":154,"column":69}},"102":{"start":{"line":155,"column":6},"end":{"line":155,"column":52}},"103":{"start":{"line":157,"column":6},"end":{"line":164,"column":9}},"104":{"start":{"line":166,"column":6},"end":{"line":166,"column":56}},"105":{"start":{"line":181,"column":2},"end":{"line":612,"column":4}},"106":{"start":{"line":195,"column":29},"end":{"line":195,"column":58}},"107":{"start":{"line":205,"column":16},"end":{"line":205,"column":35}},"108":{"start":{"line":206,"column":16},"end":{"line":206,"column":47}},"109":{"start":{"line":223,"column":27},"end":{"line":223,"column":41}},"110":{"start":{"line":239,"column":31},"end":{"line":239,"column":62}},"111":{"start":{"line":240,"column":32},"end":{"line":240,"column":73}},"112":{"start":{"line":254,"column":16},"end":{"line":254,"column":44}},"113":{"start":{"line":255,"column":16},"end":{"line":255,"column":37}},"114":{"start":{"line":270,"column":16},"end":{"line":271,"column":null}},"115":{"start":{"line":275,"column":20},"end":{"line":275,"column":33}},"116":{"start":{"line":276,"column":20},"end":{"line":276,"column":40}},"117":{"start":{"line":297,"column":20},"end":{"line":298,"column":null}},"118":{"start":{"line":307,"column":41},"end":{"line":307,"column":72}},"119":{"start":{"line":320,"column":43},"end":{"line":320,"column":95}},"120":{"start":{"line":372,"column":33},"end":{"line":372,"column":62}},"121":{"start":{"line":390,"column":20},"end":{"line":390,"column":39}},"122":{"start":{"line":391,"column":20},"end":{"line":391,"column":51}},"123":{"start":{"line":410,"column":97},"end":{"line":410,"column":128}},"124":{"start":{"line":410,"column":129},"end":{"line":410,"column":147}},"125":{"start":{"line":410,"column":148},"end":{"line":410,"column":163}},"126":{"start":{"line":422,"column":35},"end":{"line":422,"column":64}},"127":{"start":{"line":427,"column":83},"end":{"line":427,"column":113}},"128":{"start":{"line":444,"column":95},"end":{"line":444,"column":126}},"129":{"start":{"line":456,"column":35},"end":{"line":456,"column":65}},"130":{"start":{"line":461,"column":83},"end":{"line":461,"column":114}},"131":{"start":{"line":478,"column":95},"end":{"line":478,"column":121}},"132":{"start":{"line":488,"column":37},"end":{"line":488,"column":61}},"133":{"start":{"line":495,"column":37},"end":{"line":495,"column":60}},"134":{"start":{"line":508,"column":39},"end":{"line":508,"column":90}},"135":{"start":{"line":512,"column":24},"end":{"line":512,"column":46}},"136":{"start":{"line":520,"column":22},"end":{"line":520,"column":41}},"137":{"start":{"line":530,"column":28},"end":{"line":530,"column":108}},"138":{"start":{"line":530,"column":55},"end":{"line":530,"column":106}},"139":{"start":{"line":543,"column":83},"end":{"line":543,"column":109}},"140":{"start":{"line":560,"column":97},"end":{"line":560,"column":126}},"141":{"start":{"line":560,"column":127},"end":{"line":560,"column":148}},"142":{"start":{"line":568,"column":35},"end":{"line":568,"column":67}},"143":{"start":{"line":574,"column":35},"end":{"line":578,"column":null}},"144":{"start":{"line":576,"column":22},"end":{"line":578,"column":92}},"145":{"start":{"line":580,"column":18},"end":{"line":604,"column":20}},"146":{"start":{"line":583,"column":24},"end":{"line":584,"column":null}},"147":{"start":{"line":588,"column":28},"end":{"line":588,"column":41}},"148":{"start":{"line":589,"column":28},"end":{"line":589,"column":57}},"149":{"start":{"line":590,"column":28},"end":{"line":590,"column":49}}},"fnMap":{"0":{"name":"Cashier","decl":{"start":{"line":15,"column":24},"end":{"line":15,"column":31}},"loc":{"start":{"line":15,"column":31},"end":{"line":613,"column":1}}},"1":{"name":"(anonymous_2)","decl":{"start":{"line":54,"column":12},"end":{"line":54,"column":15}},"loc":{"start":{"line":54,"column":17},"end":{"line":58,"column":3}}},"2":{"name":"(anonymous_3)","decl":{"start":{"line":56,"column":12},"end":{"line":56,"column":15}},"loc":{"start":{"line":56,"column":18},"end":{"line":56,"column":49}}},"3":{"name":"(anonymous_4)","decl":{"start":{"line":56,"column":36},"end":{"line":56,"column":37}},"loc":{"start":{"line":56,"column":43},"end":{"line":56,"column":48}}},"4":{"name":"(anonymous_5)","decl":{"start":{"line":57,"column":13},"end":{"line":57,"column":16}},"loc":{"start":{"line":57,"column":18},"end":{"line":57,"column":21}}},"5":{"name":"(anonymous_6)","decl":{"start":{"line":60,"column":12},"end":{"line":60,"column":15}},"loc":{"start":{"line":60,"column":17},"end":{"line":67,"column":3}}},"6":{"name":"(anonymous_7)","decl":{"start":{"line":65,"column":25},"end":{"line":65,"column":28}},"loc":{"start":{"line":65,"column":31},"end":{"line":65,"column":57}}},"7":{"name":"(anonymous_8)","decl":{"start":{"line":66,"column":11},"end":{"line":66,"column":14}},"loc":{"start":{"line":66,"column":17},"end":{"line":66,"column":32}}},"8":{"name":"(anonymous_9)","decl":{"start":{"line":69,"column":41},"end":{"line":69,"column":44}},"loc":{"start":{"line":69,"column":46},"end":{"line":74,"column":3}}},"9":{"name":"(anonymous_10)","decl":{"start":{"line":76,"column":37},"end":{"line":76,"column":42}},"loc":{"start":{"line":76,"column":48},"end":{"line":94,"column":3}}},"10":{"name":"(anonymous_11)","decl":{"start":{"line":96,"column":38},"end":{"line":96,"column":43}},"loc":{"start":{"line":96,"column":49},"end":{"line":114,"column":3}}},"11":{"name":"(anonymous_12)","decl":{"start":{"line":116,"column":43},"end":{"line":116,"column":46}},"loc":{"start":{"line":116,"column":48},"end":{"line":126,"column":3}}},"12":{"name":"(anonymous_13)","decl":{"start":{"line":130,"column":37},"end":{"line":130,"column":42}},"loc":{"start":{"line":130,"column":48},"end":{"line":168,"column":3}}},"13":{"name":"(anonymous_14)","decl":{"start":{"line":195,"column":23},"end":{"line":195,"column":26}},"loc":{"start":{"line":195,"column":29},"end":{"line":195,"column":58}}},"14":{"name":"(anonymous_15)","decl":{"start":{"line":204,"column":23},"end":{"line":204,"column":26}},"loc":{"start":{"line":204,"column":28},"end":{"line":207,"column":15}}},"15":{"name":"(anonymous_16)","decl":{"start":{"line":223,"column":21},"end":{"line":223,"column":24}},"loc":{"start":{"line":223,"column":27},"end":{"line":223,"column":41}}},"16":{"name":"(anonymous_17)","decl":{"start":{"line":239,"column":24},"end":{"line":239,"column":25}},"loc":{"start":{"line":239,"column":31},"end":{"line":239,"column":62}}},"17":{"name":"(anonymous_18)","decl":{"start":{"line":240,"column":25},"end":{"line":240,"column":26}},"loc":{"start":{"line":240,"column":32},"end":{"line":240,"column":73}}},"18":{"name":"(anonymous_19)","decl":{"start":{"line":253,"column":23},"end":{"line":253,"column":26}},"loc":{"start":{"line":253,"column":28},"end":{"line":256,"column":15}}},"19":{"name":"(anonymous_20)","decl":{"start":{"line":269,"column":45},"end":{"line":269,"column":46}},"loc":{"start":{"line":270,"column":16},"end":{"line":271,"column":null}}},"20":{"name":"(anonymous_21)","decl":{"start":{"line":274,"column":27},"end":{"line":274,"column":30}},"loc":{"start":{"line":274,"column":32},"end":{"line":277,"column":19}}},"21":{"name":"(anonymous_22)","decl":{"start":{"line":296,"column":28},"end":{"line":296,"column":29}},"loc":{"start":{"line":297,"column":20},"end":{"line":298,"column":null}}},"22":{"name":"(anonymous_23)","decl":{"start":{"line":307,"column":35},"end":{"line":307,"column":38}},"loc":{"start":{"line":307,"column":41},"end":{"line":307,"column":72}}},"23":{"name":"(anonymous_24)","decl":{"start":{"line":320,"column":36},"end":{"line":320,"column":37}},"loc":{"start":{"line":320,"column":43},"end":{"line":320,"column":95}}},"24":{"name":"(anonymous_25)","decl":{"start":{"line":372,"column":27},"end":{"line":372,"column":30}},"loc":{"start":{"line":372,"column":33},"end":{"line":372,"column":62}}},"25":{"name":"(anonymous_26)","decl":{"start":{"line":389,"column":27},"end":{"line":389,"column":30}},"loc":{"start":{"line":389,"column":32},"end":{"line":392,"column":19}}},"26":{"name":"(anonymous_27)","decl":{"start":{"line":410,"column":89},"end":{"line":410,"column":92}},"loc":{"start":{"line":410,"column":94},"end":{"line":410,"column":165}}},"27":{"name":"(anonymous_28)","decl":{"start":{"line":422,"column":28},"end":{"line":422,"column":29}},"loc":{"start":{"line":422,"column":35},"end":{"line":422,"column":64}}},"28":{"name":"(anonymous_29)","decl":{"start":{"line":427,"column":77},"end":{"line":427,"column":80}},"loc":{"start":{"line":427,"column":83},"end":{"line":427,"column":113}}},"29":{"name":"(anonymous_30)","decl":{"start":{"line":444,"column":89},"end":{"line":444,"column":92}},"loc":{"start":{"line":444,"column":95},"end":{"line":444,"column":126}}},"30":{"name":"(anonymous_31)","decl":{"start":{"line":456,"column":28},"end":{"line":456,"column":29}},"loc":{"start":{"line":456,"column":35},"end":{"line":456,"column":65}}},"31":{"name":"(anonymous_32)","decl":{"start":{"line":461,"column":77},"end":{"line":461,"column":80}},"loc":{"start":{"line":461,"column":83},"end":{"line":461,"column":114}}},"32":{"name":"(anonymous_33)","decl":{"start":{"line":478,"column":89},"end":{"line":478,"column":92}},"loc":{"start":{"line":478,"column":95},"end":{"line":478,"column":121}}},"33":{"name":"(anonymous_34)","decl":{"start":{"line":488,"column":31},"end":{"line":488,"column":34}},"loc":{"start":{"line":488,"column":37},"end":{"line":488,"column":61}}},"34":{"name":"(anonymous_35)","decl":{"start":{"line":495,"column":31},"end":{"line":495,"column":34}},"loc":{"start":{"line":495,"column":37},"end":{"line":495,"column":60}}},"35":{"name":"(anonymous_36)","decl":{"start":{"line":508,"column":32},"end":{"line":508,"column":33}},"loc":{"start":{"line":508,"column":39},"end":{"line":508,"column":90}}},"36":{"name":"(anonymous_37)","decl":{"start":{"line":511,"column":43},"end":{"line":511,"column":44}},"loc":{"start":{"line":512,"column":24},"end":{"line":512,"column":46}}},"37":{"name":"(anonymous_38)","decl":{"start":{"line":519,"column":41},"end":{"line":519,"column":42}},"loc":{"start":{"line":520,"column":22},"end":{"line":520,"column":41}}},"38":{"name":"(anonymous_39)","decl":{"start":{"line":529,"column":36},"end":{"line":529,"column":37}},"loc":{"start":{"line":530,"column":28},"end":{"line":530,"column":108}}},"39":{"name":"(anonymous_40)","decl":{"start":{"line":530,"column":44},"end":{"line":530,"column":45}},"loc":{"start":{"line":530,"column":55},"end":{"line":530,"column":106}}},"40":{"name":"(anonymous_41)","decl":{"start":{"line":543,"column":77},"end":{"line":543,"column":80}},"loc":{"start":{"line":543,"column":83},"end":{"line":543,"column":109}}},"41":{"name":"(anonymous_42)","decl":{"start":{"line":560,"column":89},"end":{"line":560,"column":92}},"loc":{"start":{"line":560,"column":94},"end":{"line":560,"column":150}}},"42":{"name":"(anonymous_43)","decl":{"start":{"line":568,"column":28},"end":{"line":568,"column":29}},"loc":{"start":{"line":568,"column":35},"end":{"line":568,"column":67}}},"43":{"name":"(anonymous_44)","decl":{"start":{"line":573,"column":21},"end":{"line":573,"column":24}},"loc":{"start":{"line":573,"column":26},"end":{"line":605,"column":17}}},"44":{"name":"(anonymous_45)","decl":{"start":{"line":575,"column":20},"end":{"line":575,"column":21}},"loc":{"start":{"line":576,"column":22},"end":{"line":578,"column":92}}},"45":{"name":"(anonymous_46)","decl":{"start":{"line":582,"column":36},"end":{"line":582,"column":37}},"loc":{"start":{"line":583,"column":24},"end":{"line":584,"column":null}}},"46":{"name":"(anonymous_47)","decl":{"start":{"line":587,"column":35},"end":{"line":587,"column":38}},"loc":{"start":{"line":587,"column":40},"end":{"line":591,"column":27}}}},"branchMap
[...]
umn":10},"end":{"line":167,"column":16}},{"start":{"line":167,"column":20},"end":{"line":167,"column":43}}]},"22":{"loc":{"start":{"line":174,"column":6},"end":{"line":174,"column":58}},"type":"if","locations":[{"start":{"line":174,"column":6},"end":{"line":174,"column":58}},{"start":{},"end":{}}]},"23":{"loc":{"start":{"line":174,"column":10},"end":{"line":174,"column":43}},"type":"binary-expr","locations":[{"start":{"line":174,"column":10},"end":{"line":174,"column":16}},{"start":{"line":174,"column":20},"end":{"line":174,"column":43}}]},"24":{"loc":{"start":{"line":184,"column":4},"end":{"line":189,"column":5}},"type":"if","locations":[{"start":{"line":184,"column":4},"end":{"line":189,"column":5}},{"start":{},"end":{}}]},"25":{"loc":{"start":{"line":207,"column":2},"end":{"line":207,"column":50}},"type":"if","locations":[{"start":{"line":207,"column":2},"end":{"line":207,"column":50}},{"start":{},"end":{}}]},"26":{"loc":{"start":{"line":208,"column":2},"end":{"line":208,"column":46}},"type":"if","locations":[{"start":{"line":208,"column":2},"end":{"line":208,"column":46}},{"start":{},"end":{}}]},"27":{"loc":{"start":{"line":209,"column":2},"end":{"line":209,"column":53}},"type":"if","locations":[{"start":{"line":209,"column":2},"end":{"line":209,"column":53}},{"start":{},"end":{}}]},"28":{"loc":{"start":{"line":213,"column":2},"end":{"line":213,"column":25}},"type":"if","locations":[{"start":{"line":213,"column":2},"end":{"line":213,"column":25}},{"start":{},"end":{}}]},"29":{"loc":{"start":{"line":214,"column":9},"end":{"line":214,"column":19}},"type":"binary-expr","locations":[{"start":{"line":214,"column":9},"end":{"line":214,"column":13}},{"start":{"line":214,"column":17},"end":{"line":214,"column":19}}]},"30":{"loc":{"start":{"line":229,"column":2},"end":{"line":229,"column":25}},"type":"if","locations":[{"start":{"line":229,"column":2},"end":{"line":229,"column":25}},{"start":{},"end":{}}]},"31":{"loc":{"start":{"line":230,"column":9},"end":{"line":230,"column":19}},"type":"binary-expr","locations":[{"start":{"line":230,"column":9},"end":{"line":230,"column":13}},{"start":{"line":230,"column":17},"end":{"line":230,"column":19}}]},"32":{"loc":{"start":{"line":246,"column":2},"end":{"line":246,"column":22}},"type":"if","locations":[{"start":{"line":246,"column":2},"end":{"line":246,"column":22}},{"start":{},"end":{}}]},"33":{"loc":{"start":{"line":248,"column":10},"end":{"line":248,"column":20}},"type":"binary-expr","locations":[{"start":{"line":248,"column":10},"end":{"line":248,"column":14}},{"start":{"line":248,"column":18},"end":{"line":248,"column":20}}]},"34":{"loc":{"start":{"line":249,"column":23},"end":{"line":249,"column":35}},"type":"binary-expr","locations":[{"start":{"line":249,"column":23},"end":{"line":249,"column":30}},{"start":{"line":249,"column":34},"end":{"line":249,"column":35}}]}},"s":{"0":1,"1":1,"2":1,"3":1,"4":1,"5":0,"6":0,"7":0,"8":0,"9":0,"10":0,"11":0,"12":0,"13":0,"14":0,"15":0,"16":0,"17":0,"18":0,"19":0,"20":0,"21":0,"22":0,"23":0,"24":0,"25":0,"26":0,"27":0,"28":0,"29":0,"30":0,"31":0,"32":0,"33":0,"34":0,"35":0,"36":0,"37":0,"38":0,"39":0,"40":0,"41":0,"42":0,"43":0,"44":0,"45":0,"46":0,"47":0,"48":0,"49":0,"50":0,"51":0,"52":0,"53":0,"54":0,"55":0,"56":0,"57":0,"58":0,"59":0,"60":0,"61":0,"62":0,"63":0,"64":0,"65":0,"66":0,"67":0,"68":0,"69":0,"70":0,"71":0,"72":0,"73":0,"74":0,"75":0,"76":0,"77":0,"78":0,"79":0,"80":0,"81":0,"82":0,"83":0,"84":0,"85":0,"86":0,"87":0,"88":0,"89":0},"f":{"0":0,"1":0,"2":0,"3":0,"4":0,"5":0,"6":0,"7":0,"8":0,"9":0,"10":0,"11":0,"12":0,"13":0},"b":{"0":[0,0],"1":[0,0],"2":[0,0],"3":[0,0],"4":[0,0,0,0,0,0],"5":[0,0],"6":[0,0],"7":[0,0],"8":[0,0],"9":[0,0],"10":[0,0],"11":[0,0],"12":[0,0],"13":[0,0,0],"14":[0,0],"15":[0,0],"16":[0,0],"17":[0,0],"18":[0,0],"19":[0,0],"20":[0,0],"21":[0,0],"22":[0,0],"23":[0,0],"24":[0,0],"25":[0,0],"26":[0,0],"27":[0,0],"28":[0,0],"29":[0,0],"30":[0,0],"31":[0,0],"32":[0,0],"33":[0,0],"34":[0,0]}}
,"C:\\Users\\balca\\OneDrive\\Documentos\\GitHub\\CobriXS-v_2\\src\\services\\users.service.ts": {"path":"C:\\Users\\balca\\OneDrive\\Documentos\\GitHub\\CobriXS-v_2\\src\\services\\users.service.ts","statementMap":{"0":{"start":{"line":4,"column":0},"end":{"line":4,"column":7}},"1":{"start":{"line":13,"column":0},"end":{"line":13,"column":7}},"2":{"start":{"line":26,"column":0},"end":{"line":26,"column":7}},"3":{"start":{"line":37,"column":0},"end":{"line":37,"column":7}},"4":{"start":{"line":48,"column":0},"end":{"line":48,"column":7}},"5":{"start":{"line":61,"column":0},"end":{"line":61,"column":7}},"6":{"start":{"line":1,"column":0},"end":{"line":1,"column":43}},"7":{"start":{"line":5,"column":26},"end":{"line":8,"column":24}},"8":{"start":{"line":9,"column":2},"end":{"line":9,"column":25}},"9":{"start":{"line":9,"column":13},"end":{"line":9,"column":25}},"10":{"start":{"line":10,"column":2},"end":{"line":10,"column":14}},"11":{"start":{"line":14,"column":29},"end":{"line":14,"column":58}},"12":{"start":{"line":15,"column":2},"end":{"line":15,"column":25}},"13":{"start":{"line":15,"column":13},"end":{"line":15,"column":25}},"14":{"start":{"line":17,"column":26},"end":{"line":21,"column":18}},"15":{"start":{"line":22,"column":2},"end":{"line":22,"column":25}},"16":{"start":{"line":22,"column":13},"end":{"line":22,"column":25}},"17":{"start":{"line":23,"column":2},"end":{"line":23,"column":14}},"18":{"start":{"line":30,"column":20},"end":{"line":33,"column":26}},"19":{"start":{"line":34,"column":2},"end":{"line":34,"column":25}},"20":{"start":{"line":34,"column":13},"end":{"line":34,"column":25}},"21":{"start":{"line":41,"column":20},"end":{"line":44,"column":26}},"22":{"start":{"line":45,"column":2},"end":{"line":45,"column":25}},"23":{"start":{"line":45,"column":13},"end":{"line":45,"column":25}},"24":{"start":{"line":53,"column":20},"end":{"line":57,"column":4}},"25":{"start":{"line":58,"column":2},"end":{"line":58,"column":25}},"26":{"start":{"line":58,"column":13},"end":{"line":58,"column":25}},"27":{"start":{"line":62,"column":20},"end":{"line":65,"column":26}},"28":{"start":{"line":66,"column":2},"end":{"line":66,"column":25}},"29":{"start":{"line":66,"column":13},"end":{"line":66,"column":25}}},"fnMap":{"0":{"name":"getUsers","decl":{"start":{"line":4,"column":22},"end":{"line":4,"column":30}},"loc":{"start":{"line":4,"column":30},"end":{"line":11,"column":1}}},"1":{"name":"getCurrentUserProfile","decl":{"start":{"line":13,"column":22},"end":{"line":13,"column":43}},"loc":{"start":{"line":13,"column":43},"end":{"line":24,"column":1}}},"2":{"name":"updateUserRole","decl":{"start":{"line":26,"column":22},"end":{"line":26,"column":36}},"loc":{"start":{"line":28,"column":28},"end":{"line":35,"column":1}}},"3":{"name":"updateUserName","decl":{"start":{"line":37,"column":22},"end":{"line":37,"column":36}},"loc":{"start":{"line":39,"column":14},"end":{"line":46,"column":1}}},"4":{"name":"createUserProfile","decl":{"start":{"line":48,"column":22},"end":{"line":48,"column":39}},"loc":{"start":{"line":51,"column":28},"end":{"line":59,"column":1}}},"5":{"name":"deleteUserProfile","decl":{"start":{"line":61,"column":22},"end":{"line":61,"column":39}},"loc":{"start":{"line":61,"column":54},"end":{"line":67,"column":1}}}},"branchMap":{"0":{"loc":{"start":{"line":9,"column":2},"end":{"line":9,"column":25}},"type":"if","locations":[{"start":{"line":9,"column":2},"end":{"line":9,"column":25}},{"start":{},"end":{}}]},"1":{"loc":{"start":{"line":15,"column":2},"end":{"line":15,"column":25}},"type":"if","locations":[{"start":{"line":15,"column":2},"end":{"line":15,"column":25}},{"start":{},"end":{}}]},"2":{"loc":{"start":{"line":22,"column":2},"end":{"line":22,"column":25}},"type":"if","locations":[{"start":{"line":22,"column":2},"end":{"line":22,"column":25}},{"start":{},"end":{}}]},"3":{"loc":{"start":{"line":34,"column":2},"end":{"line":34,"column":25}},"type":"if","locations":[{"start":{"line":34,"column":2},"end":{"line":34,"column":25}},{"start":{},"end":{}}]},"4":{"loc":{"start":{"line":45,"column":2},"end":{"line":45,"column":25}},"type":"if","locations":[{"start":{"line":45,"column":2},"end":{"line":45,"column":25}},{"start":{},"end":{}}]},"5":{"loc":{"start":{"line":58,"column":2},"end":{"line":58,"column":25}},"type":"if","locations":[{"start":{"line":58,"column":2},"end":{"line":58,"column":25}},{"start":{},"end":{}}]},"6":{"loc":{"start":{"line":66,"column":2},"end":{"line":66,"column":25}},"type":"if","locations":[{"start":{"line":66,"column":2},"end":{"line":66,"column":25}},{"start":{},"end":{}}]}},"s":{"0":0,"1":0,"2":0,"3":0,"4":0,"5":0,"6":0,"7":0,"8":0,"9":0,"10":0,"11":0,"12":0,"13":0,"14":0,"15":0,"16":0,"17":0,"18":0,"19":0,"20":0,"21":0,"22":0,"23":0,"24":0,"25":0,"26":0,"27":0,"28":0,"29":0},"f":{"0":0,"1":0,"2":0,"3":0,"4":0,"5":0},"b":{"0":[0,0],"1":[0,0],"2":[0,0],"3":[0,0],"4":[0,0],"5":[0,0],"6":[0,0]}}
,"C:\\Users\\balca\\OneDrive\\Documentos\\GitHub\\CobriXS-v_2\\src\\utils\\downloadReport.ts": {"path":"C:\\Users\\balca\\OneDrive\\Documentos\\GitHub\\CobriXS-v_2\\src\\utils\\downloadReport.ts","statementMap":{"0":{"start":{"line":4,"column":0},"end":{"line":4,"column":16}},"1":{"start":{"line":21,"column":25},"end":{"line":21,"column":27}},"2":{"start":{"line":22,"column":14},"end":{"line":22,"column":17}},"3":{"start":{"line":23,"column":17},"end":{"line":24,"column":40}},"4":{"start":{"line":24,"column":4},"end":{"line":24,"column":40}},"5":{"start":{"line":26,"column":2},"end":{"line":26,"column":43}},"6":{"start":{"line":27,"column":2},"end":{"line":27,"column":16}},"7":{"start":{"line":28,"column":2},"end":{"line":28,"column":63}},"8":{"start":{"line":29,"column":2},"end":{"line":29,"column":16}},"9":{"start":{"line":30,"column":2},"end":{"line":30,"column":23}},"10":{"start":{"line":31,"column":2},"end":{"line":31,"column":44}},"11":{"start":{"line":32,"column":2},"end":{"line":34,"column":4}},"12":{"start":{"line":35,"column":2},"end":{"line":35,"column":54}},"13":{"start":{"line":36,"column":2},"end":{"line":38,"column":4}},"14":{"start":{"line":39,"column":2},"end":{"line":39,"column":66}},"15":{"start":{"line":40,"column":2},"end":{"line":40,"column":16}},"16":{"start":{"line":41,"column":2},"end":{"line":41,"column":30}},"17":{"start":{"line":42,"column":2},"end":{"line":42,"column":46}},"18":{"start":{"line":43,"column":2},"end":{"line":45,"column":3}},"19":{"start":{"line":44,"column":4},"end":{"line":44,"column":59}},"20":{"start":{"line":46,"column":2},"end":{"line":46,"column":16}},"21":{"start":{"line":47,"column":2},"end":{"line":47,"column":33}},"22":{"start":{"line":48,"column":2},"end":{"line":50,"column":4}},"23":{"start":{"line":51,"column":2},"end":{"line":71,"column":3}},"24":{"start":{"line":52,"column":17},"end":{"line":52,"column":70}},"25":{"start":{"line":53,"column":19},"end":{"line":53,"column":32}},"26":{"start":{"line":54,"column":19},"end":{"line":54,"column":44}},"27":{"start":{"line":56,"column":6},"end":{"line":61,"column":25}},"28":{"start":{"line":59,"column":12},"end":{"line":59,"column":123}},"29":{"start":{"line":62,"column":4},"end":{"line":70,"column":6}},"30":{"start":{"line":73,"column":14},"end":{"line":73,"column":42}},"31":{"start":{"line":74,"column":15},"end":{"line":74,"column":66}},"32":{"start":{"line":75,"column":14},"end":{"line":75,"column":39}},"33":{"start":{"line":76,"column":12},"end":{"line":76,"column":39}},"34":{"start":{"line":77,"column":2},"end":{"line":77,"column":15}},"35":{"start":{"line":78,"column":2},"end":{"line":78,"column":58}},"36":{"start":{"line":79,"column":2},"end":{"line":79,"column":12}},"37":{"start":{"line":80,"column":2},"end":{"line":80,"column":27}}},"fnMap":{"0":{"name":"downloadReportCSV","decl":{"start":{"line":4,"column":16},"end":{"line":4,"column":33}},"loc":{"start":{"line":19,"column":16},"end":{"line":81,"column":1}}},"1":{"name":"(anonymous_1)","decl":{"start":{"line":23,"column":17},"end":{"line":23,"column":18}},"loc":{"start":{"line":24,"column":4},"end":{"line":24,"column":40}}},"2":{"name":"(anonymous_2)","decl":{"start":{"line":58,"column":10},"end":{"line":58,"column":11}},"loc":{"start":{"line":59,"column":12},"end":{"line":59,"column":123}}}},"branchMap":{"0":{"loc":{"start":{"line":52,"column":17},"end":{"line":52,"column":70}},"type":"binary-expr","locations":[{"start":{"line":52,"column":17},"end":{"line":52,"column":64}},{"start":{"line":52,"column":68},"end":{"line":52,"column":70}}]},"1":{"loc":{"start":{"line":53,"column":19},"end":{"line":53,"column":32}},"type":"binary-expr","locations":[{"start":{"line":53,"column":19},"end":{"line":53,"column":26}},{"start":{"line":53,"column":30},"end":{"line":53,"column":32}}]},"2":{"loc":{"start":{"line":54,"column":19},"end":{"line":54,"column":44}},"type":"binary-expr","locations":[{"start":{"line":54,"column":19},"end":{"line":54,"column":38}},{"start":{"line":54,"column":42},"end":{"line":54,"column":44}}]},"3":{"loc":{"start":{"line":56,"column":6},"end":{"line":61,"column":25}},"type":"binary-expr","locations":[{"start":{"line":56,"column":6},"end":{"line":61,"column":19}},{"start":{"line":61,"column":23},"end":{"line":61,"column":25}}]},"4":{"loc":{"start":{"line":56,"column":7},"end":{"line":56,"column":28}},"type":"binary-expr","locations":[{"start":{"line":56,"column":7},"end":{"line":56,"column":22}},{"start":{"line":56,"column":26},"end":{"line":56,"column":28}}]},"5":{"loc":{"start":{"line":59,"column":16},"end":{"line":59,"column":68}},"type":"binary-expr","locations":[{"start":{"line":59,"column":16},"end":{"line":59,"column":54}},{"start":{"line":59,"column":58},"end":{"line":59,"column":68}}]}},"s":{"0":0,"1":0,"2":0,"3":0,"4":0,"5":0,"6":0,"7":0,"8":0,"9":0,"10":0,"11":0,"12":0,"13":0,"14":0,"15":0,"16":0,"17":0,"18":0,"19":0,"20":0,"21":0,"22":0,"23":0,"24":0,"25":0,"26":0,"27":0,"28":0,"29":0,"30":0,"31":0,"32":0,"33":0,"34":0,"35":0,"36":0,"37":0},"f":{"0":0,"1":0,"2":0},"b":{"0":[0,0],"1":[0,0],"2":[0,0],"3":[0,0],"4":[0,0],"5":[0,0]}}
,"C:\\Users\\balca\\OneDrive\\Documentos\\GitHub\\CobriXS-v_2\\src\\utils\\exportExcel.ts": {"path":"C:\\Users\\balca\\OneDrive\\Documentos\\GitHub\\CobriXS-v_2\\src\\utils\\exportExcel.ts","statementMap":{"0":{"start":{"line":3,"column":0},"end":{"line":3,"column":16}},"1":{"start":{"line":1,"column":0},"end":{"line":1,"column":29}},"2":{"start":{"line":4,"column":20},"end":{"line":4,"column":50}},"3":{"start":{"line":5,"column":19},"end":{"line":5,"column":40}},"4":{"start":{"line":7,"column":2},"end":{"line":7,"column":65}},"5":{"start":{"line":8,"column":2},"end":{"line":8,"column":45}}},"fnMap":{"0":{"name":"exportToExcel","decl":{"start":{"line":3,"column":16},"end":{"line":3,"column":29}},"loc":{"start":{"line":3,"column":61},"end":{"line":9,"column":1}}}},"branchMap":{},"s":{"0":0,"1":0,"2":0,"3":0,"4":0,"5":0},"f":{"0":0},"b":{}}
,"C:\\Users\\balca\\OneDrive\\Documentos\\GitHub\\CobriXS-v_2\\src\\utils\\printTicket.ts": {"path":"C:\\Users\\balca\\OneDrive\\Documentos\\GitHub\\CobriXS-v_2\\src\\utils\\printTicket.ts","statementMap":{"0":{"start":{"line":20,"column":0},"end":{"line":20,"column":16}},"1":{"start":{"line":4,"column":46},"end":{"line":9,"column":2}},"2":{"start":{"line":21,"column":14},"end":{"line":21,"column":63}},"3":{"start":{"line":22,"column":2},"end":{"line":25,"column":3}},"4":{"start":{"line":23,"column":4},"end":{"line":23,"column":58}},"5":{"start":{"line":24,"column":4},"end":{"line":24,"column":11}},"6":{"start":{"line":27,"column":15},"end":{"line":27,"column":38}},"7":{"start":{"line":28,"column":26},"end":{"line":38,"column":4}},"8":{"start":{"line":40,"column":2},"end":{"line":45,"column":3}},"9":{"start":{"line":41,"column":17},"end":{"line":41,"column":58}},"10":{"start":{"line":42,"column":16},"end":{"line":42,"column":49}},"11":{"start":{"line":43,"column":21},"end":{"line":43,"column":80}},"12":{"start":{"line":44,"column":4},"end":{"line":44,"column":46}},"13":{"start":{"line":47,"column":2},"end":{"line":47,"column":52}},"14":{"start":{"line":48,"column":2},"end":{"line":48,"column":68}},"15":{"start":{"line":49,"column":2},"end":{"line":49,"column":52}},"16":{"start":{"line":50,"column":2},"end":{"line":50,"column":81}},"17":{"start":{"line":52,"column":2},"end":{"line":58,"column":3}},"18":{"start":{"line":53,"column":4},"end":{"line":57,"column":5}},"19":{"start":{"line":54,"column":6},"end":{"line":56,"column":7}},"20":{"start":{"line":55,"column":8},"end":{"line":55,"column":84}},"21":{"start":{"line":60,"column":2},"end":{"line":60,"column":52}},"22":{"start":{"line":61,"column":2},"end":{"line":61,"column":44}},"23":{"start":{"line":62,"column":2},"end":{"line":62,"column":52}},"24":{"start":{"line":64,"column":18},"end":{"line":64,"column":50}},"25":{"start":{"line":66,"column":2},"end":{"line":85,"column":10}},"26":{"start":{"line":86,"column":2},"end":{"line":86,"column":23}},"27":{"start":{"line":88,"column":2},"end":{"line":91,"column":4}},"28":{"start":{"line":89,"column":4},"end":{"line":89,"column":16}},"29":{"start":{"line":90,"column":4},"end":{"line":90,"column":41}},"30":{"start":{"line":90,"column":29},"end":{"line":90,"column":40}}},"fnMap":{"0":{"name":"printTicket","decl":{"start":{"line":20,"column":16},"end":{"line":20,"column":27}},"loc":{"start":{"line":20,"column":49},"end":{"line":92,"column":1}}},"1":{"name":"(anonymous_1)","decl":{"start":{"line":88,"column":15},"end":{"line":88,"column":18}},"loc":{"start":{"line":88,"column":20},"end":{"line":91,"column":3}}},"2":{"name":"(anonymous_2)","decl":{"start":{"line":90,"column":23},"end":{"line":90,"column":26}},"loc":{"start":{"line":90,"column":29},"end":{"line":90,"column":40}}}},"branchMap":{"0":{"loc":{"start":{"line":22,"column":2},"end":{"line":25,"column":3}},"type":"if","locations":[{"start":{"line":22,"column":2},"end":{"line":25,"column":3}},{"start":{},"end":{}}]},"1":{"loc":{"start":{"line":27,"column":15},"end":{"line":27,"column":38}},"type":"binary-expr","locations":[{"start":{"line":27,"column":15},"end":{"line":27,"column":24}},{"start":{"line":27,"column":28},"end":{"line":27,"column":38}}]},"2":{"loc":{"start":{"line":34,"column":4},"end":{"line":34,"column":58}},"type":"cond-expr","locations":[{"start":{"line":34,"column":18},"end":{"line":34,"column":53}},{"start":{"line":34,"column":56},"end":{"line":34,"column":58}}]},"3":{"loc":{"start":{"line":43,"column":39},"end":{"line":43,"column":67}},"type":"binary-expr","locations":[{"start":{"line":43,"column":39},"end":{"line":43,"column":62}},{"start":{"line":43,"column":66},"end":{"line":43,"column":67}}]},"4":{"loc":{"start":{"line":50,"column":22},"end":{"line":50,"column":77}},"type":"binary-expr","locations":[{"start":{"line":50,"column":22},"end":{"line":50,"column":55}},{"start":{"line":50,"column":59},"end":{"line":50,"column":77}}]},"5":{"loc":{"start":{"line":52,"column":2},"end":{"line":58,"column":3}},"type":"if","locations":[{"start":{"line":52,"column":2},"end":{"line":58,"column":3}},{"start":{},"end":{}}]},"6":{"loc":{"start":{"line":52,"column":6},"end":{"line":52,"column":76}},"type":"binary-expr","locations":[{"start":{"line":52,"column":6},"end":{"line":52,"column":27}},{"start":{"line":52,"column":31},"end":{"line":52,"column":76}}]},"7":{"loc":{"start":{"line":54,"column":6},"end":{"line":56,"column":7}},"type":"if","locations":[{"start":{"line":54,"column":6},"end":{"line":56,"column":7}},{"start":{},"end":{}}]},"8":{"loc":{"start":{"line":55,"column":26},"end":{"line":55,"column":57}},"type":"binary-expr","locations":[{"start":{"line":55,"column":26},"end":{"line":55,"column":47}},{"start":{"line":55,"column":51},"end":{"line":55,"column":57}}]}},"s":{"0":0,"1":0,"2":0,"3":0,"4":0,"5":0,"6":0,"7":0,"8":0,"9":0,"10":0,"11":0,"12":0,"13":0,"14":0,"15":0,"16":0,"17":0,"18":0,"19":0,"20":0,"21":0,"22":0,"23":0,"24":0,"25":0,"26":0,"27":0,"28":0,"29":0,"30":0},"f":{"0":0,"1":0,"2":0},"b":{"0":[0,0],"1":[0,0],"2":[0,0],"3":[0,0],"4":[0,0],"5":[0,0],"6":[0,0],"7":[0,0],"8":[0,0]}}
}
