TN:
SF:src\App.tsx
FN:2,App
FNF:1
FNH:0
FNDA:0,App
DA:3,0
DA:13,0
LF:2
LH:0
BRF:0
BRH:0
end_of_record
TN:
SF:src\router.tsx
FNF:0
FNH:0
DA:1,0
DA:3,0
DA:4,0
DA:5,0
DA:6,0
DA:7,0
DA:8,0
DA:9,0
DA:10,0
DA:11,0
DA:12,0
DA:13,0
DA:15,0
DA:17,0
LF:14
LH:0
BRF:0
BRH:0
end_of_record
TN:
SF:src\components\PageHeader.tsx
FN:9,PageHeader
FN:15,(anonymous_1)
FNF:2
FNH:0
FNDA:0,PageHeader
FNDA:0,(anonymous_1)
DA:1,0
DA:9,0
DA:10,0
DA:16,0
LF:4
LH:0
BRDA:12,0,0,0
BRDA:12,0,1,0
BRDA:12,0,2,0
BRDA:18,1,0,0
BRDA:18,1,1,0
BRDA:19,2,0,0
BRDA:19,2,1,0
BRDA:21,3,0,0
BRDA:21,3,1,0
BRDA:28,4,0,0
BRDA:28,4,1,0
BRF:11
BRH:0
end_of_record
TN:
SF:src\components\ProtectedRoute.tsx
FN:10,ProtectedRoute
FN:15,(anonymous_1)
FN:17,(anonymous_2)
FNF:3
FNH:0
FNDA:0,ProtectedRoute
FNDA:0,(anonymous_1)
FNDA:0,(anonymous_2)
DA:1,0
DA:2,0
DA:3,0
DA:10,0
DA:12,0
DA:13,0
DA:15,0
DA:17,0
DA:19,0
DA:22,0
DA:24,0
DA:27,0
DA:28,0
DA:29,0
DA:30,0
DA:33,0
DA:36,0
DA:37,0
DA:38,0
DA:39,0
DA:43,0
DA:49,0
DA:50,0
DA:51,0
DA:52,0
DA:56,0
DA:57,0
DA:59,0
DA:62,0
DA:66,0
DA:67,0
DA:68,0
DA:74,0
DA:79,0
DA:80,0
DA:88,0
DA:89,0
DA:93,0
LF:38
LH:0
BRDA:27,0,0,0
BRDA:27,0,1,0
BRDA:36,1,0,0
BRDA:36,1,1,0
BRDA:49,2,0,0
BRDA:49,2,1,0
BRDA:49,3,0,0
BRDA:49,3,1,0
BRDA:56,4,0,0
BRDA:56,4,1,0
BRDA:79,5,0,0
BRDA:79,5,1,0
BRDA:88,6,0,0
BRDA:88,6,1,0
BRF:14
BRH:0
end_of_record
TN:
SF:src\context\SettingsContext.tsx
FN:22,SettingsProvider
FN:24,(anonymous_1)
FN:27,(anonymous_2)
FN:30,(anonymous_3)
FN:35,(anonymous_4)
FN:40,(anonymous_5)
FN:60,useSettings
FNF:7
FNH:0
FNDA:0,SettingsProvider
FNDA:0,(anonymous_1)
FNDA:0,(anonymous_2)
FNDA:0,(anonymous_3)
FNDA:0,(anonymous_4)
FNDA:0,(anonymous_5)
FNDA:0,useSettings
DA:1,0
DA:3,0
DA:4,0
DA:18,0
DA:20,0
DA:22,0
DA:23,0
DA:24,0
DA:26,0
DA:27,0
DA:30,0
DA:31,0
DA:32,0
DA:35,0
DA:36,0
DA:37,0
DA:40,0
DA:41,0
DA:42,0
DA:45,0
DA:60,0
DA:61,0
DA:62,0
DA:63,0
LF:24
LH:0
BRDA:24,0,0,0
BRDA:24,0,1,0
BRDA:27,1,0,0
BRDA:27,1,1,0
BRDA:62,2,0,0
BRDA:62,2,1,0
BRF:6
BRH:0
end_of_record
TN:
SF:src\context\StoreContext.tsx
FN:20,StoreProvider
FN:26,(anonymous_1)
FN:27,(anonymous_2)
FN:37,useStore
FNF:4
FNH:0
FNDA:0,StoreProvider
FNDA:0,(anonymous_1)
FNDA:0,(anonymous_2)
FNDA:0,useStore
DA:1,0
DA:18,0
DA:20,0
DA:21,0
DA:30,0
DA:37,0
DA:38,0
DA:39,0
DA:40,0
LF:9
LH:0
BRDA:39,0,0,0
BRDA:39,0,1,0
BRF:2
BRH:0
end_of_record
TN:
SF:src\context\ToastContext.tsx
FN:25,ToastProvider
FN:28,(anonymous_1)
FN:29,(anonymous_2)
FN:29,(anonymous_3)
FN:33,(anonymous_4)
FN:35,(anonymous_5)
FN:37,(anonymous_6)
FN:44,(anonymous_7)
FN:51,(anonymous_8)
FN:56,(anonymous_9)
FN:61,(anonymous_10)
FN:73,ToastContainer
FN:82,(anonymous_12)
FN:98,(anonymous_13)
FN:108,useToast
FNF:15
FNH:0
FNDA:0,ToastProvider
FNDA:0,(anonymous_1)
FNDA:0,(anonymous_2)
FNDA:0,(anonymous_3)
FNDA:0,(anonymous_4)
FNDA:0,(anonymous_5)
FNDA:0,(anonymous_6)
FNDA:0,(anonymous_7)
FNDA:0,(anonymous_8)
FNDA:0,(anonymous_9)
FNDA:0,(anonymous_10)
FNDA:0,ToastContainer
FNDA:0,(anonymous_12)
FNDA:0,(anonymous_13)
FNDA:0,useToast
DA:1,0
DA:21,0
DA:23,0
DA:25,0
DA:26,0
DA:28,0
DA:29,0
DA:32,0
DA:34,0
DA:35,0
DA:36,0
DA:37,0
DA:43,0
DA:45,0
DA:50,0
DA:51,0
DA:55,0
DA:56,0
DA:60,0
DA:61,0
DA:65,0
DA:74,0
DA:75,0
DA:83,0
DA:98,0
DA:108,0
DA:109,0
DA:110,0
DA:111,0
LF:29
LH:0
BRDA:33,0,0,0
BRDA:33,1,0,0
BRDA:36,2,0,0
BRDA:36,2,1,0
BRDA:45,3,0,0
BRDA:45,3,1,0
BRDA:45,4,0,0
BRDA:45,4,1,0
BRDA:51,5,0,0
BRDA:51,5,1,0
BRDA:56,6,0,0
BRDA:56,6,1,0
BRDA:61,7,0,0
BRDA:61,7,1,0
BRDA:74,8,0,0
BRDA:74,8,1,0
BRDA:86,9,0,0
BRDA:86,9,1,0
BRDA:86,10,0,0
BRDA:86,10,1,0
BRDA:86,11,0,0
BRDA:86,11,1,0
BRDA:91,12,0,0
BRDA:91,12,1,0
BRDA:91,13,0,0
BRDA:91,13,1,0
BRDA:91,14,0,0
BRDA:91,14,1,0
BRDA:110,15,0,0
BRDA:110,15,1,0
BRF:30
BRH:0
end_of_record
TN:
SF:src\hooks\useAuth.ts
FN:6,useAuth
FN:11,(anonymous_1)
FN:12,(anonymous_2)
FN:32,(anonymous_3)
FN:43,(anonymous_4)
FN:48,(anonymous_5)
FNF:6
FNH:0
FNDA:0,useAuth
FNDA:0,(anonymous_1)
FNDA:0,(anonymous_2)
FNDA:0,(anonymous_3)
FNDA:0,(anonymous_4)
FNDA:0,(anonymous_5)
DA:1,0
DA:2,0
DA:6,0
DA:7,0
DA:8,0
DA:9,0
DA:11,0
DA:12,0
DA:13,0
DA:15,0
DA:16,0
DA:18,0
DA:20,0
DA:21,0
DA:23,0
DA:26,0
DA:29,0
DA:31,0
DA:33,0
DA:35,0
DA:36,0
DA:38,0
DA:43,0
DA:44,0
DA:48,0
DA:49,0
DA:55,0
DA:56,0
DA:57,0
DA:58,0
DA:61,0
DA:64,0
DA:66,0
LF:33
LH:0
BRDA:20,0,0,0
BRDA:20,0,1,0
BRDA:35,1,0,0
BRDA:35,1,1,0
BRDA:55,2,0,0
BRDA:55,2,1,0
BRF:6
BRH:0
end_of_record
TN:
SF:src\hooks\useCashier.ts
FN:18,cartReducer
FN:21,(anonymous_1)
FN:23,(anonymous_2)
FN:32,(anonymous_3)
FN:34,(anonymous_4)
FN:46,useCashier
FN:56,(anonymous_6)
FN:57,(anonymous_7)
FN:60,(anonymous_8)
FN:74,(anonymous_9)
FN:100,(anonymous_10)
FN:106,(anonymous_11)
FN:110,(anonymous_12)
FN:115,(anonymous_13)
FN:119,(anonymous_14)
FN:124,(anonymous_15)
FN:131,(anonymous_16)
FN:143,(anonymous_17)
FN:162,(anonymous_18)
FN:174,(anonymous_19)
FNF:20
FNH:0
FNDA:0,cartReducer
FNDA:0,(anonymous_1)
FNDA:0,(anonymous_2)
FNDA:0,(anonymous_3)
FNDA:0,(anonymous_4)
FNDA:0,useCashier
FNDA:0,(anonymous_6)
FNDA:0,(anonymous_7)
FNDA:0,(anonymous_8)
FNDA:0,(anonymous_9)
FNDA:0,(anonymous_10)
FNDA:0,(anonymous_11)
FNDA:0,(anonymous_12)
FNDA:0,(anonymous_13)
FNDA:0,(anonymous_14)
FNDA:0,(anonymous_15)
FNDA:0,(anonymous_16)
FNDA:0,(anonymous_17)
FNDA:0,(anonymous_18)
FNDA:0,(anonymous_19)
DA:1,0
DA:3,0
DA:4,0
DA:5,0
DA:19,0
DA:21,0
DA:22,0
DA:23,0
DA:24,0
DA:29,0
DA:32,0
DA:34,0
DA:35,0
DA:40,0
DA:42,0
DA:46,0
DA:47,0
DA:48,0
DA:49,0
DA:50,0
DA:51,0
DA:52,0
DA:53,0
DA:54,0
DA:56,0
DA:57,0
DA:60,0
DA:61,0
DA:62,0
DA:63,0
DA:64,0
DA:66,0
DA:67,0
DA:68,0
DA:70,0
DA:74,0
DA:75,0
DA:76,0
DA:77,0
DA:79,0
DA:80,0
DA:81,0
DA:82,0
DA:83,0
DA:84,0
DA:87,0
DA:88,0
DA:89,0
DA:90,0
DA:91,0
DA:93,0
DA:96,0
DA:100,0
DA:101,0
DA:102,0
DA:103,0
DA:106,0
DA:107,0
DA:110,0
DA:111,0
DA:114,0
DA:115,0
DA:119,0
DA:120,0
DA:121,0
DA:124,0
DA:125,0
DA:126,0
DA:127,0
DA:130,0
DA:135,0
DA:136,0
DA:137,0
DA:138,0
DA:139,0
DA:143,0
DA:149,0
DA:150,0
DA:152,0
DA:153,0
DA:154,0
DA:156,0
DA:162,0
DA:163,0
DA:164,0
DA:165,0
DA:166,0
DA:168,0
DA:170,0
DA:174,0
DA:175,0
DA:176,0
DA:179,0
LF:93
LH:0
BRDA:19,0,0,0
BRDA:19,0,1,0
BRDA:19,0,2,0
BRDA:19,0,3,0
BRDA:19,0,4,0
BRDA:22,1,0,0
BRDA:22,1,1,0
BRDA:24,2,0,0
BRDA:24,2,1,0
BRDA:35,3,0,0
BRDA:35,3,1,0
BRDA:62,4,0,0
BRDA:62,4,1,0
BRDA:75,5,0,0
BRDA:75,5,1,0
BRDA:80,6,0,0
BRDA:80,6,1,0
BRDA:88,7,0,0
BRDA:88,7,1,0
BRDA:96,8,0,0
BRDA:96,8,1,0
BRDA:115,9,0,0
BRDA:115,9,1,0
BRDA:125,10,0,0
BRDA:125,10,1,0
BRDA:135,11,0,0
BRDA:135,11,1,0
BRDA:140,12,0,0
BRDA:140,12,1,0
BRDA:146,13,0,0
BRDA:146,13,1,0
BRDA:152,14,0,0
BRDA:152,14,1,0
BRDA:175,15,0,0
BRDA:175,15,1,0
BRF:35
BRH:0
end_of_record
TN:
SF:src\hooks\useInventory.ts
FN:12,useInventory
FN:19,(anonymous_1)
FN:35,(anonymous_2)
FN:38,(anonymous_3)
FN:42,(anonymous_4)
FN:48,(anonymous_5)
FN:60,(anonymous_6)
FN:78,(anonymous_7)
FN:81,(anonymous_8)
FNF:9
FNH:0
FNDA:0,useInventory
FNDA:0,(anonymous_1)
FNDA:0,(anonymous_2)
FNDA:0,(anonymous_3)
FNDA:0,(anonymous_4)
FNDA:0,(anonymous_5)
FNDA:0,(anonymous_6)
FNDA:0,(anonymous_7)
FNDA:0,(anonymous_8)
DA:1,0
DA:2,0
DA:4,0
DA:9,0
DA:10,0
DA:12,0
DA:13,0
DA:14,0
DA:15,0
DA:16,0
DA:17,0
DA:19,0
DA:20,0
DA:21,0
DA:22,0
DA:26,0
DA:27,0
DA:29,0
DA:31,0
DA:35,0
DA:36,0
DA:38,0
DA:39,0
DA:42,0
DA:43,0
DA:47,0
DA:56,0
DA:57,0
DA:58,0
DA:60,0
DA:61,0
DA:69,0
DA:74,0
DA:75,0
DA:78,0
DA:81,0
DA:87,0
LF:37
LH:0
BRDA:29,0,0,0
BRDA:29,0,1,0
BRDA:57,1,0,0
BRDA:57,1,1,0
BRDA:63,2,0,0
BRDA:63,2,1,0
BRDA:63,2,2,0
BRDA:78,3,0,0
BRDA:78,3,1,0
BRDA:81,4,0,0
BRDA:81,4,1,0
BRF:11
BRH:0
end_of_record
TN:
SF:src\hooks\useProducts.ts
FN:6,useProducts
FN:12,(anonymous_1)
FN:26,(anonymous_2)
FNF:3
FNH:0
FNDA:0,useProducts
FNDA:0,(anonymous_1)
FNDA:0,(anonymous_2)
DA:1,0
DA:3,0
DA:4,0
DA:6,0
DA:7,0
DA:8,0
DA:9,0
DA:10,0
DA:12,0
DA:13,0
DA:14,0
DA:15,0
DA:16,0
DA:17,0
DA:19,0
DA:20,0
DA:22,0
DA:26,0
DA:27,0
DA:30,0
LF:20
LH:0
BRF:0
BRH:0
end_of_record
TN:
SF:src\hooks\useUsers.ts
FN:5,useUsers
FN:10,(anonymous_1)
FN:20,(anonymous_2)
FNF:3
FNH:0
FNDA:0,useUsers
FNDA:0,(anonymous_1)
FNDA:0,(anonymous_2)
DA:1,0
DA:2,0
DA:5,0
DA:7,0
DA:8,0
DA:10,0
DA:11,0
DA:12,0
DA:13,0
DA:14,0
DA:16,0
DA:20,0
DA:21,0
DA:24,0
LF:14
LH:0
BRF:0
BRH:0
end_of_record
TN:
SF:src\i18n\en.ts
FNF:0
FNH:0
DA:3,0
LF:1
LH:0
BRF:0
BRH:0
end_of_record
TN:
SF:src\i18n\es.ts
FNF:0
FNH:0
DA:1,0
LF:1
LH:0
BRF:0
BRH:0
end_of_record
TN:
SF:src\layout\DashboardLayout.tsx
FN:6,DashboardLayout
FNF:1
FNH:0
FNDA:0,DashboardLayout
DA:1,0
DA:2,0
DA:3,0
DA:4,0
DA:6,0
DA:7,0
LF:6
LH:0
BRF:0
BRH:0
end_of_record
TN:
SF:src\layout\Sidebar.tsx
FN:6,Sidebar
FN:14,(anonymous_1)
FN:17,(anonymous_2)
FNF:3
FNH:0
FNDA:0,Sidebar
FNDA:0,(anonymous_1)
FNDA:0,(anonymous_2)
DA:1,0
DA:2,0
DA:3,0
DA:4,0
DA:6,0
DA:8,0
DA:9,0
DA:10,0
DA:12,0
DA:14,0
DA:15,0
DA:17,0
DA:18,0
DA:19,0
DA:21,0
DA:22,0
DA:23,0
DA:26,0
DA:28,0
DA:32,0
LF:20
LH:0
BRDA:15,0,0,0
BRDA:15,0,1,0
BRDA:21,1,0,0
BRDA:21,1,1,0
BRDA:54,2,0,0
BRDA:54,2,1,0
BRDA:86,3,0,0
BRDA:86,3,1,0
BRDA:104,4,0,0
BRDA:104,4,1,0
BRDA:107,5,0,0
BRDA:107,5,1,0
BRF:12
BRH:0
end_of_record
TN:
SF:src\layout\Topbar.tsx
FN:17,Topbar
FN:23,(anonymous_1)
FN:24,(anonymous_2)
FNF:3
FNH:0
FNDA:0,Topbar
FNDA:0,(anonymous_1)
FNDA:0,(anonymous_2)
DA:1,0
DA:2,0
DA:3,0
DA:5,0
DA:17,0
DA:18,0
DA:19,0
DA:21,0
DA:23,0
DA:24,0
DA:25,0
DA:26,0
DA:27,0
DA:29,0
DA:33,0
DA:36,0
LF:16
LH:0
BRDA:21,0,0,0
BRDA:21,0,1,0
BRDA:44,1,0,0
BRDA:44,1,1,0
BRF:4
BRH:0
end_of_record
TN:
SF:src\pages\Cashier.tsx
FN:15,Cashier
FN:54,(anonymous_2)
FN:56,(anonymous_3)
FN:56,(anonymous_4)
FN:57,(anonymous_5)
FN:60,(anonymous_6)
FN:65,(anonymous_7)
FN:66,(anonymous_8)
FN:69,(anonymous_9)
FN:76,(anonymous_10)
FN:96,(anonymous_11)
FN:116,(anonymous_12)
FN:130,(anonymous_13)
FN:194,(anonymous_14)
FN:203,(anonymous_15)
FN:222,(anonymous_16)
FN:238,(anonymous_17)
FN:239,(anonymous_18)
FN:252,(anonymous_19)
FN:268,(anonymous_20)
FN:273,(anonymous_21)
FN:295,(anonymous_22)
FN:306,(anonymous_23)
FN:319,(anonymous_24)
FN:371,(anonymous_25)
FN:388,(anonymous_26)
FN:409,(anonymous_27)
FN:421,(anonymous_28)
FN:426,(anonymous_29)
FN:443,(anonymous_30)
FN:455,(anonymous_31)
FN:460,(anonymous_32)
FN:477,(anonymous_33)
FN:487,(anonymous_34)
FN:494,(anonymous_35)
FN:507,(anonymous_36)
FN:510,(anonymous_37)
FN:518,(anonymous_38)
FN:528,(anonymous_39)
FN:529,(anonymous_40)
FN:542,(anonymous_41)
FN:559,(anonymous_42)
FN:567,(anonymous_43)
FN:572,(anonymous_44)
FN:574,(anonymous_45)
FN:581,(anonymous_46)
FN:586,(anonymous_47)
FNF:47
FNH:0
FNDA:0,Cashier
FNDA:0,(anonymous_2)
FNDA:0,(anonymous_3)
FNDA:0,(anonymous_4)
FNDA:0,(anonymous_5)
FNDA:0,(anonymous_6)
FNDA:0,(anonymous_7)
FNDA:0,(anonymous_8)
FNDA:0,(anonymous_9)
FNDA:0,(anonymous_10)
FNDA:0,(anonymous_11)
FNDA:0,(anonymous_12)
FNDA:0,(anonymous_13)
FNDA:0,(anonymous_14)
FNDA:0,(anonymous_15)
FNDA:0,(anonymous_16)
FNDA:0,(anonymous_17)
FNDA:0,(anonymous_18)
FNDA:0,(anonymous_19)
FNDA:0,(anonymous_20)
FNDA:0,(anonymous_21)
FNDA:0,(anonymous_22)
FNDA:0,(anonymous_23)
FNDA:0,(anonymous_24)
FNDA:0,(anonymous_25)
FNDA:0,(anonymous_26)
FNDA:0,(anonymous_27)
FNDA:0,(anonymous_28)
FNDA:0,(anonymous_29)
FNDA:0,(anonymous_30)
FNDA:0,(anonymous_31)
FNDA:0,(anonymous_32)
FNDA:0,(anonymous_33)
FNDA:0,(anonymous_34)
FNDA:0,(anonymous_35)
FNDA:0,(anonymous_36)
FNDA:0,(anonymous_37)
FNDA:0,(anonymous_38)
FNDA:0,(anonymous_39)
FNDA:0,(anonymous_40)
FNDA:0,(anonymous_41)
FNDA:0,(anonymous_42)
FNDA:0,(anonymous_43)
FNDA:0,(anonymous_44)
FNDA:0,(anonymous_45)
FNDA:0,(anonymous_46)
FNDA:0,(anonymous_47)
DA:1,0
DA:2,0
DA:3,0
DA:4,0
DA:5,0
DA:7,0
DA:9,0
DA:15,0
DA:35,0
DA:37,0
DA:39,0
DA:40,0
DA:41,0
DA:42,0
DA:43,0
DA:44,0
DA:45,0
DA:46,0
DA:47,0
DA:48,0
DA:49,0
DA:50,0
DA:51,0
DA:52,0
DA:54,0
DA:55,0
DA:56,0
DA:60,0
DA:61,0
DA:62,0
DA:63,0
DA:65,0
DA:66,0
DA:69,0
DA:70,0
DA:71,0
DA:72,0
DA:73,0
DA:76,0
DA:77,0
DA:78,0
DA:79,0
DA:80,0
DA:82,0
DA:83,0
DA:84,0
DA:85,0
DA:86,0
DA:87,0
DA:88,0
DA:90,0
DA:92,0
DA:96,0
DA:97,0
DA:98,0
DA:99,0
DA:100,0
DA:102,0
DA:103,0
DA:104,0
DA:105,0
DA:106,0
DA:107,0
DA:108,0
DA:110,0
DA:112,0
DA:116,0
DA:117,0
DA:118,0
DA:119,0
DA:121,0
DA:122,0
DA:123,0
DA:125,0
DA:128,0
DA:130,0
DA:131,0
DA:132,0
DA:133,0
DA:134,0
DA:137,0
DA:138,0
DA:139,0
DA:140,0
DA:141,0
DA:143,0
DA:144,0
DA:145,0
DA:146,0
DA:147,0
DA:150,0
DA:151,0
DA:152,0
DA:153,0
DA:154,0
DA:155,0
DA:157,0
DA:166,0
DA:180,0
DA:194,0
DA:204,0
DA:205,0
DA:222,0
DA:238,0
DA:239,0
DA:253,0
DA:254,0
DA:269,0
DA:274,0
DA:275,0
DA:296,0
DA:306,0
DA:319,0
DA:371,0
DA:389,0
DA:390,0
DA:409,0
DA:421,0
DA:426,0
DA:443,0
DA:455,0
DA:460,0
DA:477,0
DA:487,0
DA:494,0
DA:507,0
DA:511,0
DA:519,0
DA:529,0
DA:542,0
DA:559,0
DA:567,0
DA:573,0
DA:575,0
DA:579,0
DA:582,0
DA:587,0
DA:588,0
DA:589,0
LF:139
LH:0
BRDA:61,0,0,0
BRDA:61,0,1,0
BRDA:71,1,0,0
BRDA:71,1,1,0
BRDA:77,2,0,0
BRDA:77,2,1,0
BRDA:78,3,0,0
BRDA:78,3,1,0
BRDA:90,4,0,0
BRDA:90,4,1,0
BRDA:97,5,0,0
BRDA:97,5,1,0
BRDA:98,6,0,0
BRDA:98,6,1,0
BRDA:110,7,0,0
BRDA:110,7,1,0
BRDA:117,8,0,0
BRDA:117,8,1,0
BRDA:121,9,0,0
BRDA:121,9,1,0
BRDA:137,10,0,0
BRDA:137,10,1,0
BRDA:139,11,0,0
BRDA:139,11,1,0
BRDA:145,12,0,0
BRDA:145,12,1,0
BRDA:146,13,0,0
BRDA:146,13,1,0
BRDA:147,14,0,0
BRDA:147,14,1,0
BRDA:166,15,0,0
BRDA:166,15,1,0
BRDA:190,16,0,0
BRDA:190,16,1,0
BRDA:215,17,0,0
BRDA:215,17,1,0
BRDA:239,18,0,0
BRDA:239,18,1,0
BRDA:266,19,0,0
BRDA:266,19,1,0
BRDA:279,20,0,0
BRDA:279,20,1,0
BRDA:287,21,0,0
BRDA:287,21,1,0
BRDA:319,22,0,0
BRDA:319,22,1,0
BRDA:323,23,0,0
BRDA:323,23,1,0
BRDA:350,24,0,0
BRDA:350,24,1,0
BRDA:350,24,2,0
BRDA:358,25,0,0
BRDA:358,25,1,0
BRDA:403,26,0,0
BRDA:403,26,1,0
BRDA:428,27,0,0
BRDA:428,27,1,0
BRDA:437,28,0,0
BRDA:437,28,1,0
BRDA:462,29,0,0
BRDA:462,29,1,0
BRDA:471,30,0,0
BRDA:471,30,1,0
BRDA:486,31,0,0
BRDA:486,31,1,0
BRDA:493,32,0,0
BRDA:493,32,1,0
BRDA:501,33,0,0
BRDA:501,33,1,0
BRDA:527,34,0,0
BRDA:527,34,1,0
BRDA:529,35,0,0
BRDA:529,35,1,0
BRDA:544,36,0,0
BRDA:544,36,1,0
BRDA:553,37,0,0
BRDA:553,37,1,0
BRDA:570,38,0,0
BRDA:570,38,1,0
BRDA:575,39,0,0
BRDA:575,39,1,0
BRDA:575,39,2,0
BRDA:575,39,3,0
BRDA:575,39,4,0
BRDA:594,40,0,0
BRDA:594,40,1,0
BRDA:595,41,0,0
BRDA:595,41,1,0
BRDA:599,42,0,0
BRDA:599,42,1,0
BRF:90
BRH:0
end_of_record
TN:
SF:src\pages\Dashboard.tsx
FN:8,Dashboard
FN:14,(anonymous_2)
FN:20,(anonymous_3)
FN:21,(anonymous_4)
FN:21,(anonymous_5)
FN:22,(anonymous_6)
FN:22,(anonymous_7)
FN:25,(anonymous_8)
FN:26,(anonymous_9)
FN:45,(anonymous_10)
FN:74,(anonymous_11)
FN:125,(anonymous_12)
FNF:12
FNH:0
FNDA:0,Dashboard
FNDA:0,(anonymous_2)
FNDA:0,(anonymous_3)
FNDA:0,(anonymous_4)
FNDA:0,(anonymous_5)
FNDA:0,(anonymous_6)
FNDA:0,(anonymous_7)
FNDA:0,(anonymous_8)
FNDA:0,(anonymous_9)
FNDA:0,(anonymous_10)
FNDA:0,(anonymous_11)
FNDA:0,(anonymous_12)
DA:1,0
DA:2,0
DA:3,0
DA:4,0
DA:5,0
DA:6,0
DA:8,0
DA:9,0
DA:10,0
DA:11,0
DA:12,0
DA:14,0
DA:15,0
DA:16,0
DA:17,0
DA:18,0
DA:20,0
DA:21,0
DA:22,0
DA:25,0
DA:26,0
DA:28,0
DA:36,0
DA:46,0
DA:75,0
DA:126,0
LF:26
LH:0
BRDA:31,0,0,0
BRDA:31,0,1,0
BRDA:72,1,0,0
BRDA:72,1,1,0
BRDA:86,2,0,0
BRDA:86,2,1,0
BRDA:92,3,0,0
BRDA:92,3,1,0
BRDA:103,4,0,0
BRDA:103,4,1,0
BRDA:119,5,0,0
BRDA:119,5,1,0
BRDA:137,6,0,0
BRDA:137,6,1,0
BRF:14
BRH:0
end_of_record
TN:
SF:src\pages\Inventory.tsx
FN:39,getCategoryIcon
FN:46,Inventory
FN:71,(anonymous_3)
FN:90,(anonymous_4)
FN:94,(anonymous_5)
FN:96,(anonymous_6)
FN:102,(anonymous_7)
FN:108,(anonymous_8)
FN:110,(anonymous_9)
FN:117,(anonymous_10)
FN:119,(anonymous_11)
FN:130,(anonymous_12)
FN:130,(anonymous_13)
FN:134,(anonymous_14)
FN:135,(anonymous_15)
FN:184,(anonymous_16)
FN:187,(anonymous_17)
FN:221,(anonymous_18)
FN:240,(anonymous_19)
FN:262,(anonymous_20)
FN:287,(anonymous_21)
FN:318,(anonymous_22)
FN:328,(anonymous_23)
FN:331,(anonymous_24)
FN:388,(anonymous_25)
FN:393,(anonymous_26)
FN:412,(anonymous_27)
FN:425,(anonymous_28)
FN:443,(anonymous_29)
FN:464,(anonymous_30)
FN:475,(anonymous_31)
FN:542,(anonymous_32)
FN:600,(anonymous_33)
FN:635,(anonymous_34)
FN:677,(anonymous_35)
FN:725,(anonymous_36)
FN:746,(anonymous_37)
FN:754,(anonymous_38)
FN:788,(anonymous_39)
FN:812,(anonymous_40)
FN:830,(anonymous_41)
FN:831,(anonymous_42)
FN:836,(anonymous_43)
FN:851,(anonymous_44)
FN:852,(anonymous_45)
FN:873,(anonymous_46)
FN:874,(anonymous_47)
FN:891,(anonymous_48)
FN:892,(anonymous_49)
FN:901,(anonymous_50)
FN:912,(anonymous_51)
FN:939,(anonymous_52)
FN:959,(anonymous_53)
FN:960,(anonymous_54)
FN:965,(anonymous_55)
FN:980,(anonymous_56)
FN:981,(anonymous_57)
FN:1002,(anonymous_58)
FN:1003,(anonymous_59)
FN:1021,(anonymous_60)
FN:1022,(anonymous_61)
FN:1031,(anonymous_62)
FN:1039,(anonymous_63)
FN:1060,AnalisisSummaryCard
FN:1094,StatCard
FNF:65
FNH:0
FNDA:0,getCategoryIcon
FNDA:0,Inventory
FNDA:0,(anonymous_3)
FNDA:0,(anonymous_4)
FNDA:0,(anonymous_5)
FNDA:0,(anonymous_6)
FNDA:0,(anonymous_7)
FNDA:0,(anonymous_8)
FNDA:0,(anonymous_9)
FNDA:0,(anonymous_10)
FNDA:0,(anonymous_11)
FNDA:0,(anonymous_12)
FNDA:0,(anonymous_13)
FNDA:0,(anonymous_14)
FNDA:0,(anonymous_15)
FNDA:0,(anonymous_16)
FNDA:0,(anonymous_17)
FNDA:0,(anonymous_18)
FNDA:0,(anonymous_19)
FNDA:0,(anonymous_20)
FNDA:0,(anonymous_21)
FNDA:0,(anonymous_22)
FNDA:0,(anonymous_23)
FNDA:0,(anonymous_24)
FNDA:0,(anonymous_25)
FNDA:0,(anonymous_26)
FNDA:0,(anonymous_27)
FNDA:0,(anonymous_28)
FNDA:0,(anonymous_29)
FNDA:0,(anonymous_30)
FNDA:0,(anonymous_31)
FNDA:0,(anonymous_32)
FNDA:0,(anonymous_33)
FNDA:0,(anonymous_34)
FNDA:0,(anonymous_35)
FNDA:0,(anonymous_36)
FNDA:0,(anonymous_37)
FNDA:0,(anonymous_38)
FNDA:0,(anonymous_39)
FNDA:0,(anonymous_40)
FNDA:0,(anonymous_41)
FNDA:0,(anonymous_42)
FNDA:0,(anonymous_43)
FNDA:0,(anonymous_44)
FNDA:0,(anonymous_45)
FNDA:0,(anonymous_46)
FNDA:0,(anonymous_47)
FNDA:0,(anonymous_48)
FNDA:0,(anonymous_49)
FNDA:0,(anonymous_50)
FNDA:0,(anonymous_51)
FNDA:0,(anonymous_52)
FNDA:0,(anonymous_53)
FNDA:0,(anonymous_54)
FNDA:0,(anonymous_55)
FNDA:0,(anonymous_56)
FNDA:0,(anonymous_57)
FNDA:0,(anonymous_58)
FNDA:0,(anonymous_59)
FNDA:0,(anonymous_60)
FNDA:0,(anonymous_61)
FNDA:0,(anonymous_62)
FNDA:0,(anonymous_63)
FNDA:0,AnalisisSummaryCard
FNDA:0,StatCard
DA:1,0
DA:2,0
DA:3,0
DA:4,0
DA:5,0
DA:6,0
DA:7,0
DA:13,0
DA:14,0
DA:29,0
DA:40,0
DA:43,0
DA:44,0
DA:46,0
DA:47,0
DA:48,0
DA:50,0
DA:51,0
DA:52,0
DA:54,0
DA:55,0
DA:57,0
DA:58,0
DA:59,0
DA:60,0
DA:61,0
DA:62,0
DA:68,0
DA:69,0
DA:71,0
DA:72,0
DA:73,0
DA:76,0
DA:77,0
DA:82,0
DA:84,0
DA:86,0
DA:90,0
DA:91,0
DA:94,0
DA:95,0
DA:97,0
DA:100,0
DA:101,0
DA:102,0
DA:105,0
DA:108,0
DA:109,0
DA:110,0
DA:111,0
DA:112,0
DA:114,0
DA:117,0
DA:118,0
DA:119,0
DA:120,0
DA:121,0
DA:122,0
DA:123,0
DA:126,0
DA:129,0
DA:130,0
DA:134,0
DA:135,0
DA:136,0
DA:184,0
DA:185,0
DA:187,0
DA:188,0
DA:189,0
DA:190,0
DA:192,0
DA:193,0
DA:194,0
DA:196,0
DA:197,0
DA:198,0
DA:199,0
DA:205,0
DA:206,0
DA:207,0
DA:213,0
DA:215,0
DA:217,0
DA:221,0
DA:222,0
DA:223,0
DA:224,0
DA:226,0
DA:227,0
DA:228,0
DA:232,0
DA:233,0
DA:234,0
DA:235,0
DA:237,0
DA:238,0
DA:239,0
DA:240,0
DA:241,0
DA:249,0
DA:250,0
DA:251,0
DA:252,0
DA:254,0
DA:255,0
DA:257,0
DA:261,0
DA:263,0
DA:264,0
DA:265,0
DA:274,0
DA:275,0
DA:276,0
DA:278,0
DA:280,0
DA:286,0
DA:288,0
DA:289,0
DA:290,0
DA:291,0
DA:292,0
DA:294,0
DA:296,0
DA:302,0
DA:303,0
DA:311,0
DA:312,0
DA:318,0
DA:326,0
DA:328,0
DA:331,0
DA:333,0
DA:389,0
DA:393,0
DA:412,0
DA:426,0
DA:432,0
DA:433,0
DA:444,0
DA:450,0
DA:451,0
DA:465,0
DA:466,0
DA:467,0
DA:468,0
DA:475,0
DA:543,0
DA:544,0
DA:545,0
DA:601,0
DA:607,0
DA:608,0
DA:636,0
DA:678,0
DA:726,0
DA:746,0
DA:754,0
DA:789,0
DA:813,0
DA:814,0
DA:831,0
DA:837,0
DA:852,0
DA:874,0
DA:892,0
DA:902,0
DA:903,0
DA:912,0
DA:939,0
DA:960,0
DA:966,0
DA:981,0
DA:1003,0
DA:1022,0
DA:1031,0
DA:1039,0
DA:1061,0
DA:1095,0
LF:179
LH:0
BRDA:40,0,0,0
BRDA:40,0,1,0
BRDA:79,1,0,0
BRDA:79,1,1,0
BRDA:80,2,0,0
BRDA:80,2,1,0
BRDA:80,3,0,0
BRDA:80,3,1,0
BRDA:91,4,0,0
BRDA:91,4,1,0
BRDA:97,5,0,0
BRDA:97,5,1,0
BRDA:98,6,0,0
BRDA:98,6,1,0
BRDA:100,7,0,0
BRDA:100,7,1,0
BRDA:102,8,0,0
BRDA:102,8,1,0
BRDA:111,9,0,0
BRDA:111,9,1,0
BRDA:112,10,0,0
BRDA:112,10,1,0
BRDA:120,11,0,0
BRDA:120,11,1,0
BRDA:121,12,0,0
BRDA:121,12,1,0
BRDA:122,13,0,0
BRDA:122,13,1,0
BRDA:123,14,0,0
BRDA:123,14,1,0
BRDA:150,15,0,0
BRDA:150,15,1,0
BRDA:151,16,0,0
BRDA:151,16,1,0
BRDA:185,17,0,0
BRDA:185,17,1,0
BRDA:188,18,0,0
BRDA:188,18,1,0
BRDA:192,19,0,0
BRDA:192,19,1,0
BRDA:222,20,0,0
BRDA:222,20,1,0
BRDA:226,21,0,0
BRDA:226,21,1,0
BRDA:233,22,0,0
BRDA:233,22,1,0
BRDA:243,23,0,0
BRDA:243,23,1,0
BRDA:243,23,2,0
BRDA:302,24,0,0
BRDA:302,24,1,0
BRDA:311,25,0,0
BRDA:311,25,1,0
BRDA:345,26,0,0
BRDA:345,26,1,0
BRDA:353,27,0,0
BRDA:353,27,1,0
BRDA:384,28,0,0
BRDA:384,28,1,0
BRDA:392,29,0,0
BRDA:392,29,1,0
BRDA:401,30,0,0
BRDA:401,30,1,0
BRDA:421,31,0,0
BRDA:421,31,1,0
BRDA:462,32,0,0
BRDA:462,32,1,0
BRDA:465,33,0,0
BRDA:465,33,1,0
BRDA:466,34,0,0
BRDA:466,34,1,0
BRDA:473,35,0,0
BRDA:473,35,1,0
BRDA:484,36,0,0
BRDA:484,36,1,0
BRDA:491,37,0,0
BRDA:491,37,1,0
BRDA:504,38,0,0
BRDA:504,38,1,0
BRDA:509,39,0,0
BRDA:509,39,1,0
BRDA:533,40,0,0
BRDA:533,40,1,0
BRDA:536,41,0,0
BRDA:536,41,1,0
BRDA:536,42,0,0
BRDA:536,42,1,0
BRDA:544,43,0,0
BRDA:544,43,1,0
BRDA:548,44,0,0
BRDA:548,44,1,0
BRDA:549,45,0,0
BRDA:549,45,1,0
BRDA:551,46,0,0
BRDA:551,46,1,0
BRDA:553,47,0,0
BRDA:553,47,1,0
BRDA:556,48,0,0
BRDA:556,48,1,0
BRDA:561,49,0,0
BRDA:561,49,1,0
BRDA:564,50,0,0
BRDA:564,50,1,0
BRDA:588,51,0,0
BRDA:588,51,1,0
BRDA:596,52,0,0
BRDA:596,52,1,0
BRDA:628,53,0,0
BRDA:628,53,1,0
BRDA:640,54,0,0
BRDA:640,54,1,0
BRDA:644,55,0,0
BRDA:644,55,1,0
BRDA:652,56,0,0
BRDA:652,56,1,0
BRDA:664,57,0,0
BRDA:664,57,1,0
BRDA:671,58,0,0
BRDA:671,58,1,0
BRDA:685,59,0,0
BRDA:685,59,1,0
BRDA:695,60,0,0
BRDA:695,60,1,0
BRDA:698,61,0,0
BRDA:698,61,1,0
BRDA:701,62,0,0
BRDA:701,62,1,0
BRDA:705,63,0,0
BRDA:705,63,1,0
BRDA:707,64,0,0
BRDA:707,64,1,0
BRDA:720,65,0,0
BRDA:720,65,1,0
BRDA:721,66,0,0
BRDA:721,66,1,0
BRDA:727,67,0,0
BRDA:727,67,1,0
BRDA:731,68,0,0
BRDA:731,68,1,0
BRDA:741,69,0,0
BRDA:741,69,1,0
BRDA:761,70,0,0
BRDA:761,70,1,0
BRDA:765,71,0,0
BRDA:765,71,1,0
BRDA:767,72,0,0
BRDA:767,72,1,0
BRDA:786,73,0,0
BRDA:786,73,1,0
BRDA:794,74,0,0
BRDA:794,74,1,0
BRDA:794,74,2,0
BRDA:819,75,0,0
BRDA:819,75,1,0
BRDA:876,76,0,0
BRDA:876,76,1,0
BRDA:914,77,0,0
BRDA:914,77,1,0
BRDA:922,78,0,0
BRDA:922,78,1,0
BRDA:922,78,2,0
BRDA:944,79,0,0
BRDA:944,79,1,0
BRDA:1005,80,0,0
BRDA:1005,80,1,0
BRDA:1041,81,0,0
BRDA:1041,81,1,0
BRDA:1065,82,0,0
BRDA:1065,82,1,0
BRDA:1073,83,0,0
BRDA:1073,83,1,0
BRDA:1073,83,2,0
BRDA:1081,84,0,0
BRDA:1081,84,1,0
BRDA:1102,85,0,0
BRDA:1102,85,1,0
BRF:176
BRH:0
end_of_record
TN:
SF:src\pages\Login.tsx
FN:5,Login
FN:19,(anonymous_1)
FN:21,(anonymous_2)
FN:39,(anonymous_3)
FN:106,(anonymous_4)
FN:119,(anonymous_5)
FNF:6
FNH:0
FNDA:0,Login
FNDA:0,(anonymous_1)
FNDA:0,(anonymous_2)
FNDA:0,(anonymous_3)
FNDA:0,(anonymous_4)
FNDA:0,(anonymous_5)
DA:1,0
DA:2,0
DA:3,0
DA:5,0
DA:7,0
DA:9,0
DA:10,0
DA:12,0
DA:13,0
DA:19,0
DA:21,0
DA:23,0
DA:25,0
DA:26,0
DA:31,0
DA:39,0
DA:41,0
DA:43,0
DA:44,0
DA:46,0
DA:51,0
DA:52,0
DA:53,0
DA:54,0
DA:57,0
DA:63,0
DA:69,0
DA:70,0
DA:71,0
DA:72,0
DA:79,0
DA:80,0
DA:82,0
DA:85,0
DA:89,0
DA:106,0
DA:119,0
LF:37
LH:0
BRDA:25,0,0,0
BRDA:25,0,1,0
BRDA:51,1,0,0
BRDA:51,1,1,0
BRDA:69,2,0,0
BRDA:69,2,1,0
BRDA:79,3,0,0
BRDA:79,3,1,0
BRDA:125,4,0,0
BRDA:125,4,1,0
BRDA:136,5,0,0
BRDA:136,5,1,0
BRF:12
BRH:0
end_of_record
TN:
SF:src\pages\Products.tsx
FN:32,Products
FN:43,(anonymous_1)
FN:46,(anonymous_2)
FN:49,(anonymous_3)
FN:51,(anonymous_4)
FN:58,(anonymous_5)
FN:60,(anonymous_6)
FN:65,(anonymous_7)
FN:79,(anonymous_8)
FN:82,(anonymous_9)
FN:84,(anonymous_10)
FN:92,(anonymous_11)
FN:92,(anonymous_12)
FN:102,(anonymous_13)
FN:104,(anonymous_14)
FN:107,(anonymous_15)
FN:112,(anonymous_16)
FN:140,(anonymous_17)
FN:154,(anonymous_18)
FN:167,(anonymous_19)
FN:208,(anonymous_20)
FN:256,(anonymous_21)
FN:272,(anonymous_22)
FN:290,(anonymous_23)
FN:295,(anonymous_24)
FN:300,(anonymous_25)
FN:305,(anonymous_26)
FN:310,(anonymous_27)
FN:319,(anonymous_28)
FN:346,(anonymous_29)
FN:355,(anonymous_30)
FN:379,(anonymous_31)
FN:394,ProductModal
FN:455,(anonymous_33)
FN:474,(anonymous_34)
FN:475,(anonymous_35)
FN:488,(anonymous_36)
FN:489,(anonymous_37)
FN:493,(anonymous_38)
FN:506,(anonymous_39)
FN:507,(anonymous_40)
FN:511,(anonymous_41)
FN:526,(anonymous_42)
FN:527,(anonymous_43)
FN:547,(anonymous_44)
FN:548,(anonymous_45)
FN:569,(anonymous_46)
FN:570,(anonymous_47)
FN:591,(anonymous_48)
FN:592,(anonymous_49)
FN:610,(anonymous_50)
FN:611,(anonymous_51)
FN:623,(anonymous_52)
FN:624,(anonymous_53)
FN:628,(anonymous_54)
FN:643,(anonymous_55)
FN:644,(anonymous_56)
FN:658,(anonymous_57)
FN:659,(anonymous_58)
FN:678,(anonymous_59)
FN:679,(anonymous_60)
FN:699,(anonymous_61)
FN:700,(anonymous_62)
FN:705,(anonymous_63)
FNF:64
FNH:0
FNDA:0,Products
FNDA:0,(anonymous_1)
FNDA:0,(anonymous_2)
FNDA:0,(anonymous_3)
FNDA:0,(anonymous_4)
FNDA:0,(anonymous_5)
FNDA:0,(anonymous_6)
FNDA:0,(anonymous_7)
FNDA:0,(anonymous_8)
FNDA:0,(anonymous_9)
FNDA:0,(anonymous_10)
FNDA:0,(anonymous_11)
FNDA:0,(anonymous_12)
FNDA:0,(anonymous_13)
FNDA:0,(anonymous_14)
FNDA:0,(anonymous_15)
FNDA:0,(anonymous_16)
FNDA:0,(anonymous_17)
FNDA:0,(anonymous_18)
FNDA:0,(anonymous_19)
FNDA:0,(anonymous_20)
FNDA:0,(anonymous_21)
FNDA:0,(anonymous_22)
FNDA:0,(anonymous_23)
FNDA:0,(anonymous_24)
FNDA:0,(anonymous_25)
FNDA:0,(anonymous_26)
FNDA:0,(anonymous_27)
FNDA:0,(anonymous_28)
FNDA:0,(anonymous_29)
FNDA:0,(anonymous_30)
FNDA:0,(anonymous_31)
FNDA:0,ProductModal
FNDA:0,(anonymous_33)
FNDA:0,(anonymous_34)
FNDA:0,(anonymous_35)
FNDA:0,(anonymous_36)
FNDA:0,(anonymous_37)
FNDA:0,(anonymous_38)
FNDA:0,(anonymous_39)
FNDA:0,(anonymous_40)
FNDA:0,(anonymous_41)
FNDA:0,(anonymous_42)
FNDA:0,(anonymous_43)
FNDA:0,(anonymous_44)
FNDA:0,(anonymous_45)
FNDA:0,(anonymous_46)
FNDA:0,(anonymous_47)
FNDA:0,(anonymous_48)
FNDA:0,(anonymous_49)
FNDA:0,(anonymous_50)
FNDA:0,(anonymous_51)
FNDA:0,(anonymous_52)
FNDA:0,(anonymous_53)
FNDA:0,(anonymous_54)
FNDA:0,(anonymous_55)
FNDA:0,(anonymous_56)
FNDA:0,(anonymous_57)
FNDA:0,(anonymous_58)
FNDA:0,(anonymous_59)
FNDA:0,(anonymous_60)
FNDA:0,(anonymous_61)
FNDA:0,(anonymous_62)
FNDA:0,(anonymous_63)
DA:1,0
DA:2,0
DA:3,0
DA:8,0
DA:11,0
DA:12,0
DA:13,0
DA:15,0
DA:32,0
DA:33,0
DA:34,0
DA:36,0
DA:37,0
DA:38,0
DA:39,0
DA:40,0
DA:43,0
DA:44,0
DA:46,0
DA:49,0
DA:50,0
DA:51,0
DA:52,0
DA:55,0
DA:56,0
DA:58,0
DA:59,0
DA:61,0
DA:65,0
DA:66,0
DA:67,0
DA:68,0
DA:69,0
DA:70,0
DA:71,0
DA:72,0
DA:73,0
DA:74,0
DA:76,0
DA:79,0
DA:80,0
DA:82,0
DA:83,0
DA:84,0
DA:92,0
DA:93,0
DA:94,0
DA:95,0
DA:96,0
DA:97,0
DA:98,0
DA:99,0
DA:102,0
DA:103,0
DA:104,0
DA:107,0
DA:108,0
DA:109,0
DA:112,0
DA:113,0
DA:114,0
DA:115,0
DA:116,0
DA:119,0
DA:120,0
DA:122,0
DA:131,0
DA:132,0
DA:134,0
DA:137,0
DA:138,0
DA:139,0
DA:140,0
DA:143,0
DA:148,0
DA:150,0
DA:154,0
DA:155,0
DA:156,0
DA:157,0
DA:158,0
DA:159,0
DA:161,0
DA:167,0
DA:168,0
DA:169,0
DA:171,0
DA:172,0
DA:188,0
DA:189,0
DA:192,0
DA:193,0
DA:201,0
DA:202,0
DA:208,0
DA:216,0
DA:256,0
DA:273,0
DA:274,0
DA:290,0
DA:295,0
DA:300,0
DA:305,0
DA:310,0
DA:320,0
DA:321,0
DA:322,0
DA:346,0
DA:355,0
DA:380,0
DA:381,0
DA:415,0
DA:416,0
DA:418,0
DA:419,0
DA:421,0
DA:456,0
DA:457,0
DA:475,0
DA:489,0
DA:494,0
DA:507,0
DA:512,0
DA:527,0
DA:548,0
DA:570,0
DA:592,0
DA:611,0
DA:624,0
DA:629,0
DA:644,0
DA:659,0
DA:679,0
DA:700,0
DA:706,0
LF:135
LH:0
BRDA:61,0,0,0
BRDA:61,0,1,0
BRDA:61,0,2,0
BRDA:62,1,0,0
BRDA:62,1,1,0
BRDA:63,2,0,0
BRDA:63,2,1,0
BRDA:68,3,0,0
BRDA:68,3,1,0
BRDA:69,4,0,0
BRDA:69,4,1,0
BRDA:69,5,0,0
BRDA:69,5,1,0
BRDA:69,6,0,0
BRDA:69,6,1,0
BRDA:70,7,0,0
BRDA:70,7,1,0
BRDA:71,8,0,0
BRDA:71,8,1,0
BRDA:71,9,0,0
BRDA:71,9,1,0
BRDA:71,10,0,0
BRDA:71,10,1,0
BRDA:72,11,0,0
BRDA:72,11,1,0
BRDA:72,12,0,0
BRDA:72,12,1,0
BRDA:72,13,0,0
BRDA:72,13,1,0
BRDA:73,14,0,0
BRDA:73,14,1,0
BRDA:73,15,0,0
BRDA:73,15,1,0
BRDA:74,16,0,0
BRDA:74,16,1,0
BRDA:79,17,0,0
BRDA:79,17,1,0
BRDA:86,18,0,0
BRDA:86,18,1,0
BRDA:88,19,0,0
BRDA:88,19,1,0
BRDA:89,20,0,0
BRDA:89,20,1,0
BRDA:90,21,0,0
BRDA:90,21,1,0
BRDA:90,22,0,0
BRDA:90,22,1,0
BRDA:104,23,0,0
BRDA:104,23,1,0
BRDA:114,24,0,0
BRDA:114,24,1,0
BRDA:124,25,0,0
BRDA:124,25,1,0
BRDA:126,26,0,0
BRDA:126,26,1,0
BRDA:127,27,0,0
BRDA:127,27,1,0
BRDA:128,28,0,0
BRDA:128,28,1,0
BRDA:131,29,0,0
BRDA:131,29,1,0
BRDA:143,30,0,0
BRDA:143,30,1,0
BRDA:143,31,0,0
BRDA:143,31,1,0
BRDA:143,31,2,0
BRDA:145,32,0,0
BRDA:145,32,1,0
BRDA:155,33,0,0
BRDA:155,33,1,0
BRDA:162,34,0,0
BRDA:162,34,1,0
BRDA:168,35,0,0
BRDA:168,35,1,0
BRDA:169,36,0,0
BRDA:169,36,1,0
BRDA:171,37,0,0
BRDA:171,37,1,0
BRDA:175,38,0,0
BRDA:175,38,1,0
BRDA:176,39,0,0
BRDA:176,39,1,0
BRDA:177,40,0,0
BRDA:177,40,1,0
BRDA:178,41,0,0
BRDA:178,41,1,0
BRDA:180,42,0,0
BRDA:180,42,1,0
BRDA:181,43,0,0
BRDA:181,43,1,0
BRDA:182,44,0,0
BRDA:182,44,1,0
BRDA:186,45,0,0
BRDA:186,45,1,0
BRDA:192,46,0,0
BRDA:192,46,1,0
BRDA:201,47,0,0
BRDA:201,47,1,0
BRDA:238,48,0,0
BRDA:238,48,1,0
BRDA:291,49,0,0
BRDA:291,49,1,0
BRDA:296,50,0,0
BRDA:296,50,1,0
BRDA:301,51,0,0
BRDA:301,51,1,0
BRDA:306,52,0,0
BRDA:306,52,1,0
BRDA:311,53,0,0
BRDA:311,53,1,0
BRDA:320,54,0,0
BRDA:320,54,1,0
BRDA:325,55,0,0
BRDA:325,55,1,0
BRDA:327,56,0,0
BRDA:327,56,1,0
BRDA:328,57,0,0
BRDA:328,57,1,0
BRDA:332,58,0,0
BRDA:332,58,1,0
BRDA:337,59,0,0
BRDA:337,59,1,0
BRDA:341,60,0,0
BRDA:341,60,1,0
BRDA:341,61,0,0
BRDA:341,61,1,0
BRDA:371,62,0,0
BRDA:371,62,1,0
BRDA:415,63,0,0
BRDA:415,63,1,0
BRDA:416,64,0,0
BRDA:416,64,1,0
BRDA:418,65,0,0
BRDA:418,65,1,0
BRDA:441,66,0,0
BRDA:441,66,1,0
BRDA:448,67,0,0
BRDA:448,67,1,0
BRDA:529,68,0,0
BRDA:529,68,1,0
BRDA:546,69,0,0
BRDA:546,69,1,0
BRDA:550,70,0,0
BRDA:550,70,1,0
BRDA:568,71,0,0
BRDA:568,71,1,0
BRDA:572,72,0,0
BRDA:572,72,1,0
BRDA:661,73,0,0
BRDA:661,73,1,0
BRDA:677,74,0,0
BRDA:677,74,1,0
BRDA:681,75,0,0
BRDA:681,75,1,0
BRDA:733,76,0,0
BRDA:733,76,1,0
BRDA:735,77,0,0
BRDA:735,77,1,0
BRF:158
BRH:0
end_of_record
TN:
SF:src\pages\Register.tsx
FN:5,Register
FN:16,(anonymous_1)
FN:79,(anonymous_2)
FN:107,(anonymous_3)
FN:122,(anonymous_4)
FN:137,(anonymous_5)
FNF:6
FNH:0
FNDA:0,Register
FNDA:0,(anonymous_1)
FNDA:0,(anonymous_2)
FNDA:0,(anonymous_3)
FNDA:0,(anonymous_4)
FNDA:0,(anonymous_5)
DA:1,0
DA:2,0
DA:3,0
DA:5,0
DA:6,0
DA:8,0
DA:9,0
DA:10,0
DA:12,0
DA:13,0
DA:14,0
DA:16,0
DA:17,0
DA:19,0
DA:20,0
DA:22,0
DA:23,0
DA:24,0
DA:27,0
DA:28,0
DA:29,0
DA:32,0
DA:38,0
DA:43,0
DA:44,0
DA:45,0
DA:46,0
DA:49,0
DA:51,0
DA:52,0
DA:53,0
DA:54,0
DA:61,0
DA:71,0
DA:72,0
DA:73,0
DA:74,0
DA:77,0
DA:79,0
DA:80,0
DA:83,0
DA:86,0
DA:107,0
DA:122,0
DA:137,0
LF:45
LH:0
BRDA:22,0,0,0
BRDA:22,0,1,0
BRDA:27,1,0,0
BRDA:27,1,1,0
BRDA:43,2,0,0
BRDA:43,2,1,0
BRDA:51,3,0,0
BRDA:51,3,1,0
BRDA:71,4,0,0
BRDA:71,4,1,0
BRDA:144,5,0,0
BRDA:144,5,1,0
BRDA:152,6,0,0
BRDA:152,6,1,0
BRDA:165,7,0,0
BRDA:165,7,1,0
BRF:16
BRH:0
end_of_record
TN:
SF:src\pages\Reports.tsx
FN:29,getDefaultRange
FN:53,Reports
FN:71,(anonymous_3)
FN:78,(anonymous_4)
FN:83,(anonymous_5)
FN:94,(anonymous_6)
FN:99,(anonymous_7)
FN:102,(anonymous_8)
FN:106,(anonymous_9)
FN:111,(anonymous_10)
FN:112,(anonymous_11)
FN:115,(anonymous_12)
FN:117,(anonymous_13)
FN:124,(anonymous_14)
FN:126,(anonymous_15)
FN:127,(anonymous_16)
FN:136,(anonymous_17)
FN:190,(anonymous_18)
FN:200,(anonymous_19)
FN:208,(anonymous_20)
FN:287,StatCard
FNF:21
FNH:0
FNDA:0,getDefaultRange
FNDA:0,Reports
FNDA:0,(anonymous_3)
FNDA:0,(anonymous_4)
FNDA:0,(anonymous_5)
FNDA:0,(anonymous_6)
FNDA:0,(anonymous_7)
FNDA:0,(anonymous_8)
FNDA:0,(anonymous_9)
FNDA:0,(anonymous_10)
FNDA:0,(anonymous_11)
FNDA:0,(anonymous_12)
FNDA:0,(anonymous_13)
FNDA:0,(anonymous_14)
FNDA:0,(anonymous_15)
FNDA:0,(anonymous_16)
FNDA:0,(anonymous_17)
FNDA:0,(anonymous_18)
FNDA:0,(anonymous_19)
FNDA:0,(anonymous_20)
FNDA:0,StatCard
DA:1,0
DA:2,0
DA:12,0
DA:14,0
DA:15,0
DA:16,0
DA:17,0
DA:19,0
DA:30,0
DA:31,0
DA:32,0
DA:33,0
DA:34,0
DA:35,0
DA:43,0
DA:53,0
DA:54,0
DA:55,0
DA:56,0
DA:57,0
DA:58,0
DA:59,0
DA:60,0
DA:70,0
DA:71,0
DA:78,0
DA:79,0
DA:80,0
DA:81,0
DA:83,0
DA:84,0
DA:85,0
DA:86,0
DA:90,0
DA:95,0
DA:96,0
DA:97,0
DA:100,0
DA:103,0
DA:106,0
DA:107,0
DA:111,0
DA:112,0
DA:113,0
DA:114,0
DA:116,0
DA:117,0
DA:120,0
DA:121,0
DA:124,0
DA:126,0
DA:127,0
DA:128,0
DA:129,0
DA:131,0
DA:136,0
DA:146,0
DA:156,0
DA:157,0
DA:166,0
DA:167,0
DA:174,0
DA:190,0
DA:200,0
DA:209,0
DA:289,0
DA:291,0
LF:67
LH:0
BRDA:84,0,0,0
BRDA:84,0,1,0
BRDA:95,1,0,0
BRDA:95,1,1,0
BRDA:97,2,0,0
BRDA:97,2,1,0
BRDA:100,3,0,0
BRDA:100,3,1,0
BRDA:100,4,0,0
BRDA:100,4,1,0
BRDA:103,5,0,0
BRDA:103,5,1,0
BRDA:112,6,0,0
BRDA:112,6,1,0
BRDA:117,7,0,0
BRDA:117,7,1,0
BRDA:117,8,0,0
BRDA:117,8,1,0
BRDA:120,9,0,0
BRDA:120,9,1,0
BRDA:136,10,0,0
BRDA:136,10,1,0
BRDA:156,11,0,0
BRDA:156,11,1,0
BRDA:156,12,0,0
BRDA:156,12,1,0
BRDA:166,13,0,0
BRDA:166,13,1,0
BRDA:289,14,0,0
BRDA:289,14,1,0
BRDA:289,15,0,0
BRDA:289,15,1,0
BRDA:298,16,0,0
BRDA:298,16,1,0
BRDA:298,16,2,0
BRF:35
BRH:0
end_of_record
TN:
SF:src\pages\Settings.tsx
FN:8,(anonymous_1)
FN:39,(anonymous_2)
FN:48,(anonymous_3)
FN:65,(anonymous_4)
FN:74,(anonymous_5)
FNF:5
FNH:0
FNDA:0,(anonymous_1)
FNDA:0,(anonymous_2)
FNDA:0,(anonymous_3)
FNDA:0,(anonymous_4)
FNDA:0,(anonymous_5)
DA:1,0
DA:3,0
DA:8,0
DA:9,0
DA:11,0
DA:40,0
DA:48,0
DA:66,0
DA:74,0
DA:165,0
LF:10
LH:0
BRDA:16,0,0,0
BRDA:16,0,1,0
BRDA:44,1,0,0
BRDA:44,1,1,0
BRDA:50,2,0,0
BRDA:50,2,1,0
BRDA:70,3,0,0
BRDA:70,3,1,0
BRDA:75,4,0,0
BRDA:75,4,1,0
BRDA:77,5,0,0
BRDA:77,5,1,0
BRDA:79,6,0,0
BRDA:79,6,1,0
BRDA:88,7,0,0
BRDA:88,7,1,0
BRDA:103,8,0,0
BRDA:103,8,1,0
BRDA:118,9,0,0
BRDA:118,9,1,0
BRDA:128,10,0,0
BRDA:128,10,1,0
BRDA:134,11,0,0
BRDA:134,11,1,0
BRDA:140,12,0,0
BRDA:140,12,1,0
BRDA:146,13,0,0
BRDA:146,13,1,0
BRDA:152,14,0,0
BRDA:152,14,1,0
BRF:30
BRH:0
end_of_record
TN:
SF:src\pages\SupplierPayments.tsx
FN:17,SupplierPayments
FN:46,(anonymous_2)
FN:66,(anonymous_3)
FN:71,(anonymous_4)
FN:71,(anonymous_5)
FN:75,(anonymous_6)
FN:99,(anonymous_7)
FN:124,(anonymous_8)
FN:135,(anonymous_9)
FN:188,(anonymous_10)
FN:200,(anonymous_11)
FN:216,(anonymous_12)
FN:266,(anonymous_13)
FN:274,(anonymous_14)
FN:302,(anonymous_15)
FN:316,(anonymous_16)
FN:356,(anonymous_17)
FN:383,(anonymous_18)
FN:390,(anonymous_19)
FN:390,(anonymous_20)
FN:394,(anonymous_21)
FN:394,(anonymous_22)
FN:398,(anonymous_23)
FN:398,(anonymous_24)
FN:402,(anonymous_25)
FN:418,(anonymous_26)
FN:425,(anonymous_27)
FN:425,(anonymous_28)
FN:429,(anonymous_29)
FN:429,(anonymous_30)
FN:433,(anonymous_31)
FN:433,(anonymous_32)
FN:437,(anonymous_33)
FN:453,(anonymous_34)
FN:460,(anonymous_35)
FN:460,(anonymous_36)
FN:462,(anonymous_37)
FN:469,(anonymous_38)
FN:469,(anonymous_39)
FN:473,(anonymous_40)
FN:473,(anonymous_41)
FN:477,(anonymous_42)
FN:477,(anonymous_43)
FN:481,(anonymous_44)
FN:481,(anonymous_45)
FN:485,(anonymous_46)
FNF:46
FNH:0
FNDA:0,SupplierPayments
FNDA:0,(anonymous_2)
FNDA:0,(anonymous_3)
FNDA:0,(anonymous_4)
FNDA:0,(anonymous_5)
FNDA:0,(anonymous_6)
FNDA:0,(anonymous_7)
FNDA:0,(anonymous_8)
FNDA:0,(anonymous_9)
FNDA:0,(anonymous_10)
FNDA:0,(anonymous_11)
FNDA:0,(anonymous_12)
FNDA:0,(anonymous_13)
FNDA:0,(anonymous_14)
FNDA:0,(anonymous_15)
FNDA:0,(anonymous_16)
FNDA:0,(anonymous_17)
FNDA:0,(anonymous_18)
FNDA:0,(anonymous_19)
FNDA:0,(anonymous_20)
FNDA:0,(anonymous_21)
FNDA:0,(anonymous_22)
FNDA:0,(anonymous_23)
FNDA:0,(anonymous_24)
FNDA:0,(anonymous_25)
FNDA:0,(anonymous_26)
FNDA:0,(anonymous_27)
FNDA:0,(anonymous_28)
FNDA:0,(anonymous_29)
FNDA:0,(anonymous_30)
FNDA:0,(anonymous_31)
FNDA:0,(anonymous_32)
FNDA:0,(anonymous_33)
FNDA:0,(anonymous_34)
FNDA:0,(anonymous_35)
FNDA:0,(anonymous_36)
FNDA:0,(anonymous_37)
FNDA:0,(anonymous_38)
FNDA:0,(anonymous_39)
FNDA:0,(anonymous_40)
FNDA:0,(anonymous_41)
FNDA:0,(anonymous_42)
FNDA:0,(anonymous_43)
FNDA:0,(anonymous_44)
FNDA:0,(anonymous_45)
FNDA:0,(anonymous_46)
DA:1,0
DA:2,0
DA:7,0
DA:8,0
DA:13,0
DA:17,0
DA:18,0
DA:19,0
DA:20,0
DA:21,0
DA:22,0
DA:23,0
DA:24,0
DA:26,0
DA:27,0
DA:28,0
DA:29,0
DA:31,0
DA:36,0
DA:43,0
DA:44,0
DA:46,0
DA:47,0
DA:48,0
DA:49,0
DA:50,0
DA:51,0
DA:53,0
DA:54,0
DA:56,0
DA:57,0
DA:58,0
DA:60,0
DA:62,0
DA:66,0
DA:67,0
DA:70,0
DA:71,0
DA:75,0
DA:76,0
DA:77,0
DA:78,0
DA:79,0
DA:80,0
DA:82,0
DA:83,0
DA:84,0
DA:89,0
DA:90,0
DA:91,0
DA:93,0
DA:95,0
DA:99,0
DA:100,0
DA:101,0
DA:102,0
DA:103,0
DA:104,0
DA:105,0
DA:107,0
DA:108,0
DA:109,0
DA:114,0
DA:115,0
DA:116,0
DA:118,0
DA:120,0
DA:124,0
DA:125,0
DA:126,0
DA:131,0
DA:132,0
DA:135,0
DA:136,0
DA:137,0
DA:138,0
DA:139,0
DA:140,0
DA:142,0
DA:143,0
DA:144,0
DA:145,0
DA:147,0
DA:148,0
DA:149,0
DA:154,0
DA:155,0
DA:156,0
DA:158,0
DA:160,0
DA:164,0
DA:165,0
DA:173,0
DA:189,0
DA:190,0
DA:191,0
DA:201,0
DA:202,0
DA:203,0
DA:216,0
DA:266,0
DA:274,0
DA:303,0
DA:316,0
DA:357,0
DA:383,0
DA:390,0
DA:394,0
DA:398,0
DA:402,0
DA:418,0
DA:425,0
DA:429,0
DA:433,0
DA:437,0
DA:453,0
DA:460,0
DA:463,0
DA:469,0
DA:473,0
DA:477,0
DA:481,0
DA:485,0
LF:123
LH:0
BRDA:53,0,0,0
BRDA:53,0,1,0
BRDA:71,1,0,0
BRDA:71,1,1,0
BRDA:78,2,0,0
BRDA:78,2,1,0
BRDA:86,3,0,0
BRDA:86,3,1,0
BRDA:87,4,0,0
BRDA:87,4,1,0
BRDA:93,5,0,0
BRDA:93,5,1,0
BRDA:101,6,0,0
BRDA:101,6,1,0
BRDA:103,7,0,0
BRDA:103,7,1,0
BRDA:111,8,0,0
BRDA:111,8,1,0
BRDA:112,9,0,0
BRDA:112,9,1,0
BRDA:118,10,0,0
BRDA:118,10,1,0
BRDA:128,11,0,0
BRDA:128,11,1,0
BRDA:129,12,0,0
BRDA:129,12,1,0
BRDA:138,13,0,0
BRDA:138,13,1,0
BRDA:143,14,0,0
BRDA:143,14,1,0
BRDA:150,15,0,0
BRDA:150,15,1,0
BRDA:151,16,0,0
BRDA:151,16,1,0
BRDA:152,17,0,0
BRDA:152,17,1,0
BRDA:158,18,0,0
BRDA:158,18,1,0
BRDA:164,19,0,0
BRDA:164,19,1,0
BRDA:177,20,0,0
BRDA:177,20,1,0
BRDA:183,21,0,0
BRDA:183,21,1,0
BRDA:213,22,0,0
BRDA:213,22,1,0
BRDA:265,23,0,0
BRDA:265,23,1,0
BRDA:273,24,0,0
BRDA:273,24,1,0
BRDA:281,25,0,0
BRDA:281,25,1,0
BRDA:295,26,0,0
BRDA:295,26,1,0
BRDA:306,27,0,0
BRDA:306,27,1,0
BRDA:310,28,0,0
BRDA:310,28,1,0
BRDA:312,29,0,0
BRDA:312,29,1,0
BRDA:332,30,0,0
BRDA:332,30,1,0
BRDA:349,31,0,0
BRDA:349,31,1,0
BRDA:358,32,0,0
BRDA:358,32,1,0
BRDA:359,33,0,0
BRDA:359,33,1,0
BRDA:361,34,0,0
BRDA:361,34,1,0
BRDA:363,35,0,0
BRDA:363,35,1,0
BRDA:364,36,0,0
BRDA:364,36,1,0
BRDA:365,37,0,0
BRDA:365,37,1,0
BRDA:377,38,0,0
BRDA:377,38,1,0
BRDA:387,39,0,0
BRDA:387,39,1,0
BRDA:403,40,0,0
BRDA:403,40,1,0
BRDA:412,41,0,0
BRDA:412,41,1,0
BRDA:412,41,2,0
BRDA:422,42,0,0
BRDA:422,42,1,0
BRDA:438,43,0,0
BRDA:438,43,1,0
BRDA:447,44,0,0
BRDA:447,44,1,0
BRDA:457,45,0,0
BRDA:457,45,1,0
BRDA:486,46,0,0
BRDA:486,46,1,0
BRF:95
BRH:0
end_of_record
TN:
SF:src\pages\TestSupabase.tsx
FN:5,TestSupabase
FN:8,(anonymous_1)
FN:9,(anonymous_2)
FN:31,(anonymous_3)
FNF:4
FNH:0
FNDA:0,TestSupabase
FNDA:0,(anonymous_1)
FNDA:0,(anonymous_2)
FNDA:0,(anonymous_3)
DA:1,0
DA:2,0
DA:5,0
DA:6,0
DA:8,0
DA:9,0
DA:10,0
DA:14,0
DA:15,0
DA:17,0
DA:21,0
DA:24,0
DA:32,0
LF:13
LH:0
BRDA:14,0,0,0
BRDA:14,0,1,0
BRDA:28,1,0,0
BRDA:28,1,1,0
BRF:4
BRH:0
end_of_record
TN:
SF:src\pages\Users.tsx
FN:15,Users
FN:35,(anonymous_2)
FN:41,(anonymous_3)
FN:45,(anonymous_4)
FN:81,(anonymous_5)
FN:88,(anonymous_6)
FN:112,(anonymous_7)
FN:132,(anonymous_8)
FN:165,(anonymous_9)
FN:189,(anonymous_10)
FN:197,(anonymous_11)
FN:208,(anonymous_12)
FN:239,(anonymous_13)
FN:255,(anonymous_14)
FN:263,(anonymous_15)
FN:287,(anonymous_16)
FN:302,(anonymous_17)
FN:302,(anonymous_18)
FN:314,(anonymous_19)
FN:314,(anonymous_20)
FN:326,(anonymous_21)
FN:326,(anonymous_22)
FN:337,(anonymous_23)
FN:338,(anonymous_24)
FN:351,(anonymous_25)
FN:375,(anonymous_26)
FN:393,(anonymous_27)
FN:393,(anonymous_28)
FN:403,(anonymous_29)
FN:404,(anonymous_30)
FN:417,(anonymous_31)
FNF:31
FNH:0
FNDA:0,Users
FNDA:0,(anonymous_2)
FNDA:0,(anonymous_3)
FNDA:0,(anonymous_4)
FNDA:0,(anonymous_5)
FNDA:0,(anonymous_6)
FNDA:0,(anonymous_7)
FNDA:0,(anonymous_8)
FNDA:0,(anonymous_9)
FNDA:0,(anonymous_10)
FNDA:0,(anonymous_11)
FNDA:0,(anonymous_12)
FNDA:0,(anonymous_13)
FNDA:0,(anonymous_14)
FNDA:0,(anonymous_15)
FNDA:0,(anonymous_16)
FNDA:0,(anonymous_17)
FNDA:0,(anonymous_18)
FNDA:0,(anonymous_19)
FNDA:0,(anonymous_20)
FNDA:0,(anonymous_21)
FNDA:0,(anonymous_22)
FNDA:0,(anonymous_23)
FNDA:0,(anonymous_24)
FNDA:0,(anonymous_25)
FNDA:0,(anonymous_26)
FNDA:0,(anonymous_27)
FNDA:0,(anonymous_28)
FNDA:0,(anonymous_29)
FNDA:0,(anonymous_30)
FNDA:0,(anonymous_31)
DA:1,0
DA:2,0
DA:9,0
DA:10,0
DA:11,0
DA:12,0
DA:15,0
DA:16,0
DA:17,0
DA:18,0
DA:19,0
DA:20,0
DA:21,0
DA:22,0
DA:23,0
DA:24,0
DA:25,0
DA:26,0
DA:27,0
DA:28,0
DA:35,0
DA:36,0
DA:37,0
DA:38,0
DA:41,0
DA:42,0
DA:45,0
DA:46,0
DA:47,0
DA:48,0
DA:49,0
DA:50,0
DA:52,0
DA:53,0
DA:54,0
DA:56,0
DA:57,0
DA:58,0
DA:60,0
DA:61,0
DA:62,0
DA:66,0
DA:67,0
DA:68,0
DA:69,0
DA:70,0
DA:71,0
DA:72,0
DA:74,0
DA:75,0
DA:77,0
DA:81,0
DA:82,0
DA:83,0
DA:84,0
DA:85,0
DA:88,0
DA:89,0
DA:90,0
DA:91,0
DA:92,0
DA:93,0
DA:94,0
DA:96,0
DA:97,0
DA:98,0
DA:99,0
DA:100,0
DA:101,0
DA:102,0
DA:103,0
DA:105,0
DA:106,0
DA:108,0
DA:112,0
DA:113,0
DA:114,0
DA:115,0
DA:117,0
DA:118,0
DA:120,0
DA:121,0
DA:122,0
DA:123,0
DA:124,0
DA:126,0
DA:128,0
DA:132,0
DA:133,0
DA:134,0
DA:135,0
DA:138,0
DA:139,0
DA:154,0
DA:166,0
DA:167,0
DA:168,0
DA:189,0
DA:197,0
DA:209,0
DA:210,0
DA:240,0
DA:255,0
DA:263,0
DA:287,0
DA:302,0
DA:314,0
DA:326,0
DA:338,0
DA:351,0
DA:376,0
DA:377,0
DA:393,0
DA:404,0
DA:418,0
DA:419,0
LF:116
LH:0
BRDA:48,0,0,0
BRDA:48,0,1,0
BRDA:52,1,0,0
BRDA:52,1,1,0
BRDA:56,2,0,0
BRDA:56,2,1,0
BRDA:66,3,0,0
BRDA:66,3,1,0
BRDA:67,4,0,0
BRDA:67,4,1,0
BRDA:74,5,0,0
BRDA:74,5,1,0
BRDA:75,6,0,0
BRDA:75,6,1,0
BRDA:90,7,0,0
BRDA:90,7,1,0
BRDA:92,8,0,0
BRDA:92,8,1,0
BRDA:105,9,0,0
BRDA:105,9,1,0
BRDA:106,10,0,0
BRDA:106,10,1,0
BRDA:113,11,0,0
BRDA:113,11,1,0
BRDA:117,12,0,0
BRDA:117,12,1,0
BRDA:126,13,0,0
BRDA:126,13,1,0
BRDA:134,14,0,0
BRDA:134,14,1,0
BRDA:135,15,0,0
BRDA:135,15,1,0
BRDA:138,16,0,0
BRDA:138,16,1,0
BRDA:241,17,0,0
BRDA:241,17,1,0
BRDA:243,18,0,0
BRDA:243,18,1,0
BRDA:246,19,0,0
BRDA:246,19,1,0
BRDA:277,20,0,0
BRDA:277,20,1,0
BRDA:292,21,0,0
BRDA:292,21,1,0
BRDA:356,22,0,0
BRDA:356,22,1,0
BRDA:365,23,0,0
BRDA:365,23,1,0
BRDA:365,23,2,0
BRDA:383,24,0,0
BRDA:383,24,1,0
BRDA:425,25,0,0
BRDA:425,25,1,0
BRF:53
BRH:0
end_of_record
TN:
SF:src\services\authService.ts
FN:3,login
FN:13,logout
FN:17,getSession
FNF:3
FNH:0
FNDA:0,login
FNDA:0,logout
FNDA:0,getSession
DA:1,1
DA:3,1
DA:4,0
DA:9,0
DA:10,0
DA:13,1
DA:14,0
DA:17,1
DA:18,0
DA:19,0
LF:10
LH:4
BRDA:9,0,0,0
BRDA:9,0,1,0
BRF:2
BRH:0
end_of_record
TN:
SF:src\services\cashSession.service.ts
FN:4,openSession
FN:22,closeSession
FN:37,getActiveSession
FN:49,getSessionSummary
FN:60,(anonymous_4)
FN:62,(anonymous_5)
FN:80,getSessions
FNF:7
FNH:0
FNDA:0,openSession
FNDA:0,closeSession
FNDA:0,getActiveSession
FNDA:0,getSessionSummary
FNDA:0,(anonymous_4)
FNDA:0,(anonymous_5)
FNDA:0,getSessions
DA:1,0
DA:4,0
DA:5,0
DA:6,0
DA:10,0
DA:11,0
DA:13,0
DA:18,0
DA:19,0
DA:22,0
DA:26,0
DA:34,0
DA:37,0
DA:38,0
DA:45,0
DA:46,0
DA:49,0
DA:50,0
DA:54,0
DA:56,0
DA:60,0
DA:62,0
DA:64,0
DA:70,0
DA:80,0
DA:81,0
DA:85,0
DA:86,0
LF:28
LH:0
BRDA:10,0,0,0
BRDA:10,0,1,0
BRDA:18,1,0,0
BRDA:18,1,1,0
BRDA:34,2,0,0
BRDA:34,2,1,0
BRDA:45,3,0,0
BRDA:45,3,1,0
BRDA:54,4,0,0
BRDA:54,4,1,0
BRDA:60,5,0,0
BRDA:60,5,1,0
BRDA:60,6,0,0
BRDA:60,6,1,0
BRDA:60,7,0,0
BRDA:60,7,1,0
BRDA:62,8,0,0
BRDA:62,8,1,0
BRDA:62,9,0,0
BRDA:62,9,1,0
BRDA:73,10,0,0
BRDA:73,10,1,0
BRDA:75,11,0,0
BRDA:75,11,1,0
BRDA:76,12,0,0
BRDA:76,12,1,0
BRDA:85,13,0,0
BRDA:85,13,1,0
BRDA:86,14,0,0
BRDA:86,14,1,0
BRF:30
BRH:0
end_of_record
TN:
SF:src\services\inventory.service.ts
FN:8,getMovements
FN:19,createMovement
FN:32,updateStock
FN:48,getStockStats
FN:60,(anonymous_4)
FN:62,(anonymous_5)
FN:73,subscribeToProducts
FNF:7
FNH:0
FNDA:0,getMovements
FNDA:0,createMovement
FNDA:0,updateStock
FNDA:0,getStockStats
FNDA:0,(anonymous_4)
FNDA:0,(anonymous_5)
FNDA:0,subscribeToProducts
DA:1,0
DA:8,0
DA:9,0
DA:13,0
DA:14,0
DA:15,0
DA:16,0
DA:19,0
DA:22,0
DA:23,0
DA:24,0
DA:25,0
DA:32,0
DA:36,0
DA:41,0
DA:48,0
DA:49,0
DA:52,0
DA:53,0
DA:55,0
DA:57,0
DA:59,0
DA:60,0
DA:61,0
DA:62,0
DA:66,0
DA:73,0
DA:76,0
LF:28
LH:0
BRDA:13,0,0,0
BRDA:13,0,1,0
BRDA:15,1,0,0
BRDA:15,1,1,0
BRDA:16,2,0,0
BRDA:16,2,1,0
BRDA:23,3,0,0
BRDA:23,3,1,0
BRDA:25,4,0,0
BRDA:25,4,1,0
BRDA:41,5,0,0
BRDA:41,5,1,0
BRDA:52,6,0,0
BRDA:52,6,1,0
BRDA:55,7,0,0
BRDA:55,7,1,0
BRDA:57,8,0,0
BRDA:57,8,1,0
BRDA:62,9,0,0
BRDA:62,9,1,0
BRDA:62,10,0,0
BRDA:62,10,1,0
BRF:22
BRH:0
end_of_record
TN:
SF:src\services\inventorySuggestions.service.ts
FN:5,getSuggestions
FN:22,createSuggestion
FN:43,approveSuggestion
FN:82,rejectSuggestion
FNF:4
FNH:0
FNDA:0,getSuggestions
FNDA:0,createSuggestion
FNDA:0,approveSuggestion
FNDA:0,rejectSuggestion
DA:1,0
DA:3,0
DA:5,0
DA:10,0
DA:14,0
DA:15,0
DA:16,0
DA:17,0
DA:18,0
DA:19,0
DA:22,0
DA:30,0
DA:38,0
DA:39,0
DA:40,0
DA:43,0
DA:61,0
DA:69,0
DA:71,0
DA:79,0
DA:82,0
DA:83,0
DA:91,0
LF:23
LH:0
BRDA:14,0,0,0
BRDA:14,0,1,0
BRDA:15,1,0,0
BRDA:15,1,1,0
BRDA:16,2,0,0
BRDA:16,2,1,0
BRDA:18,3,0,0
BRDA:18,3,1,0
BRDA:19,4,0,0
BRDA:19,4,1,0
BRDA:34,5,0,0
BRDA:34,5,1,0
BRDA:38,6,0,0
BRDA:38,6,1,0
BRDA:40,7,0,0
BRDA:40,7,1,0
BRDA:65,8,0,0
BRDA:65,8,1,0
BRDA:67,9,0,0
BRDA:67,9,1,0
BRDA:79,10,0,0
BRDA:79,10,1,0
BRDA:91,11,0,0
BRDA:91,11,1,0
BRF:24
BRH:0
end_of_record
TN:
SF:src\services\products.service.ts
FN:8,getProducts
FN:20,searchByCode
FN:28,searchProducts
FN:45,createProduct
FN:56,updateProduct
FN:72,deleteProduct
FNF:6
FNH:0
FNDA:0,getProducts
FNDA:0,searchByCode
FNDA:0,searchProducts
FNDA:0,createProduct
FNDA:0,updateProduct
FNDA:0,deleteProduct
DA:1,0
DA:8,0
DA:9,0
DA:10,0
DA:11,0
DA:12,0
DA:13,0
DA:20,0
DA:21,0
DA:22,0
DA:23,0
DA:24,0
DA:25,0
DA:28,0
DA:29,0
DA:35,0
DA:36,0
DA:37,0
DA:38,0
DA:45,0
DA:48,0
DA:49,0
DA:56,0
DA:60,0
DA:65,0
DA:72,0
DA:73,0
DA:78,0
LF:28
LH:0
BRDA:10,0,0,0
BRDA:10,0,1,0
BRDA:12,1,0,0
BRDA:12,1,1,0
BRDA:13,2,0,0
BRDA:13,2,1,0
BRDA:22,3,0,0
BRDA:22,3,1,0
BRDA:24,4,0,0
BRDA:24,4,1,0
BRDA:35,5,0,0
BRDA:35,5,1,0
BRDA:37,6,0,0
BRDA:37,6,1,0
BRDA:38,7,0,0
BRDA:38,7,1,0
BRDA:49,8,0,0
BRDA:49,8,1,0
BRDA:65,9,0,0
BRDA:65,9,1,0
BRDA:78,10,0,0
BRDA:78,10,1,0
BRF:22
BRH:0
end_of_record
TN:
SF:src\services\providerPayments.service.ts
FN:5,registerPayment
FN:10,(anonymous_1)
FN:30,getPayments
FNF:3
FNH:0
FNDA:0,registerPayment
FNDA:0,(anonymous_1)
FNDA:0,getPayments
DA:1,0
DA:3,0
DA:5,0
DA:10,0
DA:11,0
DA:19,0
DA:21,0
DA:26,0
DA:27,0
DA:30,0
DA:33,0
DA:37,0
DA:38,0
DA:39,0
DA:40,0
LF:15
LH:0
BRDA:8,0,0,0
BRDA:15,1,0,0
BRDA:15,1,1,0
BRDA:16,2,0,0
BRDA:16,2,1,0
BRDA:17,3,0,0
BRDA:17,3,1,0
BRDA:19,4,0,0
BRDA:19,4,1,0
BRDA:26,5,0,0
BRDA:26,5,1,0
BRDA:37,6,0,0
BRDA:37,6,1,0
BRDA:39,7,0,0
BRDA:39,7,1,0
BRDA:40,8,0,0
BRDA:40,8,1,0
BRF:17
BRH:0
end_of_record
TN:
SF:src\services\providers.service.ts
FN:8,getProviders
FN:20,createProvider
FN:41,updateProvider
FN:56,deleteProvider
FNF:4
FNH:0
FNDA:0,getProviders
FNDA:0,createProvider
FNDA:0,updateProvider
FNDA:0,deleteProvider
DA:1,0
DA:8,0
DA:9,0
DA:10,0
DA:11,0
DA:12,0
DA:13,0
DA:20,0
DA:23,0
DA:28,0
DA:33,0
DA:34,0
DA:41,0
DA:45,0
DA:49,0
DA:56,0
DA:57,0
DA:62,0
LF:18
LH:0
BRDA:10,0,0,0
BRDA:10,0,1,0
BRDA:12,1,0,0
BRDA:12,1,1,0
BRDA:13,2,0,0
BRDA:13,2,1,0
BRDA:25,3,0,0
BRDA:25,3,1,0
BRDA:26,4,0,0
BRDA:26,4,1,0
BRDA:33,5,0,0
BRDA:33,5,1,0
BRDA:49,6,0,0
BRDA:49,6,1,0
BRDA:62,7,0,0
BRDA:62,7,1,0
BRF:16
BRH:0
end_of_record
TN:
SF:src\services\reports.service.ts
FN:3,getSalesReport
FN:16,getSalesByDay
FN:35,getCashCutReport
FN:66,(anonymous_3)
FN:84,getInventoryReport
FNF:5
FNH:0
FNDA:0,getSalesReport
FNDA:0,getSalesByDay
FNDA:0,getCashCutReport
FNDA:0,(anonymous_3)
FNDA:0,getInventoryReport
DA:1,0
DA:3,0
DA:4,0
DA:10,0
DA:11,0
DA:12,0
DA:13,0
DA:16,0
DA:17,0
DA:23,0
DA:24,0
DA:25,0
DA:27,0
DA:28,0
DA:29,0
DA:30,0
DA:32,0
DA:35,0
DA:36,0
DA:41,0
DA:43,0
DA:48,0
DA:49,0
DA:50,0
DA:54,0
DA:55,0
DA:56,0
DA:57,0
DA:61,0
DA:66,0
DA:67,0
DA:68,0
DA:69,0
DA:70,0
DA:73,0
DA:84,0
DA:85,0
DA:91,0
DA:92,0
LF:39
LH:0
BRDA:10,0,0,0
BRDA:10,0,1,0
BRDA:12,1,0,0
BRDA:12,1,1,0
BRDA:23,2,0,0
BRDA:23,2,1,0
BRDA:25,3,0,0
BRDA:25,3,1,0
BRDA:28,4,0,0
BRDA:28,4,1,0
BRDA:30,5,0,0
BRDA:30,5,1,0
BRDA:41,6,0,0
BRDA:41,6,1,0
BRDA:54,7,0,0
BRDA:54,7,1,0
BRDA:54,8,0,0
BRDA:54,8,1,0
BRDA:54,8,2,0
BRDA:59,9,0,0
BRDA:59,9,1,0
BRDA:61,10,0,0
BRDA:61,10,1,0
BRDA:66,11,0,0
BRDA:66,11,1,0
BRDA:66,12,0,0
BRDA:66,12,1,0
BRDA:68,13,0,0
BRDA:68,13,1,0
BRDA:69,14,0,0
BRDA:69,14,1,0
BRDA:70,15,0,0
BRDA:70,15,1,0
BRDA:70,16,0,0
BRDA:70,16,1,0
BRDA:77,17,0,0
BRDA:77,17,1,0
BRDA:78,18,0,0
BRDA:78,18,1,0
BRDA:91,19,0,0
BRDA:91,19,1,0
BRF:41
BRH:0
end_of_record
TN:
SF:src\services\sales.service.ts
FN:20,createSale
FN:26,(anonymous_1)
FN:30,(anonymous_2)
FN:80,createSaleLegacy
FN:94,(anonymous_4)
FN:133,insertSaleItemsAndPayments
FN:138,(anonymous_6)
FN:148,(anonymous_7)
FN:158,(anonymous_8)
FN:161,(anonymous_9)
FN:197,getSales
FN:221,getSaleItems
FN:237,getTodaySalesTotal
FN:249,(anonymous_13)
FNF:14
FNH:0
FNDA:0,createSale
FNDA:0,(anonymous_1)
FNDA:0,(anonymous_2)
FNDA:0,createSaleLegacy
FNDA:0,(anonymous_4)
FNDA:0,insertSaleItemsAndPayments
FNDA:0,(anonymous_6)
FNDA:0,(anonymous_7)
FNDA:0,(anonymous_8)
FNDA:0,(anonymous_9)
FNDA:0,getSales
FNDA:0,getSaleItems
FNDA:0,getTodaySalesTotal
FNDA:0,(anonymous_13)
DA:1,1
DA:20,1
DA:21,0
DA:22,0
DA:25,0
DA:26,0
DA:30,0
DA:36,0
DA:43,0
DA:44,0
DA:45,0
DA:48,0
DA:54,0
DA:55,0
DA:57,0
DA:60,0
DA:66,0
DA:68,0
DA:81,0
DA:82,0
DA:87,0
DA:88,0
DA:89,0
DA:93,0
DA:94,0
DA:98,0
DA:99,0
DA:106,0
DA:108,0
DA:114,0
DA:115,0
DA:120,0
DA:121,0
DA:122,0
DA:123,0
DA:124,0
DA:126,0
DA:129,0
DA:130,0
DA:138,0
DA:146,0
DA:147,0
DA:148,0
DA:154,0
DA:157,0
DA:158,0
DA:159,0
DA:160,0
DA:161,0
DA:167,0
DA:169,0
DA:174,0
DA:178,0
DA:179,0
DA:184,0
DA:185,0
DA:197,1
DA:202,0
DA:207,0
DA:208,0
DA:209,0
DA:211,0
DA:213,0
DA:214,0
DA:221,1
DA:224,0
DA:229,0
DA:230,0
DA:237,1
DA:238,0
DA:239,0
DA:241,0
DA:246,0
DA:248,0
DA:249,0
LF:75
LH:5
BRDA:21,0,0,0
BRDA:21,0,1,0
BRDA:39,1,0,0
BRDA:39,1,1,0
BRDA:43,2,0,0
BRDA:43,2,1,0
BRDA:44,3,0,0
BRDA:44,3,1,0
BRDA:48,4,0,0
BRDA:48,4,1,0
BRDA:48,4,2,0
BRDA:48,4,3,0
BRDA:48,4,4,0
BRDA:48,4,5,0
BRDA:54,5,0,0
BRDA:54,5,1,0
BRDA:66,6,0,0
BRDA:66,6,1,0
BRDA:70,7,0,0
BRDA:70,7,1,0
BRDA:87,8,0,0
BRDA:87,8,1,0
BRDA:88,9,0,0
BRDA:88,9,1,0
BRDA:88,10,0,0
BRDA:88,10,1,0
BRDA:102,11,0,0
BRDA:102,11,1,0
BRDA:114,12,0,0
BRDA:114,12,1,0
BRDA:114,13,0,0
BRDA:114,13,1,0
BRDA:114,13,2,0
BRDA:120,14,0,0
BRDA:120,14,1,0
BRDA:123,15,0,0
BRDA:123,15,1,0
BRDA:147,16,0,0
BRDA:147,16,1,0
BRDA:157,17,0,0
BRDA:157,17,1,0
BRDA:159,18,0,0
BRDA:159,18,1,0
BRDA:159,19,0,0
BRDA:159,19,1,0
BRDA:167,20,0,0
BRDA:167,20,1,0
BRDA:167,21,0,0
BRDA:167,21,1,0
BRDA:174,22,0,0
BRDA:174,22,1,0
BRDA:174,23,0,0
BRDA:174,23,1,0
BRDA:184,24,0,0
BRDA:184,24,1,0
BRDA:207,25,0,0
BRDA:207,25,1,0
BRDA:208,26,0,0
BRDA:208,26,1,0
BRDA:209,27,0,0
BRDA:209,27,1,0
BRDA:213,28,0,0
BRDA:213,28,1,0
BRDA:214,29,0,0
BRDA:214,29,1,0
BRDA:229,30,0,0
BRDA:229,30,1,0
BRDA:230,31,0,0
BRDA:230,31,1,0
BRDA:246,32,0,0
BRDA:246,32,1,0
BRDA:248,33,0,0
BRDA:248,33,1,0
BRDA:249,34,0,0
BRDA:249,34,1,0
BRF:75
BRH:0
end_of_record
TN:
SF:src\services\users.service.ts
FN:4,getUsers
FN:13,getCurrentUserProfile
FN:26,updateUserRole
FN:37,updateUserName
FN:48,createUserProfile
FN:61,deleteUserProfile
FNF:6
FNH:0
FNDA:0,getUsers
FNDA:0,getCurrentUserProfile
FNDA:0,updateUserRole
FNDA:0,updateUserName
FNDA:0,createUserProfile
FNDA:0,deleteUserProfile
DA:1,0
DA:4,0
DA:5,0
DA:9,0
DA:10,0
DA:13,0
DA:14,0
DA:15,0
DA:17,0
DA:22,0
DA:23,0
DA:26,0
DA:30,0
DA:34,0
DA:37,0
DA:41,0
DA:45,0
DA:48,0
DA:53,0
DA:58,0
DA:61,0
DA:62,0
DA:66,0
LF:23
LH:0
BRDA:9,0,0,0
BRDA:9,0,1,0
BRDA:15,1,0,0
BRDA:15,1,1,0
BRDA:22,2,0,0
BRDA:22,2,1,0
BRDA:34,3,0,0
BRDA:34,3,1,0
BRDA:45,4,0,0
BRDA:45,4,1,0
BRDA:58,5,0,0
BRDA:58,5,1,0
BRDA:66,6,0,0
BRDA:66,6,1,0
BRF:14
BRH:0
end_of_record
TN:
SF:src\utils\downloadReport.ts
FN:4,downloadReportCSV
FN:23,(anonymous_1)
FN:58,(anonymous_2)
FNF:3
FNH:0
FNDA:0,downloadReportCSV
FNDA:0,(anonymous_1)
FNDA:0,(anonymous_2)
DA:4,0
DA:21,0
DA:22,0
DA:23,0
DA:24,0
DA:26,0
DA:27,0
DA:28,0
DA:29,0
DA:30,0
DA:31,0
DA:32,0
DA:35,0
DA:36,0
DA:39,0
DA:40,0
DA:41,0
DA:42,0
DA:43,0
DA:44,0
DA:46,0
DA:47,0
DA:48,0
DA:51,0
DA:52,0
DA:53,0
DA:54,0
DA:56,0
DA:59,0
DA:62,0
DA:73,0
DA:74,0
DA:75,0
DA:76,0
DA:77,0
DA:78,0
DA:79,0
DA:80,0
LF:38
LH:0
BRDA:52,0,0,0
BRDA:52,0,1,0
BRDA:53,1,0,0
BRDA:53,1,1,0
BRDA:54,2,0,0
BRDA:54,2,1,0
BRDA:56,3,0,0
BRDA:56,3,1,0
BRDA:56,4,0,0
BRDA:56,4,1,0
BRDA:59,5,0,0
BRDA:59,5,1,0
BRF:12
BRH:0
end_of_record
TN:
SF:src\utils\exportExcel.ts
FN:3,exportToExcel
FNF:1
FNH:0
FNDA:0,exportToExcel
DA:1,0
DA:3,0
DA:4,0
DA:5,0
DA:7,0
DA:8,0
LF:6
LH:0
BRF:0
BRH:0
end_of_record
TN:
SF:src\utils\printTicket.ts
FN:20,printTicket
FN:88,(anonymous_1)
FN:90,(anonymous_2)
FNF:3
FNH:0
FNDA:0,printTicket
FNDA:0,(anonymous_1)
FNDA:0,(anonymous_2)
DA:4,0
DA:20,0
DA:21,0
DA:22,0
DA:23,0
DA:24,0
DA:27,0
DA:28,0
DA:40,0
DA:41,0
DA:42,0
DA:43,0
DA:44,0
DA:47,0
DA:48,0
DA:49,0
DA:50,0
DA:52,0
DA:53,0
DA:54,0
DA:55,0
DA:60,0
DA:61,0
DA:62,0
DA:64,0
DA:66,0
DA:86,0
DA:88,0
DA:89,0
DA:90,0
LF:30
LH:0
BRDA:22,0,0,0
BRDA:22,0,1,0
BRDA:27,1,0,0
BRDA:27,1,1,0
BRDA:34,2,0,0
BRDA:34,2,1,0
BRDA:43,3,0,0
BRDA:43,3,1,0
BRDA:50,4,0,0
BRDA:50,4,1,0
BRDA:52,5,0,0
BRDA:52,5,1,0
BRDA:52,6,0,0
BRDA:52,6,1,0
BRDA:54,7,0,0
BRDA:54,7,1,0
BRDA:55,8,0,0
BRDA:55,8,1,0
BRF:18
BRH:0
end_of_record
